非終結語詞在文法中無用

   test


終端機在文法中未使用

   MK_DOT
   ERROR


規則在文法中無用

  111 test: assign_expr


狀態 201 衝突：1 項偏移/縮減


文法

    0 $accept: program $end

    1 program: global_decl_list
    2        | %empty

    3 global_decl_list: global_decl_list global_decl
    4                 | global_decl

    5 global_decl: decl_list function_decl
    6            | function_decl

    7 function_decl: type ID MK_LPAREN param_list MK_RPAREN MK_LBRACE block MK_RBRACE
    8              | VOID ID MK_LPAREN param_list MK_RPAREN MK_LBRACE block MK_RBRACE
    9              | type ID MK_LPAREN MK_RPAREN MK_LBRACE block MK_RBRACE
   10              | VOID ID MK_LPAREN MK_RPAREN MK_LBRACE block MK_RBRACE

   11 param_list: param_list MK_COMMA param
   12           | param

   13 param: type ID
   14      | type ID dim_fn

   15 dim_fn: MK_LB expr_null MK_RB
   16       | dim_fn MK_LB expr MK_RB

   17 expr_null: expr
   18          | %empty

   19 block: decl_list stmt_list
   20      | stmt_list
   21      | decl_list
   22      | %empty

   23 decl_list: decl_list decl
   24          | decl

   25 decl: type_decl
   26     | var_decl

   27 type_decl: TYPEDEF type id_list MK_SEMICOLON
   28          | TYPEDEF VOID id_list MK_SEMICOLON

   29 var_decl: type init_id_list MK_SEMICOLON
   30         | ID id_list MK_SEMICOLON

   31 type: INT
   32     | FLOAT

   33 id_list: ID
   34        | id_list MK_COMMA ID
   35        | id_list MK_COMMA ID dim_decl
   36        | ID dim_decl

   37 dim_decl: MK_LB cexpr MK_RB
   38         | MK_LB cexpr MK_RB dim_decl

   39 cexpr: cexpr OP_PLUS mcexpr
   40      | cexpr OP_MINUS mcexpr
   41      | mcexpr

   42 mcexpr: mcexpr OP_TIMES cfactor
   43       | mcexpr OP_DIVIDE cfactor
   44       | cfactor

   45 cfactor: CONST
   46        | MK_LPAREN cexpr MK_RPAREN

   47 init_id_list: init_id
   48             | init_id_list MK_COMMA init_id

   49 init_id: ID
   50        | ID dim_decl
   51        | ID OP_ASSIGN relop_expr

   52 stmt_list: stmt_list stmt
   53          | stmt

   54 stmt: MK_LBRACE block MK_RBRACE
   55     | WHILE MK_LPAREN relop_factor MK_RPAREN stmt
   56     | FOR MK_LPAREN assign_expr_list MK_SEMICOLON relop_expr_list MK_SEMICOLON assign_expr_list MK_RPAREN stmt
   57     | var_ref OP_ASSIGN relop_expr MK_SEMICOLON
   58     | IF MK_LPAREN relop_factor MK_RPAREN stmt else_if_list
   59     | ID MK_LPAREN relop_expr_list MK_RPAREN MK_SEMICOLON
   60     | MK_SEMICOLON
   61     | RETURN MK_SEMICOLON
   62     | RETURN relop_expr MK_SEMICOLON

   63 else_if_list: ELSE stmt
   64             | %empty

   65 assign_expr_list: nonempty_assign_expr_list
   66                 | %empty

   67 nonempty_assign_expr_list: nonempty_assign_expr_list MK_COMMA assign_expr
   68                          | assign_expr

   69 assign_expr: ID OP_ASSIGN relop_expr
   70            | relop_expr

   71 relop_expr: relop_term
   72           | relop_expr OP_OR relop_term

   73 relop_term: relop_factor
   74           | relop_term OP_AND relop_factor

   75 relop_factor: expr
   76             | expr rel_op expr

   77 rel_op: OP_EQ
   78       | OP_GE
   79       | OP_LE
   80       | OP_NE
   81       | OP_GT
   82       | OP_LT

   83 relop_expr_list: nonempty_relop_expr_list
   84                | %empty

   85 nonempty_relop_expr_list: nonempty_relop_expr_list MK_COMMA relop_expr
   86                         | relop_expr

   87 expr: expr add_op term
   88     | term

   89 add_op: OP_PLUS
   90       | OP_MINUS

   91 term: term mul_op factor
   92     | factor

   93 mul_op: OP_TIMES
   94       | OP_DIVIDE

   95 factor: MK_LPAREN relop_expr MK_RPAREN
   96       | OP_MINUS MK_LPAREN relop_expr MK_RPAREN
   97       | OP_NOT MK_LPAREN relop_expr MK_RPAREN
   98       | CONST
   99       | OP_MINUS CONST
  100       | OP_NOT CONST
  101       | ID MK_LPAREN relop_expr_list MK_RPAREN
  102       | OP_MINUS ID MK_LPAREN relop_expr_list MK_RPAREN
  103       | OP_NOT ID MK_LPAREN relop_expr_list MK_RPAREN
  104       | var_ref
  105       | OP_MINUS var_ref
  106       | OP_NOT var_ref

  107 var_ref: ID
  108        | ID dim_list

  109 dim_list: dim_list MK_LB expr MK_RB
  110         | MK_LB expr MK_RB


終結語詞，附有它們出現處的規則

$end (0) 0
error (256)
ID (258) 7 8 9 10 13 14 30 33 34 35 36 49 50 51 59 69 101 102 103 107
    108
CONST (259) 45 98 99 100
VOID (260) 8 10 28
INT (261) 31
FLOAT (262) 32
IF (263) 58
ELSE (264) 63
WHILE (265) 55
FOR (266) 56
TYPEDEF (267) 27 28
OP_ASSIGN (268) 51 57 69
OP_OR (269) 72
OP_AND (270) 74
OP_NOT (271) 97 100 103 106
OP_EQ (272) 77
OP_NE (273) 80
OP_GT (274) 81
OP_LT (275) 82
OP_GE (276) 78
OP_LE (277) 79
OP_PLUS (278) 39 89
OP_MINUS (279) 40 90 96 99 102 105
OP_TIMES (280) 42 93
OP_DIVIDE (281) 43 94
MK_LB (282) 15 16 37 38 109 110
MK_RB (283) 15 16 37 38 109 110
MK_LPAREN (284) 7 8 9 10 46 55 56 58 59 95 96 97 101 102 103
MK_RPAREN (285) 7 8 9 10 46 55 56 58 59 95 96 97 101 102 103
MK_LBRACE (286) 7 8 9 10 54
MK_RBRACE (287) 7 8 9 10 54
MK_COMMA (288) 11 34 35 48 67 85
MK_SEMICOLON (289) 27 28 29 30 56 57 59 60 61 62
MK_DOT (290)
ERROR (291)
RETURN (292) 61 62


非終結語詞，附有它們出現處的規則

$accept (38)
    於左側： 0
program (39)
    於左側： 1 2, 於右側： 0
global_decl_list (40)
    於左側： 3 4, 於右側： 1 3
global_decl (41)
    於左側： 5 6, 於右側： 3 4
function_decl (42)
    於左側： 7 8 9 10, 於右側： 5 6
param_list (43)
    於左側： 11 12, 於右側： 7 8 11
param (44)
    於左側： 13 14, 於右側： 11 12
dim_fn (45)
    於左側： 15 16, 於右側： 14 16
expr_null (46)
    於左側： 17 18, 於右側： 15
block (47)
    於左側： 19 20 21 22, 於右側： 7 8 9 10 54
decl_list (48)
    於左側： 23 24, 於右側： 5 19 21 23
decl (49)
    於左側： 25 26, 於右側： 23 24
type_decl (50)
    於左側： 27 28, 於右側： 25
var_decl (51)
    於左側： 29 30, 於右側： 26
type (52)
    於左側： 31 32, 於右側： 7 9 13 14 27 29
id_list (53)
    於左側： 33 34 35 36, 於右側： 27 28 30 34 35
dim_decl (54)
    於左側： 37 38, 於右側： 35 36 38 50
cexpr (55)
    於左側： 39 40 41, 於右側： 37 38 39 40 46
mcexpr (56)
    於左側： 42 43 44, 於右側： 39 40 41 42 43
cfactor (57)
    於左側： 45 46, 於右側： 42 43 44
init_id_list (58)
    於左側： 47 48, 於右側： 29 48
init_id (59)
    於左側： 49 50 51, 於右側： 47 48
stmt_list (60)
    於左側： 52 53, 於右側： 19 20 52
stmt (61)
    於左側： 54 55 56 57 58 59 60 61 62, 於右側： 52 53 55
    56 58 63
else_if_list (62)
    於左側： 63 64, 於右側： 58
assign_expr_list (63)
    於左側： 65 66, 於右側： 56
nonempty_assign_expr_list (64)
    於左側： 67 68, 於右側： 65 67
assign_expr (65)
    於左側： 69 70, 於右側： 67 68
relop_expr (66)
    於左側： 71 72, 於右側： 51 57 62 69 70 72 85 86 95 96
    97
relop_term (67)
    於左側： 73 74, 於右側： 71 72 74
relop_factor (68)
    於左側： 75 76, 於右側： 55 58 73 74
rel_op (69)
    於左側： 77 78 79 80 81 82, 於右側： 76
relop_expr_list (70)
    於左側： 83 84, 於右側： 56 59 101 102 103
nonempty_relop_expr_list (71)
    於左側： 85 86, 於右側： 83 85
expr (72)
    於左側： 87 88, 於右側： 16 17 75 76 87 109 110
add_op (73)
    於左側： 89 90, 於右側： 87
term (74)
    於左側： 91 92, 於右側： 87 88 91
mul_op (75)
    於左側： 93 94, 於右側： 91
factor (76)
    於左側： 95 96 97 98 99 100 101 102 103 104 105 106, 於右側：
    91 92
var_ref (77)
    於左側： 107 108, 於右側： 57 104 105 106
dim_list (78)
    於左側： 109 110, 於右側： 108 109


狀態 0

    0 $accept: . program $end

    ID       偏移，並進入狀態 1
    VOID     偏移，並進入狀態 2
    INT      偏移，並進入狀態 3
    FLOAT    偏移，並進入狀態 4
    TYPEDEF  偏移，並進入狀態 5

    $預設  使用規則 2 以縮減 (program)

    program           進入狀態 6
    global_decl_list  進入狀態 7
    global_decl       進入狀態 8
    function_decl     進入狀態 9
    decl_list         進入狀態 10
    decl              進入狀態 11
    type_decl         進入狀態 12
    var_decl          進入狀態 13
    type              進入狀態 14


狀態 1

   30 var_decl: ID . id_list MK_SEMICOLON

    ID  偏移，並進入狀態 15

    id_list  進入狀態 16


狀態 2

    8 function_decl: VOID . ID MK_LPAREN param_list MK_RPAREN MK_LBRACE block MK_RBRACE
   10              | VOID . ID MK_LPAREN MK_RPAREN MK_LBRACE block MK_RBRACE

    ID  偏移，並進入狀態 17


狀態 3

   31 type: INT .

    $預設  使用規則 31 以縮減 (type)


狀態 4

   32 type: FLOAT .

    $預設  使用規則 32 以縮減 (type)


狀態 5

   27 type_decl: TYPEDEF . type id_list MK_SEMICOLON
   28          | TYPEDEF . VOID id_list MK_SEMICOLON

    VOID   偏移，並進入狀態 18
    INT    偏移，並進入狀態 3
    FLOAT  偏移，並進入狀態 4

    type  進入狀態 19


狀態 6

    0 $accept: program . $end

    $end  偏移，並進入狀態 20


狀態 7

    1 program: global_decl_list .
    3 global_decl_list: global_decl_list . global_decl

    ID       偏移，並進入狀態 1
    VOID     偏移，並進入狀態 2
    INT      偏移，並進入狀態 3
    FLOAT    偏移，並進入狀態 4
    TYPEDEF  偏移，並進入狀態 5

    $預設  使用規則 1 以縮減 (program)

    global_decl    進入狀態 21
    function_decl  進入狀態 9
    decl_list      進入狀態 10
    decl           進入狀態 11
    type_decl      進入狀態 12
    var_decl       進入狀態 13
    type           進入狀態 14


狀態 8

    4 global_decl_list: global_decl .

    $預設  使用規則 4 以縮減 (global_decl_list)


狀態 9

    6 global_decl: function_decl .

    $預設  使用規則 6 以縮減 (global_decl)


狀態 10

    5 global_decl: decl_list . function_decl
   23 decl_list: decl_list . decl

    ID       偏移，並進入狀態 1
    VOID     偏移，並進入狀態 2
    INT      偏移，並進入狀態 3
    FLOAT    偏移，並進入狀態 4
    TYPEDEF  偏移，並進入狀態 5

    function_decl  進入狀態 22
    decl           進入狀態 23
    type_decl      進入狀態 12
    var_decl       進入狀態 13
    type           進入狀態 14


狀態 11

   24 decl_list: decl .

    $預設  使用規則 24 以縮減 (decl_list)


狀態 12

   25 decl: type_decl .

    $預設  使用規則 25 以縮減 (decl)


狀態 13

   26 decl: var_decl .

    $預設  使用規則 26 以縮減 (decl)


狀態 14

    7 function_decl: type . ID MK_LPAREN param_list MK_RPAREN MK_LBRACE block MK_RBRACE
    9              | type . ID MK_LPAREN MK_RPAREN MK_LBRACE block MK_RBRACE
   29 var_decl: type . init_id_list MK_SEMICOLON

    ID  偏移，並進入狀態 24

    init_id_list  進入狀態 25
    init_id       進入狀態 26


狀態 15

   33 id_list: ID .
   36        | ID . dim_decl

    MK_LB  偏移，並進入狀態 27

    $預設  使用規則 33 以縮減 (id_list)

    dim_decl  進入狀態 28


狀態 16

   30 var_decl: ID id_list . MK_SEMICOLON
   34 id_list: id_list . MK_COMMA ID
   35        | id_list . MK_COMMA ID dim_decl

    MK_COMMA      偏移，並進入狀態 29
    MK_SEMICOLON  偏移，並進入狀態 30


狀態 17

    8 function_decl: VOID ID . MK_LPAREN param_list MK_RPAREN MK_LBRACE block MK_RBRACE
   10              | VOID ID . MK_LPAREN MK_RPAREN MK_LBRACE block MK_RBRACE

    MK_LPAREN  偏移，並進入狀態 31


狀態 18

   28 type_decl: TYPEDEF VOID . id_list MK_SEMICOLON

    ID  偏移，並進入狀態 15

    id_list  進入狀態 32


狀態 19

   27 type_decl: TYPEDEF type . id_list MK_SEMICOLON

    ID  偏移，並進入狀態 15

    id_list  進入狀態 33


狀態 20

    0 $accept: program $end .

    $預設  接受


狀態 21

    3 global_decl_list: global_decl_list global_decl .

    $預設  使用規則 3 以縮減 (global_decl_list)


狀態 22

    5 global_decl: decl_list function_decl .

    $預設  使用規則 5 以縮減 (global_decl)


狀態 23

   23 decl_list: decl_list decl .

    $預設  使用規則 23 以縮減 (decl_list)


狀態 24

    7 function_decl: type ID . MK_LPAREN param_list MK_RPAREN MK_LBRACE block MK_RBRACE
    9              | type ID . MK_LPAREN MK_RPAREN MK_LBRACE block MK_RBRACE
   49 init_id: ID .
   50        | ID . dim_decl
   51        | ID . OP_ASSIGN relop_expr

    OP_ASSIGN  偏移，並進入狀態 34
    MK_LB      偏移，並進入狀態 27
    MK_LPAREN  偏移，並進入狀態 35

    $預設  使用規則 49 以縮減 (init_id)

    dim_decl  進入狀態 36


狀態 25

   29 var_decl: type init_id_list . MK_SEMICOLON
   48 init_id_list: init_id_list . MK_COMMA init_id

    MK_COMMA      偏移，並進入狀態 37
    MK_SEMICOLON  偏移，並進入狀態 38


狀態 26

   47 init_id_list: init_id .

    $預設  使用規則 47 以縮減 (init_id_list)


狀態 27

   37 dim_decl: MK_LB . cexpr MK_RB
   38         | MK_LB . cexpr MK_RB dim_decl

    CONST      偏移，並進入狀態 39
    MK_LPAREN  偏移，並進入狀態 40

    cexpr    進入狀態 41
    mcexpr   進入狀態 42
    cfactor  進入狀態 43


狀態 28

   36 id_list: ID dim_decl .

    $預設  使用規則 36 以縮減 (id_list)


狀態 29

   34 id_list: id_list MK_COMMA . ID
   35        | id_list MK_COMMA . ID dim_decl

    ID  偏移，並進入狀態 44


狀態 30

   30 var_decl: ID id_list MK_SEMICOLON .

    $預設  使用規則 30 以縮減 (var_decl)


狀態 31

    8 function_decl: VOID ID MK_LPAREN . param_list MK_RPAREN MK_LBRACE block MK_RBRACE
   10              | VOID ID MK_LPAREN . MK_RPAREN MK_LBRACE block MK_RBRACE

    INT        偏移，並進入狀態 3
    FLOAT      偏移，並進入狀態 4
    MK_RPAREN  偏移，並進入狀態 45

    param_list  進入狀態 46
    param       進入狀態 47
    type        進入狀態 48


狀態 32

   28 type_decl: TYPEDEF VOID id_list . MK_SEMICOLON
   34 id_list: id_list . MK_COMMA ID
   35        | id_list . MK_COMMA ID dim_decl

    MK_COMMA      偏移，並進入狀態 29
    MK_SEMICOLON  偏移，並進入狀態 49


狀態 33

   27 type_decl: TYPEDEF type id_list . MK_SEMICOLON
   34 id_list: id_list . MK_COMMA ID
   35        | id_list . MK_COMMA ID dim_decl

    MK_COMMA      偏移，並進入狀態 29
    MK_SEMICOLON  偏移，並進入狀態 50


狀態 34

   51 init_id: ID OP_ASSIGN . relop_expr

    ID         偏移，並進入狀態 51
    CONST      偏移，並進入狀態 52
    OP_NOT     偏移，並進入狀態 53
    OP_MINUS   偏移，並進入狀態 54
    MK_LPAREN  偏移，並進入狀態 55

    relop_expr    進入狀態 56
    relop_term    進入狀態 57
    relop_factor  進入狀態 58
    expr          進入狀態 59
    term          進入狀態 60
    factor        進入狀態 61
    var_ref       進入狀態 62


狀態 35

    7 function_decl: type ID MK_LPAREN . param_list MK_RPAREN MK_LBRACE block MK_RBRACE
    9              | type ID MK_LPAREN . MK_RPAREN MK_LBRACE block MK_RBRACE

    INT        偏移，並進入狀態 3
    FLOAT      偏移，並進入狀態 4
    MK_RPAREN  偏移，並進入狀態 63

    param_list  進入狀態 64
    param       進入狀態 47
    type        進入狀態 48


狀態 36

   50 init_id: ID dim_decl .

    $預設  使用規則 50 以縮減 (init_id)


狀態 37

   48 init_id_list: init_id_list MK_COMMA . init_id

    ID  偏移，並進入狀態 65

    init_id  進入狀態 66


狀態 38

   29 var_decl: type init_id_list MK_SEMICOLON .

    $預設  使用規則 29 以縮減 (var_decl)


狀態 39

   45 cfactor: CONST .

    $預設  使用規則 45 以縮減 (cfactor)


狀態 40

   46 cfactor: MK_LPAREN . cexpr MK_RPAREN

    CONST      偏移，並進入狀態 39
    MK_LPAREN  偏移，並進入狀態 40

    cexpr    進入狀態 67
    mcexpr   進入狀態 42
    cfactor  進入狀態 43


狀態 41

   37 dim_decl: MK_LB cexpr . MK_RB
   38         | MK_LB cexpr . MK_RB dim_decl
   39 cexpr: cexpr . OP_PLUS mcexpr
   40      | cexpr . OP_MINUS mcexpr

    OP_PLUS   偏移，並進入狀態 68
    OP_MINUS  偏移，並進入狀態 69
    MK_RB     偏移，並進入狀態 70


狀態 42

   41 cexpr: mcexpr .
   42 mcexpr: mcexpr . OP_TIMES cfactor
   43       | mcexpr . OP_DIVIDE cfactor

    OP_TIMES   偏移，並進入狀態 71
    OP_DIVIDE  偏移，並進入狀態 72

    $預設  使用規則 41 以縮減 (cexpr)


狀態 43

   44 mcexpr: cfactor .

    $預設  使用規則 44 以縮減 (mcexpr)


狀態 44

   34 id_list: id_list MK_COMMA ID .
   35        | id_list MK_COMMA ID . dim_decl

    MK_LB  偏移，並進入狀態 27

    $預設  使用規則 34 以縮減 (id_list)

    dim_decl  進入狀態 73


狀態 45

   10 function_decl: VOID ID MK_LPAREN MK_RPAREN . MK_LBRACE block MK_RBRACE

    MK_LBRACE  偏移，並進入狀態 74


狀態 46

    8 function_decl: VOID ID MK_LPAREN param_list . MK_RPAREN MK_LBRACE block MK_RBRACE
   11 param_list: param_list . MK_COMMA param

    MK_RPAREN  偏移，並進入狀態 75
    MK_COMMA   偏移，並進入狀態 76


狀態 47

   12 param_list: param .

    $預設  使用規則 12 以縮減 (param_list)


狀態 48

   13 param: type . ID
   14      | type . ID dim_fn

    ID  偏移，並進入狀態 77


狀態 49

   28 type_decl: TYPEDEF VOID id_list MK_SEMICOLON .

    $預設  使用規則 28 以縮減 (type_decl)


狀態 50

   27 type_decl: TYPEDEF type id_list MK_SEMICOLON .

    $預設  使用規則 27 以縮減 (type_decl)


狀態 51

  101 factor: ID . MK_LPAREN relop_expr_list MK_RPAREN
  107 var_ref: ID .
  108        | ID . dim_list

    MK_LB      偏移，並進入狀態 78
    MK_LPAREN  偏移，並進入狀態 79

    $預設  使用規則 107 以縮減 (var_ref)

    dim_list  進入狀態 80


狀態 52

   98 factor: CONST .

    $預設  使用規則 98 以縮減 (factor)


狀態 53

   97 factor: OP_NOT . MK_LPAREN relop_expr MK_RPAREN
  100       | OP_NOT . CONST
  103       | OP_NOT . ID MK_LPAREN relop_expr_list MK_RPAREN
  106       | OP_NOT . var_ref

    ID         偏移，並進入狀態 81
    CONST      偏移，並進入狀態 82
    MK_LPAREN  偏移，並進入狀態 83

    var_ref  進入狀態 84


狀態 54

   96 factor: OP_MINUS . MK_LPAREN relop_expr MK_RPAREN
   99       | OP_MINUS . CONST
  102       | OP_MINUS . ID MK_LPAREN relop_expr_list MK_RPAREN
  105       | OP_MINUS . var_ref

    ID         偏移，並進入狀態 85
    CONST      偏移，並進入狀態 86
    MK_LPAREN  偏移，並進入狀態 87

    var_ref  進入狀態 88


狀態 55

   95 factor: MK_LPAREN . relop_expr MK_RPAREN

    ID         偏移，並進入狀態 51
    CONST      偏移，並進入狀態 52
    OP_NOT     偏移，並進入狀態 53
    OP_MINUS   偏移，並進入狀態 54
    MK_LPAREN  偏移，並進入狀態 55

    relop_expr    進入狀態 89
    relop_term    進入狀態 57
    relop_factor  進入狀態 58
    expr          進入狀態 59
    term          進入狀態 60
    factor        進入狀態 61
    var_ref       進入狀態 62


狀態 56

   51 init_id: ID OP_ASSIGN relop_expr .
   72 relop_expr: relop_expr . OP_OR relop_term

    OP_OR  偏移，並進入狀態 90

    $預設  使用規則 51 以縮減 (init_id)


狀態 57

   71 relop_expr: relop_term .
   74 relop_term: relop_term . OP_AND relop_factor

    OP_AND  偏移，並進入狀態 91

    $預設  使用規則 71 以縮減 (relop_expr)


狀態 58

   73 relop_term: relop_factor .

    $預設  使用規則 73 以縮減 (relop_term)


狀態 59

   75 relop_factor: expr .
   76             | expr . rel_op expr
   87 expr: expr . add_op term

    OP_EQ     偏移，並進入狀態 92
    OP_NE     偏移，並進入狀態 93
    OP_GT     偏移，並進入狀態 94
    OP_LT     偏移，並進入狀態 95
    OP_GE     偏移，並進入狀態 96
    OP_LE     偏移，並進入狀態 97
    OP_PLUS   偏移，並進入狀態 98
    OP_MINUS  偏移，並進入狀態 99

    $預設  使用規則 75 以縮減 (relop_factor)

    rel_op  進入狀態 100
    add_op  進入狀態 101


狀態 60

   88 expr: term .
   91 term: term . mul_op factor

    OP_TIMES   偏移，並進入狀態 102
    OP_DIVIDE  偏移，並進入狀態 103

    $預設  使用規則 88 以縮減 (expr)

    mul_op  進入狀態 104


狀態 61

   92 term: factor .

    $預設  使用規則 92 以縮減 (term)


狀態 62

  104 factor: var_ref .

    $預設  使用規則 104 以縮減 (factor)


狀態 63

    9 function_decl: type ID MK_LPAREN MK_RPAREN . MK_LBRACE block MK_RBRACE

    MK_LBRACE  偏移，並進入狀態 105


狀態 64

    7 function_decl: type ID MK_LPAREN param_list . MK_RPAREN MK_LBRACE block MK_RBRACE
   11 param_list: param_list . MK_COMMA param

    MK_RPAREN  偏移，並進入狀態 106
    MK_COMMA   偏移，並進入狀態 76


狀態 65

   49 init_id: ID .
   50        | ID . dim_decl
   51        | ID . OP_ASSIGN relop_expr

    OP_ASSIGN  偏移，並進入狀態 34
    MK_LB      偏移，並進入狀態 27

    $預設  使用規則 49 以縮減 (init_id)

    dim_decl  進入狀態 36


狀態 66

   48 init_id_list: init_id_list MK_COMMA init_id .

    $預設  使用規則 48 以縮減 (init_id_list)


狀態 67

   39 cexpr: cexpr . OP_PLUS mcexpr
   40      | cexpr . OP_MINUS mcexpr
   46 cfactor: MK_LPAREN cexpr . MK_RPAREN

    OP_PLUS    偏移，並進入狀態 68
    OP_MINUS   偏移，並進入狀態 69
    MK_RPAREN  偏移，並進入狀態 107


狀態 68

   39 cexpr: cexpr OP_PLUS . mcexpr

    CONST      偏移，並進入狀態 39
    MK_LPAREN  偏移，並進入狀態 40

    mcexpr   進入狀態 108
    cfactor  進入狀態 43


狀態 69

   40 cexpr: cexpr OP_MINUS . mcexpr

    CONST      偏移，並進入狀態 39
    MK_LPAREN  偏移，並進入狀態 40

    mcexpr   進入狀態 109
    cfactor  進入狀態 43


狀態 70

   37 dim_decl: MK_LB cexpr MK_RB .
   38         | MK_LB cexpr MK_RB . dim_decl

    MK_LB  偏移，並進入狀態 27

    $預設  使用規則 37 以縮減 (dim_decl)

    dim_decl  進入狀態 110


狀態 71

   42 mcexpr: mcexpr OP_TIMES . cfactor

    CONST      偏移，並進入狀態 39
    MK_LPAREN  偏移，並進入狀態 40

    cfactor  進入狀態 111


狀態 72

   43 mcexpr: mcexpr OP_DIVIDE . cfactor

    CONST      偏移，並進入狀態 39
    MK_LPAREN  偏移，並進入狀態 40

    cfactor  進入狀態 112


狀態 73

   35 id_list: id_list MK_COMMA ID dim_decl .

    $預設  使用規則 35 以縮減 (id_list)


狀態 74

   10 function_decl: VOID ID MK_LPAREN MK_RPAREN MK_LBRACE . block MK_RBRACE

    ID            偏移，並進入狀態 113
    INT           偏移，並進入狀態 3
    FLOAT         偏移，並進入狀態 4
    IF            偏移，並進入狀態 114
    WHILE         偏移，並進入狀態 115
    FOR           偏移，並進入狀態 116
    TYPEDEF       偏移，並進入狀態 5
    MK_LBRACE     偏移，並進入狀態 117
    MK_SEMICOLON  偏移，並進入狀態 118
    RETURN        偏移，並進入狀態 119

    $預設  使用規則 22 以縮減 (block)

    block      進入狀態 120
    decl_list  進入狀態 121
    decl       進入狀態 11
    type_decl  進入狀態 12
    var_decl   進入狀態 13
    type       進入狀態 122
    stmt_list  進入狀態 123
    stmt       進入狀態 124
    var_ref    進入狀態 125


狀態 75

    8 function_decl: VOID ID MK_LPAREN param_list MK_RPAREN . MK_LBRACE block MK_RBRACE

    MK_LBRACE  偏移，並進入狀態 126


狀態 76

   11 param_list: param_list MK_COMMA . param

    INT    偏移，並進入狀態 3
    FLOAT  偏移，並進入狀態 4

    param  進入狀態 127
    type   進入狀態 48


狀態 77

   13 param: type ID .
   14      | type ID . dim_fn

    MK_LB  偏移，並進入狀態 128

    $預設  使用規則 13 以縮減 (param)

    dim_fn  進入狀態 129


狀態 78

  110 dim_list: MK_LB . expr MK_RB

    ID         偏移，並進入狀態 51
    CONST      偏移，並進入狀態 52
    OP_NOT     偏移，並進入狀態 53
    OP_MINUS   偏移，並進入狀態 54
    MK_LPAREN  偏移，並進入狀態 55

    expr     進入狀態 130
    term     進入狀態 60
    factor   進入狀態 61
    var_ref  進入狀態 62


狀態 79

  101 factor: ID MK_LPAREN . relop_expr_list MK_RPAREN

    ID         偏移，並進入狀態 51
    CONST      偏移，並進入狀態 52
    OP_NOT     偏移，並進入狀態 53
    OP_MINUS   偏移，並進入狀態 54
    MK_LPAREN  偏移，並進入狀態 55

    $預設  使用規則 84 以縮減 (relop_expr_list)

    relop_expr                進入狀態 131
    relop_term                進入狀態 57
    relop_factor              進入狀態 58
    relop_expr_list           進入狀態 132
    nonempty_relop_expr_list  進入狀態 133
    expr                      進入狀態 59
    term                      進入狀態 60
    factor                    進入狀態 61
    var_ref                   進入狀態 62


狀態 80

  108 var_ref: ID dim_list .
  109 dim_list: dim_list . MK_LB expr MK_RB

    MK_LB  偏移，並進入狀態 134

    $預設  使用規則 108 以縮減 (var_ref)


狀態 81

  103 factor: OP_NOT ID . MK_LPAREN relop_expr_list MK_RPAREN
  107 var_ref: ID .
  108        | ID . dim_list

    MK_LB      偏移，並進入狀態 78
    MK_LPAREN  偏移，並進入狀態 135

    $預設  使用規則 107 以縮減 (var_ref)

    dim_list  進入狀態 80


狀態 82

  100 factor: OP_NOT CONST .

    $預設  使用規則 100 以縮減 (factor)


狀態 83

   97 factor: OP_NOT MK_LPAREN . relop_expr MK_RPAREN

    ID         偏移，並進入狀態 51
    CONST      偏移，並進入狀態 52
    OP_NOT     偏移，並進入狀態 53
    OP_MINUS   偏移，並進入狀態 54
    MK_LPAREN  偏移，並進入狀態 55

    relop_expr    進入狀態 136
    relop_term    進入狀態 57
    relop_factor  進入狀態 58
    expr          進入狀態 59
    term          進入狀態 60
    factor        進入狀態 61
    var_ref       進入狀態 62


狀態 84

  106 factor: OP_NOT var_ref .

    $預設  使用規則 106 以縮減 (factor)


狀態 85

  102 factor: OP_MINUS ID . MK_LPAREN relop_expr_list MK_RPAREN
  107 var_ref: ID .
  108        | ID . dim_list

    MK_LB      偏移，並進入狀態 78
    MK_LPAREN  偏移，並進入狀態 137

    $預設  使用規則 107 以縮減 (var_ref)

    dim_list  進入狀態 80


狀態 86

   99 factor: OP_MINUS CONST .

    $預設  使用規則 99 以縮減 (factor)


狀態 87

   96 factor: OP_MINUS MK_LPAREN . relop_expr MK_RPAREN

    ID         偏移，並進入狀態 51
    CONST      偏移，並進入狀態 52
    OP_NOT     偏移，並進入狀態 53
    OP_MINUS   偏移，並進入狀態 54
    MK_LPAREN  偏移，並進入狀態 55

    relop_expr    進入狀態 138
    relop_term    進入狀態 57
    relop_factor  進入狀態 58
    expr          進入狀態 59
    term          進入狀態 60
    factor        進入狀態 61
    var_ref       進入狀態 62


狀態 88

  105 factor: OP_MINUS var_ref .

    $預設  使用規則 105 以縮減 (factor)


狀態 89

   72 relop_expr: relop_expr . OP_OR relop_term
   95 factor: MK_LPAREN relop_expr . MK_RPAREN

    OP_OR      偏移，並進入狀態 90
    MK_RPAREN  偏移，並進入狀態 139


狀態 90

   72 relop_expr: relop_expr OP_OR . relop_term

    ID         偏移，並進入狀態 51
    CONST      偏移，並進入狀態 52
    OP_NOT     偏移，並進入狀態 53
    OP_MINUS   偏移，並進入狀態 54
    MK_LPAREN  偏移，並進入狀態 55

    relop_term    進入狀態 140
    relop_factor  進入狀態 58
    expr          進入狀態 59
    term          進入狀態 60
    factor        進入狀態 61
    var_ref       進入狀態 62


狀態 91

   74 relop_term: relop_term OP_AND . relop_factor

    ID         偏移，並進入狀態 51
    CONST      偏移，並進入狀態 52
    OP_NOT     偏移，並進入狀態 53
    OP_MINUS   偏移，並進入狀態 54
    MK_LPAREN  偏移，並進入狀態 55

    relop_factor  進入狀態 141
    expr          進入狀態 59
    term          進入狀態 60
    factor        進入狀態 61
    var_ref       進入狀態 62


狀態 92

   77 rel_op: OP_EQ .

    $預設  使用規則 77 以縮減 (rel_op)


狀態 93

   80 rel_op: OP_NE .

    $預設  使用規則 80 以縮減 (rel_op)


狀態 94

   81 rel_op: OP_GT .

    $預設  使用規則 81 以縮減 (rel_op)


狀態 95

   82 rel_op: OP_LT .

    $預設  使用規則 82 以縮減 (rel_op)


狀態 96

   78 rel_op: OP_GE .

    $預設  使用規則 78 以縮減 (rel_op)


狀態 97

   79 rel_op: OP_LE .

    $預設  使用規則 79 以縮減 (rel_op)


狀態 98

   89 add_op: OP_PLUS .

    $預設  使用規則 89 以縮減 (add_op)


狀態 99

   90 add_op: OP_MINUS .

    $預設  使用規則 90 以縮減 (add_op)


狀態 100

   76 relop_factor: expr rel_op . expr

    ID         偏移，並進入狀態 51
    CONST      偏移，並進入狀態 52
    OP_NOT     偏移，並進入狀態 53
    OP_MINUS   偏移，並進入狀態 54
    MK_LPAREN  偏移，並進入狀態 55

    expr     進入狀態 142
    term     進入狀態 60
    factor   進入狀態 61
    var_ref  進入狀態 62


狀態 101

   87 expr: expr add_op . term

    ID         偏移，並進入狀態 51
    CONST      偏移，並進入狀態 52
    OP_NOT     偏移，並進入狀態 53
    OP_MINUS   偏移，並進入狀態 54
    MK_LPAREN  偏移，並進入狀態 55

    term     進入狀態 143
    factor   進入狀態 61
    var_ref  進入狀態 62


狀態 102

   93 mul_op: OP_TIMES .

    $預設  使用規則 93 以縮減 (mul_op)


狀態 103

   94 mul_op: OP_DIVIDE .

    $預設  使用規則 94 以縮減 (mul_op)


狀態 104

   91 term: term mul_op . factor

    ID         偏移，並進入狀態 51
    CONST      偏移，並進入狀態 52
    OP_NOT     偏移，並進入狀態 53
    OP_MINUS   偏移，並進入狀態 54
    MK_LPAREN  偏移，並進入狀態 55

    factor   進入狀態 144
    var_ref  進入狀態 62


狀態 105

    9 function_decl: type ID MK_LPAREN MK_RPAREN MK_LBRACE . block MK_RBRACE

    ID            偏移，並進入狀態 113
    INT           偏移，並進入狀態 3
    FLOAT         偏移，並進入狀態 4
    IF            偏移，並進入狀態 114
    WHILE         偏移，並進入狀態 115
    FOR           偏移，並進入狀態 116
    TYPEDEF       偏移，並進入狀態 5
    MK_LBRACE     偏移，並進入狀態 117
    MK_SEMICOLON  偏移，並進入狀態 118
    RETURN        偏移，並進入狀態 119

    $預設  使用規則 22 以縮減 (block)

    block      進入狀態 145
    decl_list  進入狀態 121
    decl       進入狀態 11
    type_decl  進入狀態 12
    var_decl   進入狀態 13
    type       進入狀態 122
    stmt_list  進入狀態 123
    stmt       進入狀態 124
    var_ref    進入狀態 125


狀態 106

    7 function_decl: type ID MK_LPAREN param_list MK_RPAREN . MK_LBRACE block MK_RBRACE

    MK_LBRACE  偏移，並進入狀態 146


狀態 107

   46 cfactor: MK_LPAREN cexpr MK_RPAREN .

    $預設  使用規則 46 以縮減 (cfactor)


狀態 108

   39 cexpr: cexpr OP_PLUS mcexpr .
   42 mcexpr: mcexpr . OP_TIMES cfactor
   43       | mcexpr . OP_DIVIDE cfactor

    OP_TIMES   偏移，並進入狀態 71
    OP_DIVIDE  偏移，並進入狀態 72

    $預設  使用規則 39 以縮減 (cexpr)


狀態 109

   40 cexpr: cexpr OP_MINUS mcexpr .
   42 mcexpr: mcexpr . OP_TIMES cfactor
   43       | mcexpr . OP_DIVIDE cfactor

    OP_TIMES   偏移，並進入狀態 71
    OP_DIVIDE  偏移，並進入狀態 72

    $預設  使用規則 40 以縮減 (cexpr)


狀態 110

   38 dim_decl: MK_LB cexpr MK_RB dim_decl .

    $預設  使用規則 38 以縮減 (dim_decl)


狀態 111

   42 mcexpr: mcexpr OP_TIMES cfactor .

    $預設  使用規則 42 以縮減 (mcexpr)


狀態 112

   43 mcexpr: mcexpr OP_DIVIDE cfactor .

    $預設  使用規則 43 以縮減 (mcexpr)


狀態 113

   30 var_decl: ID . id_list MK_SEMICOLON
   59 stmt: ID . MK_LPAREN relop_expr_list MK_RPAREN MK_SEMICOLON
  107 var_ref: ID .
  108        | ID . dim_list

    ID         偏移，並進入狀態 15
    MK_LB      偏移，並進入狀態 78
    MK_LPAREN  偏移，並進入狀態 147

    $預設  使用規則 107 以縮減 (var_ref)

    id_list   進入狀態 16
    dim_list  進入狀態 80


狀態 114

   58 stmt: IF . MK_LPAREN relop_factor MK_RPAREN stmt else_if_list

    MK_LPAREN  偏移，並進入狀態 148


狀態 115

   55 stmt: WHILE . MK_LPAREN relop_factor MK_RPAREN stmt

    MK_LPAREN  偏移，並進入狀態 149


狀態 116

   56 stmt: FOR . MK_LPAREN assign_expr_list MK_SEMICOLON relop_expr_list MK_SEMICOLON assign_expr_list MK_RPAREN stmt

    MK_LPAREN  偏移，並進入狀態 150


狀態 117

   54 stmt: MK_LBRACE . block MK_RBRACE

    ID            偏移，並進入狀態 113
    INT           偏移，並進入狀態 3
    FLOAT         偏移，並進入狀態 4
    IF            偏移，並進入狀態 114
    WHILE         偏移，並進入狀態 115
    FOR           偏移，並進入狀態 116
    TYPEDEF       偏移，並進入狀態 5
    MK_LBRACE     偏移，並進入狀態 117
    MK_SEMICOLON  偏移，並進入狀態 118
    RETURN        偏移，並進入狀態 119

    $預設  使用規則 22 以縮減 (block)

    block      進入狀態 151
    decl_list  進入狀態 121
    decl       進入狀態 11
    type_decl  進入狀態 12
    var_decl   進入狀態 13
    type       進入狀態 122
    stmt_list  進入狀態 123
    stmt       進入狀態 124
    var_ref    進入狀態 125


狀態 118

   60 stmt: MK_SEMICOLON .

    $預設  使用規則 60 以縮減 (stmt)


狀態 119

   61 stmt: RETURN . MK_SEMICOLON
   62     | RETURN . relop_expr MK_SEMICOLON

    ID            偏移，並進入狀態 51
    CONST         偏移，並進入狀態 52
    OP_NOT        偏移，並進入狀態 53
    OP_MINUS      偏移，並進入狀態 54
    MK_LPAREN     偏移，並進入狀態 55
    MK_SEMICOLON  偏移，並進入狀態 152

    relop_expr    進入狀態 153
    relop_term    進入狀態 57
    relop_factor  進入狀態 58
    expr          進入狀態 59
    term          進入狀態 60
    factor        進入狀態 61
    var_ref       進入狀態 62


狀態 120

   10 function_decl: VOID ID MK_LPAREN MK_RPAREN MK_LBRACE block . MK_RBRACE

    MK_RBRACE  偏移，並進入狀態 154


狀態 121

   19 block: decl_list . stmt_list
   21      | decl_list .
   23 decl_list: decl_list . decl

    ID            偏移，並進入狀態 113
    INT           偏移，並進入狀態 3
    FLOAT         偏移，並進入狀態 4
    IF            偏移，並進入狀態 114
    WHILE         偏移，並進入狀態 115
    FOR           偏移，並進入狀態 116
    TYPEDEF       偏移，並進入狀態 5
    MK_LBRACE     偏移，並進入狀態 117
    MK_SEMICOLON  偏移，並進入狀態 118
    RETURN        偏移，並進入狀態 119

    $預設  使用規則 21 以縮減 (block)

    decl       進入狀態 23
    type_decl  進入狀態 12
    var_decl   進入狀態 13
    type       進入狀態 122
    stmt_list  進入狀態 155
    stmt       進入狀態 124
    var_ref    進入狀態 125


狀態 122

   29 var_decl: type . init_id_list MK_SEMICOLON

    ID  偏移，並進入狀態 65

    init_id_list  進入狀態 25
    init_id       進入狀態 26


狀態 123

   20 block: stmt_list .
   52 stmt_list: stmt_list . stmt

    ID            偏移，並進入狀態 156
    IF            偏移，並進入狀態 114
    WHILE         偏移，並進入狀態 115
    FOR           偏移，並進入狀態 116
    MK_LBRACE     偏移，並進入狀態 117
    MK_SEMICOLON  偏移，並進入狀態 118
    RETURN        偏移，並進入狀態 119

    $預設  使用規則 20 以縮減 (block)

    stmt     進入狀態 157
    var_ref  進入狀態 125


狀態 124

   53 stmt_list: stmt .

    $預設  使用規則 53 以縮減 (stmt_list)


狀態 125

   57 stmt: var_ref . OP_ASSIGN relop_expr MK_SEMICOLON

    OP_ASSIGN  偏移，並進入狀態 158


狀態 126

    8 function_decl: VOID ID MK_LPAREN param_list MK_RPAREN MK_LBRACE . block MK_RBRACE

    ID            偏移，並進入狀態 113
    INT           偏移，並進入狀態 3
    FLOAT         偏移，並進入狀態 4
    IF            偏移，並進入狀態 114
    WHILE         偏移，並進入狀態 115
    FOR           偏移，並進入狀態 116
    TYPEDEF       偏移，並進入狀態 5
    MK_LBRACE     偏移，並進入狀態 117
    MK_SEMICOLON  偏移，並進入狀態 118
    RETURN        偏移，並進入狀態 119

    $預設  使用規則 22 以縮減 (block)

    block      進入狀態 159
    decl_list  進入狀態 121
    decl       進入狀態 11
    type_decl  進入狀態 12
    var_decl   進入狀態 13
    type       進入狀態 122
    stmt_list  進入狀態 123
    stmt       進入狀態 124
    var_ref    進入狀態 125


狀態 127

   11 param_list: param_list MK_COMMA param .

    $預設  使用規則 11 以縮減 (param_list)


狀態 128

   15 dim_fn: MK_LB . expr_null MK_RB

    ID         偏移，並進入狀態 51
    CONST      偏移，並進入狀態 52
    OP_NOT     偏移，並進入狀態 53
    OP_MINUS   偏移，並進入狀態 54
    MK_LPAREN  偏移，並進入狀態 55

    $預設  使用規則 18 以縮減 (expr_null)

    expr_null  進入狀態 160
    expr       進入狀態 161
    term       進入狀態 60
    factor     進入狀態 61
    var_ref    進入狀態 62


狀態 129

   14 param: type ID dim_fn .
   16 dim_fn: dim_fn . MK_LB expr MK_RB

    MK_LB  偏移，並進入狀態 162

    $預設  使用規則 14 以縮減 (param)


狀態 130

   87 expr: expr . add_op term
  110 dim_list: MK_LB expr . MK_RB

    OP_PLUS   偏移，並進入狀態 98
    OP_MINUS  偏移，並進入狀態 99
    MK_RB     偏移，並進入狀態 163

    add_op  進入狀態 101


狀態 131

   72 relop_expr: relop_expr . OP_OR relop_term
   86 nonempty_relop_expr_list: relop_expr .

    OP_OR  偏移，並進入狀態 90

    $預設  使用規則 86 以縮減 (nonempty_relop_expr_list)


狀態 132

  101 factor: ID MK_LPAREN relop_expr_list . MK_RPAREN

    MK_RPAREN  偏移，並進入狀態 164


狀態 133

   83 relop_expr_list: nonempty_relop_expr_list .
   85 nonempty_relop_expr_list: nonempty_relop_expr_list . MK_COMMA relop_expr

    MK_COMMA  偏移，並進入狀態 165

    $預設  使用規則 83 以縮減 (relop_expr_list)


狀態 134

  109 dim_list: dim_list MK_LB . expr MK_RB

    ID         偏移，並進入狀態 51
    CONST      偏移，並進入狀態 52
    OP_NOT     偏移，並進入狀態 53
    OP_MINUS   偏移，並進入狀態 54
    MK_LPAREN  偏移，並進入狀態 55

    expr     進入狀態 166
    term     進入狀態 60
    factor   進入狀態 61
    var_ref  進入狀態 62


狀態 135

  103 factor: OP_NOT ID MK_LPAREN . relop_expr_list MK_RPAREN

    ID         偏移，並進入狀態 51
    CONST      偏移，並進入狀態 52
    OP_NOT     偏移，並進入狀態 53
    OP_MINUS   偏移，並進入狀態 54
    MK_LPAREN  偏移，並進入狀態 55

    $預設  使用規則 84 以縮減 (relop_expr_list)

    relop_expr                進入狀態 131
    relop_term                進入狀態 57
    relop_factor              進入狀態 58
    relop_expr_list           進入狀態 167
    nonempty_relop_expr_list  進入狀態 133
    expr                      進入狀態 59
    term                      進入狀態 60
    factor                    進入狀態 61
    var_ref                   進入狀態 62


狀態 136

   72 relop_expr: relop_expr . OP_OR relop_term
   97 factor: OP_NOT MK_LPAREN relop_expr . MK_RPAREN

    OP_OR      偏移，並進入狀態 90
    MK_RPAREN  偏移，並進入狀態 168


狀態 137

  102 factor: OP_MINUS ID MK_LPAREN . relop_expr_list MK_RPAREN

    ID         偏移，並進入狀態 51
    CONST      偏移，並進入狀態 52
    OP_NOT     偏移，並進入狀態 53
    OP_MINUS   偏移，並進入狀態 54
    MK_LPAREN  偏移，並進入狀態 55

    $預設  使用規則 84 以縮減 (relop_expr_list)

    relop_expr                進入狀態 131
    relop_term                進入狀態 57
    relop_factor              進入狀態 58
    relop_expr_list           進入狀態 169
    nonempty_relop_expr_list  進入狀態 133
    expr                      進入狀態 59
    term                      進入狀態 60
    factor                    進入狀態 61
    var_ref                   進入狀態 62


狀態 138

   72 relop_expr: relop_expr . OP_OR relop_term
   96 factor: OP_MINUS MK_LPAREN relop_expr . MK_RPAREN

    OP_OR      偏移，並進入狀態 90
    MK_RPAREN  偏移，並進入狀態 170


狀態 139

   95 factor: MK_LPAREN relop_expr MK_RPAREN .

    $預設  使用規則 95 以縮減 (factor)


狀態 140

   72 relop_expr: relop_expr OP_OR relop_term .
   74 relop_term: relop_term . OP_AND relop_factor

    OP_AND  偏移，並進入狀態 91

    $預設  使用規則 72 以縮減 (relop_expr)


狀態 141

   74 relop_term: relop_term OP_AND relop_factor .

    $預設  使用規則 74 以縮減 (relop_term)


狀態 142

   76 relop_factor: expr rel_op expr .
   87 expr: expr . add_op term

    OP_PLUS   偏移，並進入狀態 98
    OP_MINUS  偏移，並進入狀態 99

    $預設  使用規則 76 以縮減 (relop_factor)

    add_op  進入狀態 101


狀態 143

   87 expr: expr add_op term .
   91 term: term . mul_op factor

    OP_TIMES   偏移，並進入狀態 102
    OP_DIVIDE  偏移，並進入狀態 103

    $預設  使用規則 87 以縮減 (expr)

    mul_op  進入狀態 104


狀態 144

   91 term: term mul_op factor .

    $預設  使用規則 91 以縮減 (term)


狀態 145

    9 function_decl: type ID MK_LPAREN MK_RPAREN MK_LBRACE block . MK_RBRACE

    MK_RBRACE  偏移，並進入狀態 171


狀態 146

    7 function_decl: type ID MK_LPAREN param_list MK_RPAREN MK_LBRACE . block MK_RBRACE

    ID            偏移，並進入狀態 113
    INT           偏移，並進入狀態 3
    FLOAT         偏移，並進入狀態 4
    IF            偏移，並進入狀態 114
    WHILE         偏移，並進入狀態 115
    FOR           偏移，並進入狀態 116
    TYPEDEF       偏移，並進入狀態 5
    MK_LBRACE     偏移，並進入狀態 117
    MK_SEMICOLON  偏移，並進入狀態 118
    RETURN        偏移，並進入狀態 119

    $預設  使用規則 22 以縮減 (block)

    block      進入狀態 172
    decl_list  進入狀態 121
    decl       進入狀態 11
    type_decl  進入狀態 12
    var_decl   進入狀態 13
    type       進入狀態 122
    stmt_list  進入狀態 123
    stmt       進入狀態 124
    var_ref    進入狀態 125


狀態 147

   59 stmt: ID MK_LPAREN . relop_expr_list MK_RPAREN MK_SEMICOLON

    ID         偏移，並進入狀態 51
    CONST      偏移，並進入狀態 52
    OP_NOT     偏移，並進入狀態 53
    OP_MINUS   偏移，並進入狀態 54
    MK_LPAREN  偏移，並進入狀態 55

    $預設  使用規則 84 以縮減 (relop_expr_list)

    relop_expr                進入狀態 131
    relop_term                進入狀態 57
    relop_factor              進入狀態 58
    relop_expr_list           進入狀態 173
    nonempty_relop_expr_list  進入狀態 133
    expr                      進入狀態 59
    term                      進入狀態 60
    factor                    進入狀態 61
    var_ref                   進入狀態 62


狀態 148

   58 stmt: IF MK_LPAREN . relop_factor MK_RPAREN stmt else_if_list

    ID         偏移，並進入狀態 51
    CONST      偏移，並進入狀態 52
    OP_NOT     偏移，並進入狀態 53
    OP_MINUS   偏移，並進入狀態 54
    MK_LPAREN  偏移，並進入狀態 55

    relop_factor  進入狀態 174
    expr          進入狀態 59
    term          進入狀態 60
    factor        進入狀態 61
    var_ref       進入狀態 62


狀態 149

   55 stmt: WHILE MK_LPAREN . relop_factor MK_RPAREN stmt

    ID         偏移，並進入狀態 51
    CONST      偏移，並進入狀態 52
    OP_NOT     偏移，並進入狀態 53
    OP_MINUS   偏移，並進入狀態 54
    MK_LPAREN  偏移，並進入狀態 55

    relop_factor  進入狀態 175
    expr          進入狀態 59
    term          進入狀態 60
    factor        進入狀態 61
    var_ref       進入狀態 62


狀態 150

   56 stmt: FOR MK_LPAREN . assign_expr_list MK_SEMICOLON relop_expr_list MK_SEMICOLON assign_expr_list MK_RPAREN stmt

    ID         偏移，並進入狀態 176
    CONST      偏移，並進入狀態 52
    OP_NOT     偏移，並進入狀態 53
    OP_MINUS   偏移，並進入狀態 54
    MK_LPAREN  偏移，並進入狀態 55

    $預設  使用規則 66 以縮減 (assign_expr_list)

    assign_expr_list           進入狀態 177
    nonempty_assign_expr_list  進入狀態 178
    assign_expr                進入狀態 179
    relop_expr                 進入狀態 180
    relop_term                 進入狀態 57
    relop_factor               進入狀態 58
    expr                       進入狀態 59
    term                       進入狀態 60
    factor                     進入狀態 61
    var_ref                    進入狀態 62


狀態 151

   54 stmt: MK_LBRACE block . MK_RBRACE

    MK_RBRACE  偏移，並進入狀態 181


狀態 152

   61 stmt: RETURN MK_SEMICOLON .

    $預設  使用規則 61 以縮減 (stmt)


狀態 153

   62 stmt: RETURN relop_expr . MK_SEMICOLON
   72 relop_expr: relop_expr . OP_OR relop_term

    OP_OR         偏移，並進入狀態 90
    MK_SEMICOLON  偏移，並進入狀態 182


狀態 154

   10 function_decl: VOID ID MK_LPAREN MK_RPAREN MK_LBRACE block MK_RBRACE .

    $預設  使用規則 10 以縮減 (function_decl)


狀態 155

   19 block: decl_list stmt_list .
   52 stmt_list: stmt_list . stmt

    ID            偏移，並進入狀態 156
    IF            偏移，並進入狀態 114
    WHILE         偏移，並進入狀態 115
    FOR           偏移，並進入狀態 116
    MK_LBRACE     偏移，並進入狀態 117
    MK_SEMICOLON  偏移，並進入狀態 118
    RETURN        偏移，並進入狀態 119

    $預設  使用規則 19 以縮減 (block)

    stmt     進入狀態 157
    var_ref  進入狀態 125


狀態 156

   59 stmt: ID . MK_LPAREN relop_expr_list MK_RPAREN MK_SEMICOLON
  107 var_ref: ID .
  108        | ID . dim_list

    MK_LB      偏移，並進入狀態 78
    MK_LPAREN  偏移，並進入狀態 147

    $預設  使用規則 107 以縮減 (var_ref)

    dim_list  進入狀態 80


狀態 157

   52 stmt_list: stmt_list stmt .

    $預設  使用規則 52 以縮減 (stmt_list)


狀態 158

   57 stmt: var_ref OP_ASSIGN . relop_expr MK_SEMICOLON

    ID         偏移，並進入狀態 51
    CONST      偏移，並進入狀態 52
    OP_NOT     偏移，並進入狀態 53
    OP_MINUS   偏移，並進入狀態 54
    MK_LPAREN  偏移，並進入狀態 55

    relop_expr    進入狀態 183
    relop_term    進入狀態 57
    relop_factor  進入狀態 58
    expr          進入狀態 59
    term          進入狀態 60
    factor        進入狀態 61
    var_ref       進入狀態 62


狀態 159

    8 function_decl: VOID ID MK_LPAREN param_list MK_RPAREN MK_LBRACE block . MK_RBRACE

    MK_RBRACE  偏移，並進入狀態 184


狀態 160

   15 dim_fn: MK_LB expr_null . MK_RB

    MK_RB  偏移，並進入狀態 185


狀態 161

   17 expr_null: expr .
   87 expr: expr . add_op term

    OP_PLUS   偏移，並進入狀態 98
    OP_MINUS  偏移，並進入狀態 99

    $預設  使用規則 17 以縮減 (expr_null)

    add_op  進入狀態 101


狀態 162

   16 dim_fn: dim_fn MK_LB . expr MK_RB

    ID         偏移，並進入狀態 51
    CONST      偏移，並進入狀態 52
    OP_NOT     偏移，並進入狀態 53
    OP_MINUS   偏移，並進入狀態 54
    MK_LPAREN  偏移，並進入狀態 55

    expr     進入狀態 186
    term     進入狀態 60
    factor   進入狀態 61
    var_ref  進入狀態 62


狀態 163

  110 dim_list: MK_LB expr MK_RB .

    $預設  使用規則 110 以縮減 (dim_list)


狀態 164

  101 factor: ID MK_LPAREN relop_expr_list MK_RPAREN .

    $預設  使用規則 101 以縮減 (factor)


狀態 165

   85 nonempty_relop_expr_list: nonempty_relop_expr_list MK_COMMA . relop_expr

    ID         偏移，並進入狀態 51
    CONST      偏移，並進入狀態 52
    OP_NOT     偏移，並進入狀態 53
    OP_MINUS   偏移，並進入狀態 54
    MK_LPAREN  偏移，並進入狀態 55

    relop_expr    進入狀態 187
    relop_term    進入狀態 57
    relop_factor  進入狀態 58
    expr          進入狀態 59
    term          進入狀態 60
    factor        進入狀態 61
    var_ref       進入狀態 62


狀態 166

   87 expr: expr . add_op term
  109 dim_list: dim_list MK_LB expr . MK_RB

    OP_PLUS   偏移，並進入狀態 98
    OP_MINUS  偏移，並進入狀態 99
    MK_RB     偏移，並進入狀態 188

    add_op  進入狀態 101


狀態 167

  103 factor: OP_NOT ID MK_LPAREN relop_expr_list . MK_RPAREN

    MK_RPAREN  偏移，並進入狀態 189


狀態 168

   97 factor: OP_NOT MK_LPAREN relop_expr MK_RPAREN .

    $預設  使用規則 97 以縮減 (factor)


狀態 169

  102 factor: OP_MINUS ID MK_LPAREN relop_expr_list . MK_RPAREN

    MK_RPAREN  偏移，並進入狀態 190


狀態 170

   96 factor: OP_MINUS MK_LPAREN relop_expr MK_RPAREN .

    $預設  使用規則 96 以縮減 (factor)


狀態 171

    9 function_decl: type ID MK_LPAREN MK_RPAREN MK_LBRACE block MK_RBRACE .

    $預設  使用規則 9 以縮減 (function_decl)


狀態 172

    7 function_decl: type ID MK_LPAREN param_list MK_RPAREN MK_LBRACE block . MK_RBRACE

    MK_RBRACE  偏移，並進入狀態 191


狀態 173

   59 stmt: ID MK_LPAREN relop_expr_list . MK_RPAREN MK_SEMICOLON

    MK_RPAREN  偏移，並進入狀態 192


狀態 174

   58 stmt: IF MK_LPAREN relop_factor . MK_RPAREN stmt else_if_list

    MK_RPAREN  偏移，並進入狀態 193


狀態 175

   55 stmt: WHILE MK_LPAREN relop_factor . MK_RPAREN stmt

    MK_RPAREN  偏移，並進入狀態 194


狀態 176

   69 assign_expr: ID . OP_ASSIGN relop_expr
  101 factor: ID . MK_LPAREN relop_expr_list MK_RPAREN
  107 var_ref: ID .
  108        | ID . dim_list

    OP_ASSIGN  偏移，並進入狀態 195
    MK_LB      偏移，並進入狀態 78
    MK_LPAREN  偏移，並進入狀態 79

    $預設  使用規則 107 以縮減 (var_ref)

    dim_list  進入狀態 80


狀態 177

   56 stmt: FOR MK_LPAREN assign_expr_list . MK_SEMICOLON relop_expr_list MK_SEMICOLON assign_expr_list MK_RPAREN stmt

    MK_SEMICOLON  偏移，並進入狀態 196


狀態 178

   65 assign_expr_list: nonempty_assign_expr_list .
   67 nonempty_assign_expr_list: nonempty_assign_expr_list . MK_COMMA assign_expr

    MK_COMMA  偏移，並進入狀態 197

    $預設  使用規則 65 以縮減 (assign_expr_list)


狀態 179

   68 nonempty_assign_expr_list: assign_expr .

    $預設  使用規則 68 以縮減 (nonempty_assign_expr_list)


狀態 180

   70 assign_expr: relop_expr .
   72 relop_expr: relop_expr . OP_OR relop_term

    OP_OR  偏移，並進入狀態 90

    $預設  使用規則 70 以縮減 (assign_expr)


狀態 181

   54 stmt: MK_LBRACE block MK_RBRACE .

    $預設  使用規則 54 以縮減 (stmt)


狀態 182

   62 stmt: RETURN relop_expr MK_SEMICOLON .

    $預設  使用規則 62 以縮減 (stmt)


狀態 183

   57 stmt: var_ref OP_ASSIGN relop_expr . MK_SEMICOLON
   72 relop_expr: relop_expr . OP_OR relop_term

    OP_OR         偏移，並進入狀態 90
    MK_SEMICOLON  偏移，並進入狀態 198


狀態 184

    8 function_decl: VOID ID MK_LPAREN param_list MK_RPAREN MK_LBRACE block MK_RBRACE .

    $預設  使用規則 8 以縮減 (function_decl)


狀態 185

   15 dim_fn: MK_LB expr_null MK_RB .

    $預設  使用規則 15 以縮減 (dim_fn)


狀態 186

   16 dim_fn: dim_fn MK_LB expr . MK_RB
   87 expr: expr . add_op term

    OP_PLUS   偏移，並進入狀態 98
    OP_MINUS  偏移，並進入狀態 99
    MK_RB     偏移，並進入狀態 199

    add_op  進入狀態 101


狀態 187

   72 relop_expr: relop_expr . OP_OR relop_term
   85 nonempty_relop_expr_list: nonempty_relop_expr_list MK_COMMA relop_expr .

    OP_OR  偏移，並進入狀態 90

    $預設  使用規則 85 以縮減 (nonempty_relop_expr_list)


狀態 188

  109 dim_list: dim_list MK_LB expr MK_RB .

    $預設  使用規則 109 以縮減 (dim_list)


狀態 189

  103 factor: OP_NOT ID MK_LPAREN relop_expr_list MK_RPAREN .

    $預設  使用規則 103 以縮減 (factor)


狀態 190

  102 factor: OP_MINUS ID MK_LPAREN relop_expr_list MK_RPAREN .

    $預設  使用規則 102 以縮減 (factor)


狀態 191

    7 function_decl: type ID MK_LPAREN param_list MK_RPAREN MK_LBRACE block MK_RBRACE .

    $預設  使用規則 7 以縮減 (function_decl)


狀態 192

   59 stmt: ID MK_LPAREN relop_expr_list MK_RPAREN . MK_SEMICOLON

    MK_SEMICOLON  偏移，並進入狀態 200


狀態 193

   58 stmt: IF MK_LPAREN relop_factor MK_RPAREN . stmt else_if_list

    ID            偏移，並進入狀態 156
    IF            偏移，並進入狀態 114
    WHILE         偏移，並進入狀態 115
    FOR           偏移，並進入狀態 116
    MK_LBRACE     偏移，並進入狀態 117
    MK_SEMICOLON  偏移，並進入狀態 118
    RETURN        偏移，並進入狀態 119

    stmt     進入狀態 201
    var_ref  進入狀態 125


狀態 194

   55 stmt: WHILE MK_LPAREN relop_factor MK_RPAREN . stmt

    ID            偏移，並進入狀態 156
    IF            偏移，並進入狀態 114
    WHILE         偏移，並進入狀態 115
    FOR           偏移，並進入狀態 116
    MK_LBRACE     偏移，並進入狀態 117
    MK_SEMICOLON  偏移，並進入狀態 118
    RETURN        偏移，並進入狀態 119

    stmt     進入狀態 202
    var_ref  進入狀態 125


狀態 195

   69 assign_expr: ID OP_ASSIGN . relop_expr

    ID         偏移，並進入狀態 51
    CONST      偏移，並進入狀態 52
    OP_NOT     偏移，並進入狀態 53
    OP_MINUS   偏移，並進入狀態 54
    MK_LPAREN  偏移，並進入狀態 55

    relop_expr    進入狀態 203
    relop_term    進入狀態 57
    relop_factor  進入狀態 58
    expr          進入狀態 59
    term          進入狀態 60
    factor        進入狀態 61
    var_ref       進入狀態 62


狀態 196

   56 stmt: FOR MK_LPAREN assign_expr_list MK_SEMICOLON . relop_expr_list MK_SEMICOLON assign_expr_list MK_RPAREN stmt

    ID         偏移，並進入狀態 51
    CONST      偏移，並進入狀態 52
    OP_NOT     偏移，並進入狀態 53
    OP_MINUS   偏移，並進入狀態 54
    MK_LPAREN  偏移，並進入狀態 55

    $預設  使用規則 84 以縮減 (relop_expr_list)

    relop_expr                進入狀態 131
    relop_term                進入狀態 57
    relop_factor              進入狀態 58
    relop_expr_list           進入狀態 204
    nonempty_relop_expr_list  進入狀態 133
    expr                      進入狀態 59
    term                      進入狀態 60
    factor                    進入狀態 61
    var_ref                   進入狀態 62


狀態 197

   67 nonempty_assign_expr_list: nonempty_assign_expr_list MK_COMMA . assign_expr

    ID         偏移，並進入狀態 176
    CONST      偏移，並進入狀態 52
    OP_NOT     偏移，並進入狀態 53
    OP_MINUS   偏移，並進入狀態 54
    MK_LPAREN  偏移，並進入狀態 55

    assign_expr   進入狀態 205
    relop_expr    進入狀態 180
    relop_term    進入狀態 57
    relop_factor  進入狀態 58
    expr          進入狀態 59
    term          進入狀態 60
    factor        進入狀態 61
    var_ref       進入狀態 62


狀態 198

   57 stmt: var_ref OP_ASSIGN relop_expr MK_SEMICOLON .

    $預設  使用規則 57 以縮減 (stmt)


狀態 199

   16 dim_fn: dim_fn MK_LB expr MK_RB .

    $預設  使用規則 16 以縮減 (dim_fn)


狀態 200

   59 stmt: ID MK_LPAREN relop_expr_list MK_RPAREN MK_SEMICOLON .

    $預設  使用規則 59 以縮減 (stmt)


狀態 201

   58 stmt: IF MK_LPAREN relop_factor MK_RPAREN stmt . else_if_list

    ELSE  偏移，並進入狀態 206

    ELSE     [使用規則 64 以縮減 (else_if_list)]
    $預設  使用規則 64 以縮減 (else_if_list)

    else_if_list  進入狀態 207


狀態 202

   55 stmt: WHILE MK_LPAREN relop_factor MK_RPAREN stmt .

    $預設  使用規則 55 以縮減 (stmt)


狀態 203

   69 assign_expr: ID OP_ASSIGN relop_expr .
   72 relop_expr: relop_expr . OP_OR relop_term

    OP_OR  偏移，並進入狀態 90

    $預設  使用規則 69 以縮減 (assign_expr)


狀態 204

   56 stmt: FOR MK_LPAREN assign_expr_list MK_SEMICOLON relop_expr_list . MK_SEMICOLON assign_expr_list MK_RPAREN stmt

    MK_SEMICOLON  偏移，並進入狀態 208


狀態 205

   67 nonempty_assign_expr_list: nonempty_assign_expr_list MK_COMMA assign_expr .

    $預設  使用規則 67 以縮減 (nonempty_assign_expr_list)


狀態 206

   63 else_if_list: ELSE . stmt

    ID            偏移，並進入狀態 156
    IF            偏移，並進入狀態 114
    WHILE         偏移，並進入狀態 115
    FOR           偏移，並進入狀態 116
    MK_LBRACE     偏移，並進入狀態 117
    MK_SEMICOLON  偏移，並進入狀態 118
    RETURN        偏移，並進入狀態 119

    stmt     進入狀態 209
    var_ref  進入狀態 125


狀態 207

   58 stmt: IF MK_LPAREN relop_factor MK_RPAREN stmt else_if_list .

    $預設  使用規則 58 以縮減 (stmt)


狀態 208

   56 stmt: FOR MK_LPAREN assign_expr_list MK_SEMICOLON relop_expr_list MK_SEMICOLON . assign_expr_list MK_RPAREN stmt

    ID         偏移，並進入狀態 176
    CONST      偏移，並進入狀態 52
    OP_NOT     偏移，並進入狀態 53
    OP_MINUS   偏移，並進入狀態 54
    MK_LPAREN  偏移，並進入狀態 55

    $預設  使用規則 66 以縮減 (assign_expr_list)

    assign_expr_list           進入狀態 210
    nonempty_assign_expr_list  進入狀態 178
    assign_expr                進入狀態 179
    relop_expr                 進入狀態 180
    relop_term                 進入狀態 57
    relop_factor               進入狀態 58
    expr                       進入狀態 59
    term                       進入狀態 60
    factor                     進入狀態 61
    var_ref                    進入狀態 62


狀態 209

   63 else_if_list: ELSE stmt .

    $預設  使用規則 63 以縮減 (else_if_list)


狀態 210

   56 stmt: FOR MK_LPAREN assign_expr_list MK_SEMICOLON relop_expr_list MK_SEMICOLON assign_expr_list . MK_RPAREN stmt

    MK_RPAREN  偏移，並進入狀態 211


狀態 211

   56 stmt: FOR MK_LPAREN assign_expr_list MK_SEMICOLON relop_expr_list MK_SEMICOLON assign_expr_list MK_RPAREN . stmt

    ID            偏移，並進入狀態 156
    IF            偏移，並進入狀態 114
    WHILE         偏移，並進入狀態 115
    FOR           偏移，並進入狀態 116
    MK_LBRACE     偏移，並進入狀態 117
    MK_SEMICOLON  偏移，並進入狀態 118
    RETURN        偏移，並進入狀態 119

    stmt     進入狀態 212
    var_ref  進入狀態 125


狀態 212

   56 stmt: FOR MK_LPAREN assign_expr_list MK_SEMICOLON relop_expr_list MK_SEMICOLON assign_expr_list MK_RPAREN stmt .

    $預設  使用規則 56 以縮減 (stmt)
