終端機在文法中未使用

   MK_DOT
   ERROR


狀態 197 衝突：1 項偏移/縮減


文法

    0 $accept: program $end

    1 program: global_decl_list
    2        | /* 空白 */

    3 global_decl_list: global_decl_list global_decl
    4                 | global_decl

    5 global_decl: decl_list function_decl
    6            | function_decl

    7 function_decl: function_head MK_LPAREN opt_param_list MK_RPAREN MK_LBRACE block MK_RBRACE

    8 function_head: type ID
    9              | VOID ID
   10              | ID ID

   11 opt_param_list: param_list
   12               | /* 空白 */

   13 param_list: param_list MK_COMMA param
   14           | param

   15 param: type ID
   16      | ID ID
   17      | type ID dim_fn
   18      | ID ID dim_fn

   19 dim_fn: MK_LB expr_null MK_RB
   20       | dim_fn MK_LB expr MK_RB

   21 expr_null: expr
   22          | /* 空白 */

   23 block: decl_list stmt_list
   24      | stmt_list
   25      | decl_list
   26      | /* 空白 */

   27 decl_list: decl_list decl
   28          | decl

   29 decl: type_decl
   30     | var_decl

   31 type_decl: TYPEDEF type id_list MK_SEMICOLON
   32          | TYPEDEF VOID id_list MK_SEMICOLON

   33 var_decl: type init_id_list MK_SEMICOLON
   34         | ID init_id_list MK_SEMICOLON

   35 type: INT
   36     | FLOAT

   37 id_list: ID
   38        | id_list MK_COMMA ID
   39        | id_list MK_COMMA ID dim_decl
   40        | ID dim_decl

   41 dim_decl: MK_LB cexpr MK_RB
   42         | dim_decl MK_LB cexpr MK_RB

   43 cexpr: cexpr OP_PLUS mcexpr
   44      | cexpr OP_MINUS mcexpr
   45      | mcexpr

   46 mcexpr: mcexpr OP_TIMES cfactor
   47       | mcexpr OP_DIVIDE cfactor
   48       | cfactor

   49 cfactor: CONST
   50        | MK_LPAREN cexpr MK_RPAREN

   51 init_id_list: init_id
   52             | init_id_list MK_COMMA init_id

   53 init_id: ID
   54        | ID dim_decl
   55        | ID OP_ASSIGN relop_expr

   56 stmt_list: stmt_list stmt
   57          | stmt

   58 stmt: MK_LBRACE block MK_RBRACE
   59     | WHILE MK_LPAREN test MK_RPAREN stmt
   60     | FOR MK_LPAREN assign_expr_list MK_SEMICOLON relop_expr_list MK_SEMICOLON assign_expr_list MK_RPAREN stmt
   61     | var_ref OP_ASSIGN relop_expr MK_SEMICOLON
   62     | IF MK_LPAREN test MK_RPAREN stmt
   63     | IF MK_LPAREN test MK_RPAREN stmt ELSE stmt
   64     | ID MK_LPAREN relop_expr_list MK_RPAREN MK_SEMICOLON
   65     | MK_SEMICOLON
   66     | RETURN MK_SEMICOLON
   67     | RETURN relop_expr MK_SEMICOLON

   68 assign_expr_list: nonempty_assign_expr_list
   69                 | /* 空白 */

   70 nonempty_assign_expr_list: nonempty_assign_expr_list MK_COMMA assign_expr
   71                          | assign_expr

   72 test: assign_expr

   73 assign_expr: ID OP_ASSIGN relop_expr
   74            | relop_expr

   75 relop_expr: relop_term
   76           | relop_expr OP_OR relop_term

   77 relop_term: relop_factor
   78           | relop_term OP_AND relop_factor

   79 relop_factor: expr
   80             | expr rel_op expr

   81 rel_op: OP_EQ
   82       | OP_GE
   83       | OP_LE
   84       | OP_NE
   85       | OP_GT
   86       | OP_LT

   87 relop_expr_list: nonempty_relop_expr_list
   88                | /* 空白 */

   89 nonempty_relop_expr_list: nonempty_relop_expr_list MK_COMMA relop_expr
   90                         | relop_expr

   91 expr: expr add_op term
   92     | term

   93 add_op: OP_PLUS
   94       | OP_MINUS

   95 term: term mul_op factor
   96     | factor

   97 mul_op: OP_TIMES
   98       | OP_DIVIDE

   99 factor: MK_LPAREN relop_expr MK_RPAREN
  100       | OP_MINUS MK_LPAREN relop_expr MK_RPAREN
  101       | OP_NOT MK_LPAREN relop_expr MK_RPAREN
  102       | CONST
  103       | OP_MINUS CONST
  104       | OP_NOT CONST
  105       | ID MK_LPAREN relop_expr_list MK_RPAREN
  106       | OP_MINUS ID MK_LPAREN relop_expr_list MK_RPAREN
  107       | OP_NOT ID MK_LPAREN relop_expr_list MK_RPAREN
  108       | var_ref
  109       | OP_MINUS var_ref
  110       | OP_NOT var_ref

  111 var_ref: ID
  112        | ID dim_list

  113 dim_list: dim_list MK_LB expr MK_RB
  114         | MK_LB expr MK_RB


終結語詞，附有它們出現處的規則

$end (0) 0
error (256)
ID (258) 8 9 10 15 16 17 18 34 37 38 39 40 53 54 55 64 73 105 106 107
    111 112
CONST (259) 49 102 103 104
VOID (260) 9 32
INT (261) 35
FLOAT (262) 36
IF (263) 62 63
ELSE (264) 63
WHILE (265) 59
FOR (266) 60
TYPEDEF (267) 31 32
OP_ASSIGN (268) 55 61 73
OP_OR (269) 76
OP_AND (270) 78
OP_NOT (271) 101 104 107 110
OP_EQ (272) 81
OP_NE (273) 84
OP_GT (274) 85
OP_LT (275) 86
OP_GE (276) 82
OP_LE (277) 83
OP_PLUS (278) 43 93
OP_MINUS (279) 44 94 100 103 106 109
OP_TIMES (280) 46 97
OP_DIVIDE (281) 47 98
MK_LB (282) 19 20 41 42 113 114
MK_RB (283) 19 20 41 42 113 114
MK_LPAREN (284) 7 50 59 60 62 63 64 99 100 101 105 106 107
MK_RPAREN (285) 7 50 59 60 62 63 64 99 100 101 105 106 107
MK_LBRACE (286) 7 58
MK_RBRACE (287) 7 58
MK_COMMA (288) 13 38 39 52 70 89
MK_SEMICOLON (289) 31 32 33 34 60 61 64 65 66 67
MK_DOT (290)
ERROR (291)
RETURN (292) 66 67


非終結語詞，附有它們出現處的規則

$accept (38)
    於左側： 0
program (39)
    於左側： 1 2, 於右側： 0
global_decl_list (40)
    於左側： 3 4, 於右側： 1 3
global_decl (41)
    於左側： 5 6, 於右側： 3 4
function_decl (42)
    於左側： 7, 於右側： 5 6
function_head (43)
    於左側： 8 9 10, 於右側： 7
opt_param_list (44)
    於左側： 11 12, 於右側： 7
param_list (45)
    於左側： 13 14, 於右側： 11 13
param (46)
    於左側： 15 16 17 18, 於右側： 13 14
dim_fn (47)
    於左側： 19 20, 於右側： 17 18 20
expr_null (48)
    於左側： 21 22, 於右側： 19
block (49)
    於左側： 23 24 25 26, 於右側： 7 58
decl_list (50)
    於左側： 27 28, 於右側： 5 23 25 27
decl (51)
    於左側： 29 30, 於右側： 27 28
type_decl (52)
    於左側： 31 32, 於右側： 29
var_decl (53)
    於左側： 33 34, 於右側： 30
type (54)
    於左側： 35 36, 於右側： 8 15 17 31 33
id_list (55)
    於左側： 37 38 39 40, 於右側： 31 32 38 39
dim_decl (56)
    於左側： 41 42, 於右側： 39 40 42 54
cexpr (57)
    於左側： 43 44 45, 於右側： 41 42 43 44 50
mcexpr (58)
    於左側： 46 47 48, 於右側： 43 44 45 46 47
cfactor (59)
    於左側： 49 50, 於右側： 46 47 48
init_id_list (60)
    於左側： 51 52, 於右側： 33 34 52
init_id (61)
    於左側： 53 54 55, 於右側： 51 52
stmt_list (62)
    於左側： 56 57, 於右側： 23 24 56
stmt (63)
    於左側： 58 59 60 61 62 63 64 65 66 67, 於右側： 56 57
    59 60 62 63
assign_expr_list (64)
    於左側： 68 69, 於右側： 60
nonempty_assign_expr_list (65)
    於左側： 70 71, 於右側： 68 70
test (66)
    於左側： 72, 於右側： 59 62 63
assign_expr (67)
    於左側： 73 74, 於右側： 70 71 72
relop_expr (68)
    於左側： 75 76, 於右側： 55 61 67 73 74 76 89 90 99 100
    101
relop_term (69)
    於左側： 77 78, 於右側： 75 76 78
relop_factor (70)
    於左側： 79 80, 於右側： 77 78
rel_op (71)
    於左側： 81 82 83 84 85 86, 於右側： 80
relop_expr_list (72)
    於左側： 87 88, 於右側： 60 64 105 106 107
nonempty_relop_expr_list (73)
    於左側： 89 90, 於右側： 87 89
expr (74)
    於左側： 91 92, 於右側： 20 21 79 80 91 113 114
add_op (75)
    於左側： 93 94, 於右側： 91
term (76)
    於左側： 95 96, 於右側： 91 92 95
mul_op (77)
    於左側： 97 98, 於右側： 95
factor (78)
    於左側： 99 100 101 102 103 104 105 106 107 108 109 110, 於右側：
    95 96
var_ref (79)
    於左側： 111 112, 於右側： 61 108 109 110
dim_list (80)
    於左側： 113 114, 於右側： 112 113


狀態 0

    0 $accept: . program $end

    ID       偏移，並進入狀態 1
    VOID     偏移，並進入狀態 2
    INT      偏移，並進入狀態 3
    FLOAT    偏移，並進入狀態 4
    TYPEDEF  偏移，並進入狀態 5

    $預設  使用規則 2 以縮減 (program)

    program           進入狀態 6
    global_decl_list  進入狀態 7
    global_decl       進入狀態 8
    function_decl     進入狀態 9
    function_head     進入狀態 10
    decl_list         進入狀態 11
    decl              進入狀態 12
    type_decl         進入狀態 13
    var_decl          進入狀態 14
    type              進入狀態 15


狀態 1

   10 function_head: ID . ID
   34 var_decl: ID . init_id_list MK_SEMICOLON

    ID  偏移，並進入狀態 16

    init_id_list  進入狀態 17
    init_id       進入狀態 18


狀態 2

    9 function_head: VOID . ID

    ID  偏移，並進入狀態 19


狀態 3

   35 type: INT .

    $預設  使用規則 35 以縮減 (type)


狀態 4

   36 type: FLOAT .

    $預設  使用規則 36 以縮減 (type)


狀態 5

   31 type_decl: TYPEDEF . type id_list MK_SEMICOLON
   32          | TYPEDEF . VOID id_list MK_SEMICOLON

    VOID   偏移，並進入狀態 20
    INT    偏移，並進入狀態 3
    FLOAT  偏移，並進入狀態 4

    type  進入狀態 21


狀態 6

    0 $accept: program . $end

    $end  偏移，並進入狀態 22


狀態 7

    1 program: global_decl_list .
    3 global_decl_list: global_decl_list . global_decl

    ID       偏移，並進入狀態 1
    VOID     偏移，並進入狀態 2
    INT      偏移，並進入狀態 3
    FLOAT    偏移，並進入狀態 4
    TYPEDEF  偏移，並進入狀態 5

    $預設  使用規則 1 以縮減 (program)

    global_decl    進入狀態 23
    function_decl  進入狀態 9
    function_head  進入狀態 10
    decl_list      進入狀態 11
    decl           進入狀態 12
    type_decl      進入狀態 13
    var_decl       進入狀態 14
    type           進入狀態 15


狀態 8

    4 global_decl_list: global_decl .

    $預設  使用規則 4 以縮減 (global_decl_list)


狀態 9

    6 global_decl: function_decl .

    $預設  使用規則 6 以縮減 (global_decl)


狀態 10

    7 function_decl: function_head . MK_LPAREN opt_param_list MK_RPAREN MK_LBRACE block MK_RBRACE

    MK_LPAREN  偏移，並進入狀態 24


狀態 11

    5 global_decl: decl_list . function_decl
   27 decl_list: decl_list . decl

    ID       偏移，並進入狀態 1
    VOID     偏移，並進入狀態 2
    INT      偏移，並進入狀態 3
    FLOAT    偏移，並進入狀態 4
    TYPEDEF  偏移，並進入狀態 5

    function_decl  進入狀態 25
    function_head  進入狀態 10
    decl           進入狀態 26
    type_decl      進入狀態 13
    var_decl       進入狀態 14
    type           進入狀態 15


狀態 12

   28 decl_list: decl .

    $預設  使用規則 28 以縮減 (decl_list)


狀態 13

   29 decl: type_decl .

    $預設  使用規則 29 以縮減 (decl)


狀態 14

   30 decl: var_decl .

    $預設  使用規則 30 以縮減 (decl)


狀態 15

    8 function_head: type . ID
   33 var_decl: type . init_id_list MK_SEMICOLON

    ID  偏移，並進入狀態 27

    init_id_list  進入狀態 28
    init_id       進入狀態 18


狀態 16

   10 function_head: ID ID .
   53 init_id: ID .
   54        | ID . dim_decl
   55        | ID . OP_ASSIGN relop_expr

    OP_ASSIGN  偏移，並進入狀態 29
    MK_LB      偏移，並進入狀態 30

    MK_LPAREN  使用規則 10 以縮減 (function_head)
    $預設    使用規則 53 以縮減 (init_id)

    dim_decl  進入狀態 31


狀態 17

   34 var_decl: ID init_id_list . MK_SEMICOLON
   52 init_id_list: init_id_list . MK_COMMA init_id

    MK_COMMA      偏移，並進入狀態 32
    MK_SEMICOLON  偏移，並進入狀態 33


狀態 18

   51 init_id_list: init_id .

    $預設  使用規則 51 以縮減 (init_id_list)


狀態 19

    9 function_head: VOID ID .

    $預設  使用規則 9 以縮減 (function_head)


狀態 20

   32 type_decl: TYPEDEF VOID . id_list MK_SEMICOLON

    ID  偏移，並進入狀態 34

    id_list  進入狀態 35


狀態 21

   31 type_decl: TYPEDEF type . id_list MK_SEMICOLON

    ID  偏移，並進入狀態 34

    id_list  進入狀態 36


狀態 22

    0 $accept: program $end .

    $預設  接受


狀態 23

    3 global_decl_list: global_decl_list global_decl .

    $預設  使用規則 3 以縮減 (global_decl_list)


狀態 24

    7 function_decl: function_head MK_LPAREN . opt_param_list MK_RPAREN MK_LBRACE block MK_RBRACE

    ID     偏移，並進入狀態 37
    INT    偏移，並進入狀態 3
    FLOAT  偏移，並進入狀態 4

    $預設  使用規則 12 以縮減 (opt_param_list)

    opt_param_list  進入狀態 38
    param_list      進入狀態 39
    param           進入狀態 40
    type            進入狀態 41


狀態 25

    5 global_decl: decl_list function_decl .

    $預設  使用規則 5 以縮減 (global_decl)


狀態 26

   27 decl_list: decl_list decl .

    $預設  使用規則 27 以縮減 (decl_list)


狀態 27

    8 function_head: type ID .
   53 init_id: ID .
   54        | ID . dim_decl
   55        | ID . OP_ASSIGN relop_expr

    OP_ASSIGN  偏移，並進入狀態 29
    MK_LB      偏移，並進入狀態 30

    MK_LPAREN  使用規則 8 以縮減 (function_head)
    $預設    使用規則 53 以縮減 (init_id)

    dim_decl  進入狀態 31


狀態 28

   33 var_decl: type init_id_list . MK_SEMICOLON
   52 init_id_list: init_id_list . MK_COMMA init_id

    MK_COMMA      偏移，並進入狀態 32
    MK_SEMICOLON  偏移，並進入狀態 42


狀態 29

   55 init_id: ID OP_ASSIGN . relop_expr

    ID         偏移，並進入狀態 43
    CONST      偏移，並進入狀態 44
    OP_NOT     偏移，並進入狀態 45
    OP_MINUS   偏移，並進入狀態 46
    MK_LPAREN  偏移，並進入狀態 47

    relop_expr    進入狀態 48
    relop_term    進入狀態 49
    relop_factor  進入狀態 50
    expr          進入狀態 51
    term          進入狀態 52
    factor        進入狀態 53
    var_ref       進入狀態 54


狀態 30

   41 dim_decl: MK_LB . cexpr MK_RB

    CONST      偏移，並進入狀態 55
    MK_LPAREN  偏移，並進入狀態 56

    cexpr    進入狀態 57
    mcexpr   進入狀態 58
    cfactor  進入狀態 59


狀態 31

   42 dim_decl: dim_decl . MK_LB cexpr MK_RB
   54 init_id: ID dim_decl .

    MK_LB  偏移，並進入狀態 60

    $預設  使用規則 54 以縮減 (init_id)


狀態 32

   52 init_id_list: init_id_list MK_COMMA . init_id

    ID  偏移，並進入狀態 61

    init_id  進入狀態 62


狀態 33

   34 var_decl: ID init_id_list MK_SEMICOLON .

    $預設  使用規則 34 以縮減 (var_decl)


狀態 34

   37 id_list: ID .
   40        | ID . dim_decl

    MK_LB  偏移，並進入狀態 30

    $預設  使用規則 37 以縮減 (id_list)

    dim_decl  進入狀態 63


狀態 35

   32 type_decl: TYPEDEF VOID id_list . MK_SEMICOLON
   38 id_list: id_list . MK_COMMA ID
   39        | id_list . MK_COMMA ID dim_decl

    MK_COMMA      偏移，並進入狀態 64
    MK_SEMICOLON  偏移，並進入狀態 65


狀態 36

   31 type_decl: TYPEDEF type id_list . MK_SEMICOLON
   38 id_list: id_list . MK_COMMA ID
   39        | id_list . MK_COMMA ID dim_decl

    MK_COMMA      偏移，並進入狀態 64
    MK_SEMICOLON  偏移，並進入狀態 66


狀態 37

   16 param: ID . ID
   18      | ID . ID dim_fn

    ID  偏移，並進入狀態 67


狀態 38

    7 function_decl: function_head MK_LPAREN opt_param_list . MK_RPAREN MK_LBRACE block MK_RBRACE

    MK_RPAREN  偏移，並進入狀態 68


狀態 39

   11 opt_param_list: param_list .
   13 param_list: param_list . MK_COMMA param

    MK_COMMA  偏移，並進入狀態 69

    $預設  使用規則 11 以縮減 (opt_param_list)


狀態 40

   14 param_list: param .

    $預設  使用規則 14 以縮減 (param_list)


狀態 41

   15 param: type . ID
   17      | type . ID dim_fn

    ID  偏移，並進入狀態 70


狀態 42

   33 var_decl: type init_id_list MK_SEMICOLON .

    $預設  使用規則 33 以縮減 (var_decl)


狀態 43

  105 factor: ID . MK_LPAREN relop_expr_list MK_RPAREN
  111 var_ref: ID .
  112        | ID . dim_list

    MK_LB      偏移，並進入狀態 71
    MK_LPAREN  偏移，並進入狀態 72

    $預設  使用規則 111 以縮減 (var_ref)

    dim_list  進入狀態 73


狀態 44

  102 factor: CONST .

    $預設  使用規則 102 以縮減 (factor)


狀態 45

  101 factor: OP_NOT . MK_LPAREN relop_expr MK_RPAREN
  104       | OP_NOT . CONST
  107       | OP_NOT . ID MK_LPAREN relop_expr_list MK_RPAREN
  110       | OP_NOT . var_ref

    ID         偏移，並進入狀態 74
    CONST      偏移，並進入狀態 75
    MK_LPAREN  偏移，並進入狀態 76

    var_ref  進入狀態 77


狀態 46

  100 factor: OP_MINUS . MK_LPAREN relop_expr MK_RPAREN
  103       | OP_MINUS . CONST
  106       | OP_MINUS . ID MK_LPAREN relop_expr_list MK_RPAREN
  109       | OP_MINUS . var_ref

    ID         偏移，並進入狀態 78
    CONST      偏移，並進入狀態 79
    MK_LPAREN  偏移，並進入狀態 80

    var_ref  進入狀態 81


狀態 47

   99 factor: MK_LPAREN . relop_expr MK_RPAREN

    ID         偏移，並進入狀態 43
    CONST      偏移，並進入狀態 44
    OP_NOT     偏移，並進入狀態 45
    OP_MINUS   偏移，並進入狀態 46
    MK_LPAREN  偏移，並進入狀態 47

    relop_expr    進入狀態 82
    relop_term    進入狀態 49
    relop_factor  進入狀態 50
    expr          進入狀態 51
    term          進入狀態 52
    factor        進入狀態 53
    var_ref       進入狀態 54


狀態 48

   55 init_id: ID OP_ASSIGN relop_expr .
   76 relop_expr: relop_expr . OP_OR relop_term

    OP_OR  偏移，並進入狀態 83

    $預設  使用規則 55 以縮減 (init_id)


狀態 49

   75 relop_expr: relop_term .
   78 relop_term: relop_term . OP_AND relop_factor

    OP_AND  偏移，並進入狀態 84

    $預設  使用規則 75 以縮減 (relop_expr)


狀態 50

   77 relop_term: relop_factor .

    $預設  使用規則 77 以縮減 (relop_term)


狀態 51

   79 relop_factor: expr .
   80             | expr . rel_op expr
   91 expr: expr . add_op term

    OP_EQ     偏移，並進入狀態 85
    OP_NE     偏移，並進入狀態 86
    OP_GT     偏移，並進入狀態 87
    OP_LT     偏移，並進入狀態 88
    OP_GE     偏移，並進入狀態 89
    OP_LE     偏移，並進入狀態 90
    OP_PLUS   偏移，並進入狀態 91
    OP_MINUS  偏移，並進入狀態 92

    $預設  使用規則 79 以縮減 (relop_factor)

    rel_op  進入狀態 93
    add_op  進入狀態 94


狀態 52

   92 expr: term .
   95 term: term . mul_op factor

    OP_TIMES   偏移，並進入狀態 95
    OP_DIVIDE  偏移，並進入狀態 96

    $預設  使用規則 92 以縮減 (expr)

    mul_op  進入狀態 97


狀態 53

   96 term: factor .

    $預設  使用規則 96 以縮減 (term)


狀態 54

  108 factor: var_ref .

    $預設  使用規則 108 以縮減 (factor)


狀態 55

   49 cfactor: CONST .

    $預設  使用規則 49 以縮減 (cfactor)


狀態 56

   50 cfactor: MK_LPAREN . cexpr MK_RPAREN

    CONST      偏移，並進入狀態 55
    MK_LPAREN  偏移，並進入狀態 56

    cexpr    進入狀態 98
    mcexpr   進入狀態 58
    cfactor  進入狀態 59


狀態 57

   41 dim_decl: MK_LB cexpr . MK_RB
   43 cexpr: cexpr . OP_PLUS mcexpr
   44      | cexpr . OP_MINUS mcexpr

    OP_PLUS   偏移，並進入狀態 99
    OP_MINUS  偏移，並進入狀態 100
    MK_RB     偏移，並進入狀態 101


狀態 58

   45 cexpr: mcexpr .
   46 mcexpr: mcexpr . OP_TIMES cfactor
   47       | mcexpr . OP_DIVIDE cfactor

    OP_TIMES   偏移，並進入狀態 102
    OP_DIVIDE  偏移，並進入狀態 103

    $預設  使用規則 45 以縮減 (cexpr)


狀態 59

   48 mcexpr: cfactor .

    $預設  使用規則 48 以縮減 (mcexpr)


狀態 60

   42 dim_decl: dim_decl MK_LB . cexpr MK_RB

    CONST      偏移，並進入狀態 55
    MK_LPAREN  偏移，並進入狀態 56

    cexpr    進入狀態 104
    mcexpr   進入狀態 58
    cfactor  進入狀態 59


狀態 61

   53 init_id: ID .
   54        | ID . dim_decl
   55        | ID . OP_ASSIGN relop_expr

    OP_ASSIGN  偏移，並進入狀態 29
    MK_LB      偏移，並進入狀態 30

    $預設  使用規則 53 以縮減 (init_id)

    dim_decl  進入狀態 31


狀態 62

   52 init_id_list: init_id_list MK_COMMA init_id .

    $預設  使用規則 52 以縮減 (init_id_list)


狀態 63

   40 id_list: ID dim_decl .
   42 dim_decl: dim_decl . MK_LB cexpr MK_RB

    MK_LB  偏移，並進入狀態 60

    $預設  使用規則 40 以縮減 (id_list)


狀態 64

   38 id_list: id_list MK_COMMA . ID
   39        | id_list MK_COMMA . ID dim_decl

    ID  偏移，並進入狀態 105


狀態 65

   32 type_decl: TYPEDEF VOID id_list MK_SEMICOLON .

    $預設  使用規則 32 以縮減 (type_decl)


狀態 66

   31 type_decl: TYPEDEF type id_list MK_SEMICOLON .

    $預設  使用規則 31 以縮減 (type_decl)


狀態 67

   16 param: ID ID .
   18      | ID ID . dim_fn

    MK_LB  偏移，並進入狀態 106

    $預設  使用規則 16 以縮減 (param)

    dim_fn  進入狀態 107


狀態 68

    7 function_decl: function_head MK_LPAREN opt_param_list MK_RPAREN . MK_LBRACE block MK_RBRACE

    MK_LBRACE  偏移，並進入狀態 108


狀態 69

   13 param_list: param_list MK_COMMA . param

    ID     偏移，並進入狀態 37
    INT    偏移，並進入狀態 3
    FLOAT  偏移，並進入狀態 4

    param  進入狀態 109
    type   進入狀態 41


狀態 70

   15 param: type ID .
   17      | type ID . dim_fn

    MK_LB  偏移，並進入狀態 106

    $預設  使用規則 15 以縮減 (param)

    dim_fn  進入狀態 110


狀態 71

  114 dim_list: MK_LB . expr MK_RB

    ID         偏移，並進入狀態 43
    CONST      偏移，並進入狀態 44
    OP_NOT     偏移，並進入狀態 45
    OP_MINUS   偏移，並進入狀態 46
    MK_LPAREN  偏移，並進入狀態 47

    expr     進入狀態 111
    term     進入狀態 52
    factor   進入狀態 53
    var_ref  進入狀態 54


狀態 72

  105 factor: ID MK_LPAREN . relop_expr_list MK_RPAREN

    ID         偏移，並進入狀態 43
    CONST      偏移，並進入狀態 44
    OP_NOT     偏移，並進入狀態 45
    OP_MINUS   偏移，並進入狀態 46
    MK_LPAREN  偏移，並進入狀態 47

    $預設  使用規則 88 以縮減 (relop_expr_list)

    relop_expr                進入狀態 112
    relop_term                進入狀態 49
    relop_factor              進入狀態 50
    relop_expr_list           進入狀態 113
    nonempty_relop_expr_list  進入狀態 114
    expr                      進入狀態 51
    term                      進入狀態 52
    factor                    進入狀態 53
    var_ref                   進入狀態 54


狀態 73

  112 var_ref: ID dim_list .
  113 dim_list: dim_list . MK_LB expr MK_RB

    MK_LB  偏移，並進入狀態 115

    $預設  使用規則 112 以縮減 (var_ref)


狀態 74

  107 factor: OP_NOT ID . MK_LPAREN relop_expr_list MK_RPAREN
  111 var_ref: ID .
  112        | ID . dim_list

    MK_LB      偏移，並進入狀態 71
    MK_LPAREN  偏移，並進入狀態 116

    $預設  使用規則 111 以縮減 (var_ref)

    dim_list  進入狀態 73


狀態 75

  104 factor: OP_NOT CONST .

    $預設  使用規則 104 以縮減 (factor)


狀態 76

  101 factor: OP_NOT MK_LPAREN . relop_expr MK_RPAREN

    ID         偏移，並進入狀態 43
    CONST      偏移，並進入狀態 44
    OP_NOT     偏移，並進入狀態 45
    OP_MINUS   偏移，並進入狀態 46
    MK_LPAREN  偏移，並進入狀態 47

    relop_expr    進入狀態 117
    relop_term    進入狀態 49
    relop_factor  進入狀態 50
    expr          進入狀態 51
    term          進入狀態 52
    factor        進入狀態 53
    var_ref       進入狀態 54


狀態 77

  110 factor: OP_NOT var_ref .

    $預設  使用規則 110 以縮減 (factor)


狀態 78

  106 factor: OP_MINUS ID . MK_LPAREN relop_expr_list MK_RPAREN
  111 var_ref: ID .
  112        | ID . dim_list

    MK_LB      偏移，並進入狀態 71
    MK_LPAREN  偏移，並進入狀態 118

    $預設  使用規則 111 以縮減 (var_ref)

    dim_list  進入狀態 73


狀態 79

  103 factor: OP_MINUS CONST .

    $預設  使用規則 103 以縮減 (factor)


狀態 80

  100 factor: OP_MINUS MK_LPAREN . relop_expr MK_RPAREN

    ID         偏移，並進入狀態 43
    CONST      偏移，並進入狀態 44
    OP_NOT     偏移，並進入狀態 45
    OP_MINUS   偏移，並進入狀態 46
    MK_LPAREN  偏移，並進入狀態 47

    relop_expr    進入狀態 119
    relop_term    進入狀態 49
    relop_factor  進入狀態 50
    expr          進入狀態 51
    term          進入狀態 52
    factor        進入狀態 53
    var_ref       進入狀態 54


狀態 81

  109 factor: OP_MINUS var_ref .

    $預設  使用規則 109 以縮減 (factor)


狀態 82

   76 relop_expr: relop_expr . OP_OR relop_term
   99 factor: MK_LPAREN relop_expr . MK_RPAREN

    OP_OR      偏移，並進入狀態 83
    MK_RPAREN  偏移，並進入狀態 120


狀態 83

   76 relop_expr: relop_expr OP_OR . relop_term

    ID         偏移，並進入狀態 43
    CONST      偏移，並進入狀態 44
    OP_NOT     偏移，並進入狀態 45
    OP_MINUS   偏移，並進入狀態 46
    MK_LPAREN  偏移，並進入狀態 47

    relop_term    進入狀態 121
    relop_factor  進入狀態 50
    expr          進入狀態 51
    term          進入狀態 52
    factor        進入狀態 53
    var_ref       進入狀態 54


狀態 84

   78 relop_term: relop_term OP_AND . relop_factor

    ID         偏移，並進入狀態 43
    CONST      偏移，並進入狀態 44
    OP_NOT     偏移，並進入狀態 45
    OP_MINUS   偏移，並進入狀態 46
    MK_LPAREN  偏移，並進入狀態 47

    relop_factor  進入狀態 122
    expr          進入狀態 51
    term          進入狀態 52
    factor        進入狀態 53
    var_ref       進入狀態 54


狀態 85

   81 rel_op: OP_EQ .

    $預設  使用規則 81 以縮減 (rel_op)


狀態 86

   84 rel_op: OP_NE .

    $預設  使用規則 84 以縮減 (rel_op)


狀態 87

   85 rel_op: OP_GT .

    $預設  使用規則 85 以縮減 (rel_op)


狀態 88

   86 rel_op: OP_LT .

    $預設  使用規則 86 以縮減 (rel_op)


狀態 89

   82 rel_op: OP_GE .

    $預設  使用規則 82 以縮減 (rel_op)


狀態 90

   83 rel_op: OP_LE .

    $預設  使用規則 83 以縮減 (rel_op)


狀態 91

   93 add_op: OP_PLUS .

    $預設  使用規則 93 以縮減 (add_op)


狀態 92

   94 add_op: OP_MINUS .

    $預設  使用規則 94 以縮減 (add_op)


狀態 93

   80 relop_factor: expr rel_op . expr

    ID         偏移，並進入狀態 43
    CONST      偏移，並進入狀態 44
    OP_NOT     偏移，並進入狀態 45
    OP_MINUS   偏移，並進入狀態 46
    MK_LPAREN  偏移，並進入狀態 47

    expr     進入狀態 123
    term     進入狀態 52
    factor   進入狀態 53
    var_ref  進入狀態 54


狀態 94

   91 expr: expr add_op . term

    ID         偏移，並進入狀態 43
    CONST      偏移，並進入狀態 44
    OP_NOT     偏移，並進入狀態 45
    OP_MINUS   偏移，並進入狀態 46
    MK_LPAREN  偏移，並進入狀態 47

    term     進入狀態 124
    factor   進入狀態 53
    var_ref  進入狀態 54


狀態 95

   97 mul_op: OP_TIMES .

    $預設  使用規則 97 以縮減 (mul_op)


狀態 96

   98 mul_op: OP_DIVIDE .

    $預設  使用規則 98 以縮減 (mul_op)


狀態 97

   95 term: term mul_op . factor

    ID         偏移，並進入狀態 43
    CONST      偏移，並進入狀態 44
    OP_NOT     偏移，並進入狀態 45
    OP_MINUS   偏移，並進入狀態 46
    MK_LPAREN  偏移，並進入狀態 47

    factor   進入狀態 125
    var_ref  進入狀態 54


狀態 98

   43 cexpr: cexpr . OP_PLUS mcexpr
   44      | cexpr . OP_MINUS mcexpr
   50 cfactor: MK_LPAREN cexpr . MK_RPAREN

    OP_PLUS    偏移，並進入狀態 99
    OP_MINUS   偏移，並進入狀態 100
    MK_RPAREN  偏移，並進入狀態 126


狀態 99

   43 cexpr: cexpr OP_PLUS . mcexpr

    CONST      偏移，並進入狀態 55
    MK_LPAREN  偏移，並進入狀態 56

    mcexpr   進入狀態 127
    cfactor  進入狀態 59


狀態 100

   44 cexpr: cexpr OP_MINUS . mcexpr

    CONST      偏移，並進入狀態 55
    MK_LPAREN  偏移，並進入狀態 56

    mcexpr   進入狀態 128
    cfactor  進入狀態 59


狀態 101

   41 dim_decl: MK_LB cexpr MK_RB .

    $預設  使用規則 41 以縮減 (dim_decl)


狀態 102

   46 mcexpr: mcexpr OP_TIMES . cfactor

    CONST      偏移，並進入狀態 55
    MK_LPAREN  偏移，並進入狀態 56

    cfactor  進入狀態 129


狀態 103

   47 mcexpr: mcexpr OP_DIVIDE . cfactor

    CONST      偏移，並進入狀態 55
    MK_LPAREN  偏移，並進入狀態 56

    cfactor  進入狀態 130


狀態 104

   42 dim_decl: dim_decl MK_LB cexpr . MK_RB
   43 cexpr: cexpr . OP_PLUS mcexpr
   44      | cexpr . OP_MINUS mcexpr

    OP_PLUS   偏移，並進入狀態 99
    OP_MINUS  偏移，並進入狀態 100
    MK_RB     偏移，並進入狀態 131


狀態 105

   38 id_list: id_list MK_COMMA ID .
   39        | id_list MK_COMMA ID . dim_decl

    MK_LB  偏移，並進入狀態 30

    $預設  使用規則 38 以縮減 (id_list)

    dim_decl  進入狀態 132


狀態 106

   19 dim_fn: MK_LB . expr_null MK_RB

    ID         偏移，並進入狀態 43
    CONST      偏移，並進入狀態 44
    OP_NOT     偏移，並進入狀態 45
    OP_MINUS   偏移，並進入狀態 46
    MK_LPAREN  偏移，並進入狀態 47

    $預設  使用規則 22 以縮減 (expr_null)

    expr_null  進入狀態 133
    expr       進入狀態 134
    term       進入狀態 52
    factor     進入狀態 53
    var_ref    進入狀態 54


狀態 107

   18 param: ID ID dim_fn .
   20 dim_fn: dim_fn . MK_LB expr MK_RB

    MK_LB  偏移，並進入狀態 135

    $預設  使用規則 18 以縮減 (param)


狀態 108

    7 function_decl: function_head MK_LPAREN opt_param_list MK_RPAREN MK_LBRACE . block MK_RBRACE

    ID            偏移，並進入狀態 136
    INT           偏移，並進入狀態 3
    FLOAT         偏移，並進入狀態 4
    IF            偏移，並進入狀態 137
    WHILE         偏移，並進入狀態 138
    FOR           偏移，並進入狀態 139
    TYPEDEF       偏移，並進入狀態 5
    MK_LBRACE     偏移，並進入狀態 140
    MK_SEMICOLON  偏移，並進入狀態 141
    RETURN        偏移，並進入狀態 142

    $預設  使用規則 26 以縮減 (block)

    block      進入狀態 143
    decl_list  進入狀態 144
    decl       進入狀態 12
    type_decl  進入狀態 13
    var_decl   進入狀態 14
    type       進入狀態 145
    stmt_list  進入狀態 146
    stmt       進入狀態 147
    var_ref    進入狀態 148


狀態 109

   13 param_list: param_list MK_COMMA param .

    $預設  使用規則 13 以縮減 (param_list)


狀態 110

   17 param: type ID dim_fn .
   20 dim_fn: dim_fn . MK_LB expr MK_RB

    MK_LB  偏移，並進入狀態 135

    $預設  使用規則 17 以縮減 (param)


狀態 111

   91 expr: expr . add_op term
  114 dim_list: MK_LB expr . MK_RB

    OP_PLUS   偏移，並進入狀態 91
    OP_MINUS  偏移，並進入狀態 92
    MK_RB     偏移，並進入狀態 149

    add_op  進入狀態 94


狀態 112

   76 relop_expr: relop_expr . OP_OR relop_term
   90 nonempty_relop_expr_list: relop_expr .

    OP_OR  偏移，並進入狀態 83

    $預設  使用規則 90 以縮減 (nonempty_relop_expr_list)


狀態 113

  105 factor: ID MK_LPAREN relop_expr_list . MK_RPAREN

    MK_RPAREN  偏移，並進入狀態 150


狀態 114

   87 relop_expr_list: nonempty_relop_expr_list .
   89 nonempty_relop_expr_list: nonempty_relop_expr_list . MK_COMMA relop_expr

    MK_COMMA  偏移，並進入狀態 151

    $預設  使用規則 87 以縮減 (relop_expr_list)


狀態 115

  113 dim_list: dim_list MK_LB . expr MK_RB

    ID         偏移，並進入狀態 43
    CONST      偏移，並進入狀態 44
    OP_NOT     偏移，並進入狀態 45
    OP_MINUS   偏移，並進入狀態 46
    MK_LPAREN  偏移，並進入狀態 47

    expr     進入狀態 152
    term     進入狀態 52
    factor   進入狀態 53
    var_ref  進入狀態 54


狀態 116

  107 factor: OP_NOT ID MK_LPAREN . relop_expr_list MK_RPAREN

    ID         偏移，並進入狀態 43
    CONST      偏移，並進入狀態 44
    OP_NOT     偏移，並進入狀態 45
    OP_MINUS   偏移，並進入狀態 46
    MK_LPAREN  偏移，並進入狀態 47

    $預設  使用規則 88 以縮減 (relop_expr_list)

    relop_expr                進入狀態 112
    relop_term                進入狀態 49
    relop_factor              進入狀態 50
    relop_expr_list           進入狀態 153
    nonempty_relop_expr_list  進入狀態 114
    expr                      進入狀態 51
    term                      進入狀態 52
    factor                    進入狀態 53
    var_ref                   進入狀態 54


狀態 117

   76 relop_expr: relop_expr . OP_OR relop_term
  101 factor: OP_NOT MK_LPAREN relop_expr . MK_RPAREN

    OP_OR      偏移，並進入狀態 83
    MK_RPAREN  偏移，並進入狀態 154


狀態 118

  106 factor: OP_MINUS ID MK_LPAREN . relop_expr_list MK_RPAREN

    ID         偏移，並進入狀態 43
    CONST      偏移，並進入狀態 44
    OP_NOT     偏移，並進入狀態 45
    OP_MINUS   偏移，並進入狀態 46
    MK_LPAREN  偏移，並進入狀態 47

    $預設  使用規則 88 以縮減 (relop_expr_list)

    relop_expr                進入狀態 112
    relop_term                進入狀態 49
    relop_factor              進入狀態 50
    relop_expr_list           進入狀態 155
    nonempty_relop_expr_list  進入狀態 114
    expr                      進入狀態 51
    term                      進入狀態 52
    factor                    進入狀態 53
    var_ref                   進入狀態 54


狀態 119

   76 relop_expr: relop_expr . OP_OR relop_term
  100 factor: OP_MINUS MK_LPAREN relop_expr . MK_RPAREN

    OP_OR      偏移，並進入狀態 83
    MK_RPAREN  偏移，並進入狀態 156


狀態 120

   99 factor: MK_LPAREN relop_expr MK_RPAREN .

    $預設  使用規則 99 以縮減 (factor)


狀態 121

   76 relop_expr: relop_expr OP_OR relop_term .
   78 relop_term: relop_term . OP_AND relop_factor

    OP_AND  偏移，並進入狀態 84

    $預設  使用規則 76 以縮減 (relop_expr)


狀態 122

   78 relop_term: relop_term OP_AND relop_factor .

    $預設  使用規則 78 以縮減 (relop_term)


狀態 123

   80 relop_factor: expr rel_op expr .
   91 expr: expr . add_op term

    OP_PLUS   偏移，並進入狀態 91
    OP_MINUS  偏移，並進入狀態 92

    $預設  使用規則 80 以縮減 (relop_factor)

    add_op  進入狀態 94


狀態 124

   91 expr: expr add_op term .
   95 term: term . mul_op factor

    OP_TIMES   偏移，並進入狀態 95
    OP_DIVIDE  偏移，並進入狀態 96

    $預設  使用規則 91 以縮減 (expr)

    mul_op  進入狀態 97


狀態 125

   95 term: term mul_op factor .

    $預設  使用規則 95 以縮減 (term)


狀態 126

   50 cfactor: MK_LPAREN cexpr MK_RPAREN .

    $預設  使用規則 50 以縮減 (cfactor)


狀態 127

   43 cexpr: cexpr OP_PLUS mcexpr .
   46 mcexpr: mcexpr . OP_TIMES cfactor
   47       | mcexpr . OP_DIVIDE cfactor

    OP_TIMES   偏移，並進入狀態 102
    OP_DIVIDE  偏移，並進入狀態 103

    $預設  使用規則 43 以縮減 (cexpr)


狀態 128

   44 cexpr: cexpr OP_MINUS mcexpr .
   46 mcexpr: mcexpr . OP_TIMES cfactor
   47       | mcexpr . OP_DIVIDE cfactor

    OP_TIMES   偏移，並進入狀態 102
    OP_DIVIDE  偏移，並進入狀態 103

    $預設  使用規則 44 以縮減 (cexpr)


狀態 129

   46 mcexpr: mcexpr OP_TIMES cfactor .

    $預設  使用規則 46 以縮減 (mcexpr)


狀態 130

   47 mcexpr: mcexpr OP_DIVIDE cfactor .

    $預設  使用規則 47 以縮減 (mcexpr)


狀態 131

   42 dim_decl: dim_decl MK_LB cexpr MK_RB .

    $預設  使用規則 42 以縮減 (dim_decl)


狀態 132

   39 id_list: id_list MK_COMMA ID dim_decl .
   42 dim_decl: dim_decl . MK_LB cexpr MK_RB

    MK_LB  偏移，並進入狀態 60

    $預設  使用規則 39 以縮減 (id_list)


狀態 133

   19 dim_fn: MK_LB expr_null . MK_RB

    MK_RB  偏移，並進入狀態 157


狀態 134

   21 expr_null: expr .
   91 expr: expr . add_op term

    OP_PLUS   偏移，並進入狀態 91
    OP_MINUS  偏移，並進入狀態 92

    $預設  使用規則 21 以縮減 (expr_null)

    add_op  進入狀態 94


狀態 135

   20 dim_fn: dim_fn MK_LB . expr MK_RB

    ID         偏移，並進入狀態 43
    CONST      偏移，並進入狀態 44
    OP_NOT     偏移，並進入狀態 45
    OP_MINUS   偏移，並進入狀態 46
    MK_LPAREN  偏移，並進入狀態 47

    expr     進入狀態 158
    term     進入狀態 52
    factor   進入狀態 53
    var_ref  進入狀態 54


狀態 136

   34 var_decl: ID . init_id_list MK_SEMICOLON
   64 stmt: ID . MK_LPAREN relop_expr_list MK_RPAREN MK_SEMICOLON
  111 var_ref: ID .
  112        | ID . dim_list

    ID         偏移，並進入狀態 61
    MK_LB      偏移，並進入狀態 71
    MK_LPAREN  偏移，並進入狀態 159

    $預設  使用規則 111 以縮減 (var_ref)

    init_id_list  進入狀態 17
    init_id       進入狀態 18
    dim_list      進入狀態 73


狀態 137

   62 stmt: IF . MK_LPAREN test MK_RPAREN stmt
   63     | IF . MK_LPAREN test MK_RPAREN stmt ELSE stmt

    MK_LPAREN  偏移，並進入狀態 160


狀態 138

   59 stmt: WHILE . MK_LPAREN test MK_RPAREN stmt

    MK_LPAREN  偏移，並進入狀態 161


狀態 139

   60 stmt: FOR . MK_LPAREN assign_expr_list MK_SEMICOLON relop_expr_list MK_SEMICOLON assign_expr_list MK_RPAREN stmt

    MK_LPAREN  偏移，並進入狀態 162


狀態 140

   58 stmt: MK_LBRACE . block MK_RBRACE

    ID            偏移，並進入狀態 136
    INT           偏移，並進入狀態 3
    FLOAT         偏移，並進入狀態 4
    IF            偏移，並進入狀態 137
    WHILE         偏移，並進入狀態 138
    FOR           偏移，並進入狀態 139
    TYPEDEF       偏移，並進入狀態 5
    MK_LBRACE     偏移，並進入狀態 140
    MK_SEMICOLON  偏移，並進入狀態 141
    RETURN        偏移，並進入狀態 142

    $預設  使用規則 26 以縮減 (block)

    block      進入狀態 163
    decl_list  進入狀態 144
    decl       進入狀態 12
    type_decl  進入狀態 13
    var_decl   進入狀態 14
    type       進入狀態 145
    stmt_list  進入狀態 146
    stmt       進入狀態 147
    var_ref    進入狀態 148


狀態 141

   65 stmt: MK_SEMICOLON .

    $預設  使用規則 65 以縮減 (stmt)


狀態 142

   66 stmt: RETURN . MK_SEMICOLON
   67     | RETURN . relop_expr MK_SEMICOLON

    ID            偏移，並進入狀態 43
    CONST         偏移，並進入狀態 44
    OP_NOT        偏移，並進入狀態 45
    OP_MINUS      偏移，並進入狀態 46
    MK_LPAREN     偏移，並進入狀態 47
    MK_SEMICOLON  偏移，並進入狀態 164

    relop_expr    進入狀態 165
    relop_term    進入狀態 49
    relop_factor  進入狀態 50
    expr          進入狀態 51
    term          進入狀態 52
    factor        進入狀態 53
    var_ref       進入狀態 54


狀態 143

    7 function_decl: function_head MK_LPAREN opt_param_list MK_RPAREN MK_LBRACE block . MK_RBRACE

    MK_RBRACE  偏移，並進入狀態 166


狀態 144

   23 block: decl_list . stmt_list
   25      | decl_list .
   27 decl_list: decl_list . decl

    ID            偏移，並進入狀態 136
    INT           偏移，並進入狀態 3
    FLOAT         偏移，並進入狀態 4
    IF            偏移，並進入狀態 137
    WHILE         偏移，並進入狀態 138
    FOR           偏移，並進入狀態 139
    TYPEDEF       偏移，並進入狀態 5
    MK_LBRACE     偏移，並進入狀態 140
    MK_SEMICOLON  偏移，並進入狀態 141
    RETURN        偏移，並進入狀態 142

    $預設  使用規則 25 以縮減 (block)

    decl       進入狀態 26
    type_decl  進入狀態 13
    var_decl   進入狀態 14
    type       進入狀態 145
    stmt_list  進入狀態 167
    stmt       進入狀態 147
    var_ref    進入狀態 148


狀態 145

   33 var_decl: type . init_id_list MK_SEMICOLON

    ID  偏移，並進入狀態 61

    init_id_list  進入狀態 28
    init_id       進入狀態 18


狀態 146

   24 block: stmt_list .
   56 stmt_list: stmt_list . stmt

    ID            偏移，並進入狀態 168
    IF            偏移，並進入狀態 137
    WHILE         偏移，並進入狀態 138
    FOR           偏移，並進入狀態 139
    MK_LBRACE     偏移，並進入狀態 140
    MK_SEMICOLON  偏移，並進入狀態 141
    RETURN        偏移，並進入狀態 142

    $預設  使用規則 24 以縮減 (block)

    stmt     進入狀態 169
    var_ref  進入狀態 148


狀態 147

   57 stmt_list: stmt .

    $預設  使用規則 57 以縮減 (stmt_list)


狀態 148

   61 stmt: var_ref . OP_ASSIGN relop_expr MK_SEMICOLON

    OP_ASSIGN  偏移，並進入狀態 170


狀態 149

  114 dim_list: MK_LB expr MK_RB .

    $預設  使用規則 114 以縮減 (dim_list)


狀態 150

  105 factor: ID MK_LPAREN relop_expr_list MK_RPAREN .

    $預設  使用規則 105 以縮減 (factor)


狀態 151

   89 nonempty_relop_expr_list: nonempty_relop_expr_list MK_COMMA . relop_expr

    ID         偏移，並進入狀態 43
    CONST      偏移，並進入狀態 44
    OP_NOT     偏移，並進入狀態 45
    OP_MINUS   偏移，並進入狀態 46
    MK_LPAREN  偏移，並進入狀態 47

    relop_expr    進入狀態 171
    relop_term    進入狀態 49
    relop_factor  進入狀態 50
    expr          進入狀態 51
    term          進入狀態 52
    factor        進入狀態 53
    var_ref       進入狀態 54


狀態 152

   91 expr: expr . add_op term
  113 dim_list: dim_list MK_LB expr . MK_RB

    OP_PLUS   偏移，並進入狀態 91
    OP_MINUS  偏移，並進入狀態 92
    MK_RB     偏移，並進入狀態 172

    add_op  進入狀態 94


狀態 153

  107 factor: OP_NOT ID MK_LPAREN relop_expr_list . MK_RPAREN

    MK_RPAREN  偏移，並進入狀態 173


狀態 154

  101 factor: OP_NOT MK_LPAREN relop_expr MK_RPAREN .

    $預設  使用規則 101 以縮減 (factor)


狀態 155

  106 factor: OP_MINUS ID MK_LPAREN relop_expr_list . MK_RPAREN

    MK_RPAREN  偏移，並進入狀態 174


狀態 156

  100 factor: OP_MINUS MK_LPAREN relop_expr MK_RPAREN .

    $預設  使用規則 100 以縮減 (factor)


狀態 157

   19 dim_fn: MK_LB expr_null MK_RB .

    $預設  使用規則 19 以縮減 (dim_fn)


狀態 158

   20 dim_fn: dim_fn MK_LB expr . MK_RB
   91 expr: expr . add_op term

    OP_PLUS   偏移，並進入狀態 91
    OP_MINUS  偏移，並進入狀態 92
    MK_RB     偏移，並進入狀態 175

    add_op  進入狀態 94


狀態 159

   64 stmt: ID MK_LPAREN . relop_expr_list MK_RPAREN MK_SEMICOLON

    ID         偏移，並進入狀態 43
    CONST      偏移，並進入狀態 44
    OP_NOT     偏移，並進入狀態 45
    OP_MINUS   偏移，並進入狀態 46
    MK_LPAREN  偏移，並進入狀態 47

    $預設  使用規則 88 以縮減 (relop_expr_list)

    relop_expr                進入狀態 112
    relop_term                進入狀態 49
    relop_factor              進入狀態 50
    relop_expr_list           進入狀態 176
    nonempty_relop_expr_list  進入狀態 114
    expr                      進入狀態 51
    term                      進入狀態 52
    factor                    進入狀態 53
    var_ref                   進入狀態 54


狀態 160

   62 stmt: IF MK_LPAREN . test MK_RPAREN stmt
   63     | IF MK_LPAREN . test MK_RPAREN stmt ELSE stmt

    ID         偏移，並進入狀態 177
    CONST      偏移，並進入狀態 44
    OP_NOT     偏移，並進入狀態 45
    OP_MINUS   偏移，並進入狀態 46
    MK_LPAREN  偏移，並進入狀態 47

    test          進入狀態 178
    assign_expr   進入狀態 179
    relop_expr    進入狀態 180
    relop_term    進入狀態 49
    relop_factor  進入狀態 50
    expr          進入狀態 51
    term          進入狀態 52
    factor        進入狀態 53
    var_ref       進入狀態 54


狀態 161

   59 stmt: WHILE MK_LPAREN . test MK_RPAREN stmt

    ID         偏移，並進入狀態 177
    CONST      偏移，並進入狀態 44
    OP_NOT     偏移，並進入狀態 45
    OP_MINUS   偏移，並進入狀態 46
    MK_LPAREN  偏移，並進入狀態 47

    test          進入狀態 181
    assign_expr   進入狀態 179
    relop_expr    進入狀態 180
    relop_term    進入狀態 49
    relop_factor  進入狀態 50
    expr          進入狀態 51
    term          進入狀態 52
    factor        進入狀態 53
    var_ref       進入狀態 54


狀態 162

   60 stmt: FOR MK_LPAREN . assign_expr_list MK_SEMICOLON relop_expr_list MK_SEMICOLON assign_expr_list MK_RPAREN stmt

    ID         偏移，並進入狀態 177
    CONST      偏移，並進入狀態 44
    OP_NOT     偏移，並進入狀態 45
    OP_MINUS   偏移，並進入狀態 46
    MK_LPAREN  偏移，並進入狀態 47

    $預設  使用規則 69 以縮減 (assign_expr_list)

    assign_expr_list           進入狀態 182
    nonempty_assign_expr_list  進入狀態 183
    assign_expr                進入狀態 184
    relop_expr                 進入狀態 180
    relop_term                 進入狀態 49
    relop_factor               進入狀態 50
    expr                       進入狀態 51
    term                       進入狀態 52
    factor                     進入狀態 53
    var_ref                    進入狀態 54


狀態 163

   58 stmt: MK_LBRACE block . MK_RBRACE

    MK_RBRACE  偏移，並進入狀態 185


狀態 164

   66 stmt: RETURN MK_SEMICOLON .

    $預設  使用規則 66 以縮減 (stmt)


狀態 165

   67 stmt: RETURN relop_expr . MK_SEMICOLON
   76 relop_expr: relop_expr . OP_OR relop_term

    OP_OR         偏移，並進入狀態 83
    MK_SEMICOLON  偏移，並進入狀態 186


狀態 166

    7 function_decl: function_head MK_LPAREN opt_param_list MK_RPAREN MK_LBRACE block MK_RBRACE .

    $預設  使用規則 7 以縮減 (function_decl)


狀態 167

   23 block: decl_list stmt_list .
   56 stmt_list: stmt_list . stmt

    ID            偏移，並進入狀態 168
    IF            偏移，並進入狀態 137
    WHILE         偏移，並進入狀態 138
    FOR           偏移，並進入狀態 139
    MK_LBRACE     偏移，並進入狀態 140
    MK_SEMICOLON  偏移，並進入狀態 141
    RETURN        偏移，並進入狀態 142

    $預設  使用規則 23 以縮減 (block)

    stmt     進入狀態 169
    var_ref  進入狀態 148


狀態 168

   64 stmt: ID . MK_LPAREN relop_expr_list MK_RPAREN MK_SEMICOLON
  111 var_ref: ID .
  112        | ID . dim_list

    MK_LB      偏移，並進入狀態 71
    MK_LPAREN  偏移，並進入狀態 159

    $預設  使用規則 111 以縮減 (var_ref)

    dim_list  進入狀態 73


狀態 169

   56 stmt_list: stmt_list stmt .

    $預設  使用規則 56 以縮減 (stmt_list)


狀態 170

   61 stmt: var_ref OP_ASSIGN . relop_expr MK_SEMICOLON

    ID         偏移，並進入狀態 43
    CONST      偏移，並進入狀態 44
    OP_NOT     偏移，並進入狀態 45
    OP_MINUS   偏移，並進入狀態 46
    MK_LPAREN  偏移，並進入狀態 47

    relop_expr    進入狀態 187
    relop_term    進入狀態 49
    relop_factor  進入狀態 50
    expr          進入狀態 51
    term          進入狀態 52
    factor        進入狀態 53
    var_ref       進入狀態 54


狀態 171

   76 relop_expr: relop_expr . OP_OR relop_term
   89 nonempty_relop_expr_list: nonempty_relop_expr_list MK_COMMA relop_expr .

    OP_OR  偏移，並進入狀態 83

    $預設  使用規則 89 以縮減 (nonempty_relop_expr_list)


狀態 172

  113 dim_list: dim_list MK_LB expr MK_RB .

    $預設  使用規則 113 以縮減 (dim_list)


狀態 173

  107 factor: OP_NOT ID MK_LPAREN relop_expr_list MK_RPAREN .

    $預設  使用規則 107 以縮減 (factor)


狀態 174

  106 factor: OP_MINUS ID MK_LPAREN relop_expr_list MK_RPAREN .

    $預設  使用規則 106 以縮減 (factor)


狀態 175

   20 dim_fn: dim_fn MK_LB expr MK_RB .

    $預設  使用規則 20 以縮減 (dim_fn)


狀態 176

   64 stmt: ID MK_LPAREN relop_expr_list . MK_RPAREN MK_SEMICOLON

    MK_RPAREN  偏移，並進入狀態 188


狀態 177

   73 assign_expr: ID . OP_ASSIGN relop_expr
  105 factor: ID . MK_LPAREN relop_expr_list MK_RPAREN
  111 var_ref: ID .
  112        | ID . dim_list

    OP_ASSIGN  偏移，並進入狀態 189
    MK_LB      偏移，並進入狀態 71
    MK_LPAREN  偏移，並進入狀態 72

    $預設  使用規則 111 以縮減 (var_ref)

    dim_list  進入狀態 73


狀態 178

   62 stmt: IF MK_LPAREN test . MK_RPAREN stmt
   63     | IF MK_LPAREN test . MK_RPAREN stmt ELSE stmt

    MK_RPAREN  偏移，並進入狀態 190


狀態 179

   72 test: assign_expr .

    $預設  使用規則 72 以縮減 (test)


狀態 180

   74 assign_expr: relop_expr .
   76 relop_expr: relop_expr . OP_OR relop_term

    OP_OR  偏移，並進入狀態 83

    $預設  使用規則 74 以縮減 (assign_expr)


狀態 181

   59 stmt: WHILE MK_LPAREN test . MK_RPAREN stmt

    MK_RPAREN  偏移，並進入狀態 191


狀態 182

   60 stmt: FOR MK_LPAREN assign_expr_list . MK_SEMICOLON relop_expr_list MK_SEMICOLON assign_expr_list MK_RPAREN stmt

    MK_SEMICOLON  偏移，並進入狀態 192


狀態 183

   68 assign_expr_list: nonempty_assign_expr_list .
   70 nonempty_assign_expr_list: nonempty_assign_expr_list . MK_COMMA assign_expr

    MK_COMMA  偏移，並進入狀態 193

    $預設  使用規則 68 以縮減 (assign_expr_list)


狀態 184

   71 nonempty_assign_expr_list: assign_expr .

    $預設  使用規則 71 以縮減 (nonempty_assign_expr_list)


狀態 185

   58 stmt: MK_LBRACE block MK_RBRACE .

    $預設  使用規則 58 以縮減 (stmt)


狀態 186

   67 stmt: RETURN relop_expr MK_SEMICOLON .

    $預設  使用規則 67 以縮減 (stmt)


狀態 187

   61 stmt: var_ref OP_ASSIGN relop_expr . MK_SEMICOLON
   76 relop_expr: relop_expr . OP_OR relop_term

    OP_OR         偏移，並進入狀態 83
    MK_SEMICOLON  偏移，並進入狀態 194


狀態 188

   64 stmt: ID MK_LPAREN relop_expr_list MK_RPAREN . MK_SEMICOLON

    MK_SEMICOLON  偏移，並進入狀態 195


狀態 189

   73 assign_expr: ID OP_ASSIGN . relop_expr

    ID         偏移，並進入狀態 43
    CONST      偏移，並進入狀態 44
    OP_NOT     偏移，並進入狀態 45
    OP_MINUS   偏移，並進入狀態 46
    MK_LPAREN  偏移，並進入狀態 47

    relop_expr    進入狀態 196
    relop_term    進入狀態 49
    relop_factor  進入狀態 50
    expr          進入狀態 51
    term          進入狀態 52
    factor        進入狀態 53
    var_ref       進入狀態 54


狀態 190

   62 stmt: IF MK_LPAREN test MK_RPAREN . stmt
   63     | IF MK_LPAREN test MK_RPAREN . stmt ELSE stmt

    ID            偏移，並進入狀態 168
    IF            偏移，並進入狀態 137
    WHILE         偏移，並進入狀態 138
    FOR           偏移，並進入狀態 139
    MK_LBRACE     偏移，並進入狀態 140
    MK_SEMICOLON  偏移，並進入狀態 141
    RETURN        偏移，並進入狀態 142

    stmt     進入狀態 197
    var_ref  進入狀態 148


狀態 191

   59 stmt: WHILE MK_LPAREN test MK_RPAREN . stmt

    ID            偏移，並進入狀態 168
    IF            偏移，並進入狀態 137
    WHILE         偏移，並進入狀態 138
    FOR           偏移，並進入狀態 139
    MK_LBRACE     偏移，並進入狀態 140
    MK_SEMICOLON  偏移，並進入狀態 141
    RETURN        偏移，並進入狀態 142

    stmt     進入狀態 198
    var_ref  進入狀態 148


狀態 192

   60 stmt: FOR MK_LPAREN assign_expr_list MK_SEMICOLON . relop_expr_list MK_SEMICOLON assign_expr_list MK_RPAREN stmt

    ID         偏移，並進入狀態 43
    CONST      偏移，並進入狀態 44
    OP_NOT     偏移，並進入狀態 45
    OP_MINUS   偏移，並進入狀態 46
    MK_LPAREN  偏移，並進入狀態 47

    $預設  使用規則 88 以縮減 (relop_expr_list)

    relop_expr                進入狀態 112
    relop_term                進入狀態 49
    relop_factor              進入狀態 50
    relop_expr_list           進入狀態 199
    nonempty_relop_expr_list  進入狀態 114
    expr                      進入狀態 51
    term                      進入狀態 52
    factor                    進入狀態 53
    var_ref                   進入狀態 54


狀態 193

   70 nonempty_assign_expr_list: nonempty_assign_expr_list MK_COMMA . assign_expr

    ID         偏移，並進入狀態 177
    CONST      偏移，並進入狀態 44
    OP_NOT     偏移，並進入狀態 45
    OP_MINUS   偏移，並進入狀態 46
    MK_LPAREN  偏移，並進入狀態 47

    assign_expr   進入狀態 200
    relop_expr    進入狀態 180
    relop_term    進入狀態 49
    relop_factor  進入狀態 50
    expr          進入狀態 51
    term          進入狀態 52
    factor        進入狀態 53
    var_ref       進入狀態 54


狀態 194

   61 stmt: var_ref OP_ASSIGN relop_expr MK_SEMICOLON .

    $預設  使用規則 61 以縮減 (stmt)


狀態 195

   64 stmt: ID MK_LPAREN relop_expr_list MK_RPAREN MK_SEMICOLON .

    $預設  使用規則 64 以縮減 (stmt)


狀態 196

   73 assign_expr: ID OP_ASSIGN relop_expr .
   76 relop_expr: relop_expr . OP_OR relop_term

    OP_OR  偏移，並進入狀態 83

    $預設  使用規則 73 以縮減 (assign_expr)


狀態 197

   62 stmt: IF MK_LPAREN test MK_RPAREN stmt .
   63     | IF MK_LPAREN test MK_RPAREN stmt . ELSE stmt

    ELSE  偏移，並進入狀態 201

    ELSE     [使用規則 62 以縮減 (stmt)]
    $預設  使用規則 62 以縮減 (stmt)


狀態 198

   59 stmt: WHILE MK_LPAREN test MK_RPAREN stmt .

    $預設  使用規則 59 以縮減 (stmt)


狀態 199

   60 stmt: FOR MK_LPAREN assign_expr_list MK_SEMICOLON relop_expr_list . MK_SEMICOLON assign_expr_list MK_RPAREN stmt

    MK_SEMICOLON  偏移，並進入狀態 202


狀態 200

   70 nonempty_assign_expr_list: nonempty_assign_expr_list MK_COMMA assign_expr .

    $預設  使用規則 70 以縮減 (nonempty_assign_expr_list)


狀態 201

   63 stmt: IF MK_LPAREN test MK_RPAREN stmt ELSE . stmt

    ID            偏移，並進入狀態 168
    IF            偏移，並進入狀態 137
    WHILE         偏移，並進入狀態 138
    FOR           偏移，並進入狀態 139
    MK_LBRACE     偏移，並進入狀態 140
    MK_SEMICOLON  偏移，並進入狀態 141
    RETURN        偏移，並進入狀態 142

    stmt     進入狀態 203
    var_ref  進入狀態 148


狀態 202

   60 stmt: FOR MK_LPAREN assign_expr_list MK_SEMICOLON relop_expr_list MK_SEMICOLON . assign_expr_list MK_RPAREN stmt

    ID         偏移，並進入狀態 177
    CONST      偏移，並進入狀態 44
    OP_NOT     偏移，並進入狀態 45
    OP_MINUS   偏移，並進入狀態 46
    MK_LPAREN  偏移，並進入狀態 47

    $預設  使用規則 69 以縮減 (assign_expr_list)

    assign_expr_list           進入狀態 204
    nonempty_assign_expr_list  進入狀態 183
    assign_expr                進入狀態 184
    relop_expr                 進入狀態 180
    relop_term                 進入狀態 49
    relop_factor               進入狀態 50
    expr                       進入狀態 51
    term                       進入狀態 52
    factor                     進入狀態 53
    var_ref                    進入狀態 54


狀態 203

   63 stmt: IF MK_LPAREN test MK_RPAREN stmt ELSE stmt .

    $預設  使用規則 63 以縮減 (stmt)


狀態 204

   60 stmt: FOR MK_LPAREN assign_expr_list MK_SEMICOLON relop_expr_list MK_SEMICOLON assign_expr_list . MK_RPAREN stmt

    MK_RPAREN  偏移，並進入狀態 205


狀態 205

   60 stmt: FOR MK_LPAREN assign_expr_list MK_SEMICOLON relop_expr_list MK_SEMICOLON assign_expr_list MK_RPAREN . stmt

    ID            偏移，並進入狀態 168
    IF            偏移，並進入狀態 137
    WHILE         偏移，並進入狀態 138
    FOR           偏移，並進入狀態 139
    MK_LBRACE     偏移，並進入狀態 140
    MK_SEMICOLON  偏移，並進入狀態 141
    RETURN        偏移，並進入狀態 142

    stmt     進入狀態 206
    var_ref  進入狀態 148


狀態 206

   60 stmt: FOR MK_LPAREN assign_expr_list MK_SEMICOLON relop_expr_list MK_SEMICOLON assign_expr_list MK_RPAREN stmt .

    $預設  使用規則 60 以縮減 (stmt)
