終端機在文法中未使用

   MK_DOT
   ERROR


狀態 224 衝突：1 項偏移/縮減


文法

    0 $accept: program $end

    1 program: global_decl_list
    2        | %empty

    3 global_decl_list: global_decl_list global_decl
    4                 | global_decl

    5 global_decl: decl_list function_decl
    6            | function_decl

    7 function_decl: type ID MK_LPAREN param_list MK_RPAREN MK_LBRACE block MK_RBRACE
    8              | VOID ID MK_LPAREN param_list MK_RPAREN MK_LBRACE block MK_RBRACE
    9              | ID ID MK_LPAREN param_list MK_RPAREN MK_LBRACE block MK_RBRACE
   10              | type ID MK_LPAREN MK_RPAREN MK_LBRACE block MK_RBRACE
   11              | VOID ID MK_LPAREN MK_RPAREN MK_LBRACE block MK_RBRACE
   12              | ID ID MK_LPAREN MK_RPAREN MK_LBRACE block MK_RBRACE

   13 param_list: param_list MK_COMMA param
   14           | param

   15 param: type ID
   16      | ID ID
   17      | type ID dim_fn
   18      | ID ID dim_fn

   19 dim_fn: MK_LB expr_null MK_RB
   20       | dim_fn MK_LB expr MK_RB

   21 expr_null: expr
   22          | %empty

   23 block: decl_list stmt_list
   24      | stmt_list
   25      | decl_list
   26      | %empty

   27 decl_list: decl_list decl
   28          | decl

   29 decl: type_decl
   30     | var_decl

   31 type_decl: TYPEDEF type id_list MK_SEMICOLON
   32          | TYPEDEF VOID id_list MK_SEMICOLON

   33 var_decl: type init_id_list MK_SEMICOLON
   34         | ID id_list MK_SEMICOLON

   35 type: INT
   36     | FLOAT

   37 id_list: ID
   38        | id_list MK_COMMA ID
   39        | id_list MK_COMMA ID dim_decl
   40        | ID dim_decl

   41 dim_decl: MK_LB cexpr MK_RB
   42         | dim_decl MK_LB cexpr MK_RB

   43 unary_const: OP_PLUS CONST
   44            | OP_MINUS CONST

   45 cexpr: cexpr OP_PLUS mcexpr
   46      | cexpr OP_MINUS mcexpr
   47      | mcexpr
   48      | unary_const

   49 mcexpr: mcexpr OP_TIMES cfactor
   50       | mcexpr OP_DIVIDE cfactor
   51       | cfactor

   52 cfactor: CONST
   53        | MK_LPAREN cexpr MK_RPAREN

   54 init_id_list: init_id
   55             | init_id_list MK_COMMA init_id

   56 init_id: ID
   57        | ID dim_decl
   58        | ID OP_ASSIGN relop_expr

   59 stmt_list: stmt_list stmt
   60          | stmt

   61 stmt: MK_LBRACE block MK_RBRACE
   62     | WHILE MK_LPAREN test MK_RPAREN stmt
   63     | FOR MK_LPAREN assign_expr_list MK_SEMICOLON relop_expr_list MK_SEMICOLON assign_expr_list MK_RPAREN stmt
   64     | var_ref OP_ASSIGN relop_expr MK_SEMICOLON
   65     | IF MK_LPAREN test MK_RPAREN stmt
   66     | IF MK_LPAREN test MK_RPAREN stmt ELSE stmt
   67     | ID MK_LPAREN relop_expr_list MK_RPAREN MK_SEMICOLON
   68     | MK_SEMICOLON
   69     | RETURN MK_SEMICOLON
   70     | RETURN relop_expr MK_SEMICOLON

   71 assign_expr_list: nonempty_assign_expr_list
   72                 | %empty

   73 nonempty_assign_expr_list: nonempty_assign_expr_list MK_COMMA assign_expr
   74                          | assign_expr

   75 test: assign_expr

   76 assign_expr: ID OP_ASSIGN relop_expr
   77            | relop_expr

   78 relop_expr: relop_term
   79           | relop_expr OP_OR relop_term

   80 relop_term: relop_factor
   81           | relop_term OP_AND relop_factor

   82 relop_factor: expr
   83             | expr rel_op expr

   84 rel_op: OP_EQ
   85       | OP_GE
   86       | OP_LE
   87       | OP_NE
   88       | OP_GT
   89       | OP_LT

   90 relop_expr_list: nonempty_relop_expr_list
   91                | %empty

   92 nonempty_relop_expr_list: nonempty_relop_expr_list MK_COMMA relop_expr
   93                         | relop_expr

   94 expr: expr add_op term
   95     | term

   96 add_op: OP_PLUS
   97       | OP_MINUS

   98 term: term mul_op factor
   99     | factor

  100 mul_op: OP_TIMES
  101       | OP_DIVIDE

  102 factor: MK_LPAREN relop_expr MK_RPAREN
  103       | OP_MINUS MK_LPAREN relop_expr MK_RPAREN
  104       | OP_NOT MK_LPAREN relop_expr MK_RPAREN
  105       | CONST
  106       | OP_MINUS CONST
  107       | OP_NOT CONST
  108       | ID MK_LPAREN relop_expr_list MK_RPAREN
  109       | OP_MINUS ID MK_LPAREN relop_expr_list MK_RPAREN
  110       | OP_NOT ID MK_LPAREN relop_expr_list MK_RPAREN
  111       | var_ref
  112       | OP_MINUS var_ref
  113       | OP_NOT var_ref

  114 var_ref: ID
  115        | ID dim_list

  116 dim_list: dim_list MK_LB expr MK_RB
  117         | MK_LB expr MK_RB


終結語詞，附有它們出現處的規則

$end (0) 0
error (256)
ID (258) 7 8 9 10 11 12 15 16 17 18 34 37 38 39 40 56 57 58 67 76 108
    109 110 114 115
CONST (259) 43 44 52 105 106 107
VOID (260) 8 11 32
INT (261) 35
FLOAT (262) 36
IF (263) 65 66
ELSE (264) 66
WHILE (265) 62
FOR (266) 63
TYPEDEF (267) 31 32
OP_ASSIGN (268) 58 64 76
OP_OR (269) 79
OP_AND (270) 81
OP_NOT (271) 104 107 110 113
OP_EQ (272) 84
OP_NE (273) 87
OP_GT (274) 88
OP_LT (275) 89
OP_GE (276) 85
OP_LE (277) 86
OP_PLUS (278) 43 45 96
OP_MINUS (279) 44 46 97 103 106 109 112
OP_TIMES (280) 49 100
OP_DIVIDE (281) 50 101
MK_LB (282) 19 20 41 42 116 117
MK_RB (283) 19 20 41 42 116 117
MK_LPAREN (284) 7 8 9 10 11 12 53 62 63 65 66 67 102 103 104 108 109
    110
MK_RPAREN (285) 7 8 9 10 11 12 53 62 63 65 66 67 102 103 104 108 109
    110
MK_LBRACE (286) 7 8 9 10 11 12 61
MK_RBRACE (287) 7 8 9 10 11 12 61
MK_COMMA (288) 13 38 39 55 73 92
MK_SEMICOLON (289) 31 32 33 34 63 64 67 68 69 70
MK_DOT (290)
ERROR (291)
RETURN (292) 69 70


非終結語詞，附有它們出現處的規則

$accept (38)
    於左側： 0
program (39)
    於左側： 1 2, 於右側： 0
global_decl_list (40)
    於左側： 3 4, 於右側： 1 3
global_decl (41)
    於左側： 5 6, 於右側： 3 4
function_decl (42)
    於左側： 7 8 9 10 11 12, 於右側： 5 6
param_list (43)
    於左側： 13 14, 於右側： 7 8 9 13
param (44)
    於左側： 15 16 17 18, 於右側： 13 14
dim_fn (45)
    於左側： 19 20, 於右側： 17 18 20
expr_null (46)
    於左側： 21 22, 於右側： 19
block (47)
    於左側： 23 24 25 26, 於右側： 7 8 9 10 11 12 61
decl_list (48)
    於左側： 27 28, 於右側： 5 23 25 27
decl (49)
    於左側： 29 30, 於右側： 27 28
type_decl (50)
    於左側： 31 32, 於右側： 29
var_decl (51)
    於左側： 33 34, 於右側： 30
type (52)
    於左側： 35 36, 於右側： 7 10 15 17 31 33
id_list (53)
    於左側： 37 38 39 40, 於右側： 31 32 34 38 39
dim_decl (54)
    於左側： 41 42, 於右側： 39 40 42 57
unary_const (55)
    於左側： 43 44, 於右側： 48
cexpr (56)
    於左側： 45 46 47 48, 於右側： 41 42 45 46 53
mcexpr (57)
    於左側： 49 50 51, 於右側： 45 46 47 49 50
cfactor (58)
    於左側： 52 53, 於右側： 49 50 51
init_id_list (59)
    於左側： 54 55, 於右側： 33 55
init_id (60)
    於左側： 56 57 58, 於右側： 54 55
stmt_list (61)
    於左側： 59 60, 於右側： 23 24 59
stmt (62)
    於左側： 61 62 63 64 65 66 67 68 69 70, 於右側： 59 60
    62 63 65 66
assign_expr_list (63)
    於左側： 71 72, 於右側： 63
nonempty_assign_expr_list (64)
    於左側： 73 74, 於右側： 71 73
test (65)
    於左側： 75, 於右側： 62 65 66
assign_expr (66)
    於左側： 76 77, 於右側： 73 74 75
relop_expr (67)
    於左側： 78 79, 於右側： 58 64 70 76 77 79 92 93 102 103
    104
relop_term (68)
    於左側： 80 81, 於右側： 78 79 81
relop_factor (69)
    於左側： 82 83, 於右側： 80 81
rel_op (70)
    於左側： 84 85 86 87 88 89, 於右側： 83
relop_expr_list (71)
    於左側： 90 91, 於右側： 63 67 108 109 110
nonempty_relop_expr_list (72)
    於左側： 92 93, 於右側： 90 92
expr (73)
    於左側： 94 95, 於右側： 20 21 82 83 94 116 117
add_op (74)
    於左側： 96 97, 於右側： 94
term (75)
    於左側： 98 99, 於右側： 94 95 98
mul_op (76)
    於左側： 100 101, 於右側： 98
factor (77)
    於左側： 102 103 104 105 106 107 108 109 110 111 112 113, 於右側：
    98 99
var_ref (78)
    於左側： 114 115, 於右側： 64 111 112 113
dim_list (79)
    於左側： 116 117, 於右側： 115 116


狀態 0

    0 $accept: . program $end

    ID       偏移，並進入狀態 1
    VOID     偏移，並進入狀態 2
    INT      偏移，並進入狀態 3
    FLOAT    偏移，並進入狀態 4
    TYPEDEF  偏移，並進入狀態 5

    $預設  使用規則 2 以縮減 (program)

    program           進入狀態 6
    global_decl_list  進入狀態 7
    global_decl       進入狀態 8
    function_decl     進入狀態 9
    decl_list         進入狀態 10
    decl              進入狀態 11
    type_decl         進入狀態 12
    var_decl          進入狀態 13
    type              進入狀態 14


狀態 1

    9 function_decl: ID . ID MK_LPAREN param_list MK_RPAREN MK_LBRACE block MK_RBRACE
   12              | ID . ID MK_LPAREN MK_RPAREN MK_LBRACE block MK_RBRACE
   34 var_decl: ID . id_list MK_SEMICOLON

    ID  偏移，並進入狀態 15

    id_list  進入狀態 16


狀態 2

    8 function_decl: VOID . ID MK_LPAREN param_list MK_RPAREN MK_LBRACE block MK_RBRACE
   11              | VOID . ID MK_LPAREN MK_RPAREN MK_LBRACE block MK_RBRACE

    ID  偏移，並進入狀態 17


狀態 3

   35 type: INT .

    $預設  使用規則 35 以縮減 (type)


狀態 4

   36 type: FLOAT .

    $預設  使用規則 36 以縮減 (type)


狀態 5

   31 type_decl: TYPEDEF . type id_list MK_SEMICOLON
   32          | TYPEDEF . VOID id_list MK_SEMICOLON

    VOID   偏移，並進入狀態 18
    INT    偏移，並進入狀態 3
    FLOAT  偏移，並進入狀態 4

    type  進入狀態 19


狀態 6

    0 $accept: program . $end

    $end  偏移，並進入狀態 20


狀態 7

    1 program: global_decl_list .
    3 global_decl_list: global_decl_list . global_decl

    ID       偏移，並進入狀態 1
    VOID     偏移，並進入狀態 2
    INT      偏移，並進入狀態 3
    FLOAT    偏移，並進入狀態 4
    TYPEDEF  偏移，並進入狀態 5

    $預設  使用規則 1 以縮減 (program)

    global_decl    進入狀態 21
    function_decl  進入狀態 9
    decl_list      進入狀態 10
    decl           進入狀態 11
    type_decl      進入狀態 12
    var_decl       進入狀態 13
    type           進入狀態 14


狀態 8

    4 global_decl_list: global_decl .

    $預設  使用規則 4 以縮減 (global_decl_list)


狀態 9

    6 global_decl: function_decl .

    $預設  使用規則 6 以縮減 (global_decl)


狀態 10

    5 global_decl: decl_list . function_decl
   27 decl_list: decl_list . decl

    ID       偏移，並進入狀態 1
    VOID     偏移，並進入狀態 2
    INT      偏移，並進入狀態 3
    FLOAT    偏移，並進入狀態 4
    TYPEDEF  偏移，並進入狀態 5

    function_decl  進入狀態 22
    decl           進入狀態 23
    type_decl      進入狀態 12
    var_decl       進入狀態 13
    type           進入狀態 14


狀態 11

   28 decl_list: decl .

    $預設  使用規則 28 以縮減 (decl_list)


狀態 12

   29 decl: type_decl .

    $預設  使用規則 29 以縮減 (decl)


狀態 13

   30 decl: var_decl .

    $預設  使用規則 30 以縮減 (decl)


狀態 14

    7 function_decl: type . ID MK_LPAREN param_list MK_RPAREN MK_LBRACE block MK_RBRACE
   10              | type . ID MK_LPAREN MK_RPAREN MK_LBRACE block MK_RBRACE
   33 var_decl: type . init_id_list MK_SEMICOLON

    ID  偏移，並進入狀態 24

    init_id_list  進入狀態 25
    init_id       進入狀態 26


狀態 15

    9 function_decl: ID ID . MK_LPAREN param_list MK_RPAREN MK_LBRACE block MK_RBRACE
   12              | ID ID . MK_LPAREN MK_RPAREN MK_LBRACE block MK_RBRACE
   37 id_list: ID .
   40        | ID . dim_decl

    MK_LB      偏移，並進入狀態 27
    MK_LPAREN  偏移，並進入狀態 28

    $預設  使用規則 37 以縮減 (id_list)

    dim_decl  進入狀態 29


狀態 16

   34 var_decl: ID id_list . MK_SEMICOLON
   38 id_list: id_list . MK_COMMA ID
   39        | id_list . MK_COMMA ID dim_decl

    MK_COMMA      偏移，並進入狀態 30
    MK_SEMICOLON  偏移，並進入狀態 31


狀態 17

    8 function_decl: VOID ID . MK_LPAREN param_list MK_RPAREN MK_LBRACE block MK_RBRACE
   11              | VOID ID . MK_LPAREN MK_RPAREN MK_LBRACE block MK_RBRACE

    MK_LPAREN  偏移，並進入狀態 32


狀態 18

   32 type_decl: TYPEDEF VOID . id_list MK_SEMICOLON

    ID  偏移，並進入狀態 33

    id_list  進入狀態 34


狀態 19

   31 type_decl: TYPEDEF type . id_list MK_SEMICOLON

    ID  偏移，並進入狀態 33

    id_list  進入狀態 35


狀態 20

    0 $accept: program $end .

    $預設  接受


狀態 21

    3 global_decl_list: global_decl_list global_decl .

    $預設  使用規則 3 以縮減 (global_decl_list)


狀態 22

    5 global_decl: decl_list function_decl .

    $預設  使用規則 5 以縮減 (global_decl)


狀態 23

   27 decl_list: decl_list decl .

    $預設  使用規則 27 以縮減 (decl_list)


狀態 24

    7 function_decl: type ID . MK_LPAREN param_list MK_RPAREN MK_LBRACE block MK_RBRACE
   10              | type ID . MK_LPAREN MK_RPAREN MK_LBRACE block MK_RBRACE
   56 init_id: ID .
   57        | ID . dim_decl
   58        | ID . OP_ASSIGN relop_expr

    OP_ASSIGN  偏移，並進入狀態 36
    MK_LB      偏移，並進入狀態 27
    MK_LPAREN  偏移，並進入狀態 37

    $預設  使用規則 56 以縮減 (init_id)

    dim_decl  進入狀態 38


狀態 25

   33 var_decl: type init_id_list . MK_SEMICOLON
   55 init_id_list: init_id_list . MK_COMMA init_id

    MK_COMMA      偏移，並進入狀態 39
    MK_SEMICOLON  偏移，並進入狀態 40


狀態 26

   54 init_id_list: init_id .

    $預設  使用規則 54 以縮減 (init_id_list)


狀態 27

   41 dim_decl: MK_LB . cexpr MK_RB

    CONST      偏移，並進入狀態 41
    OP_PLUS    偏移，並進入狀態 42
    OP_MINUS   偏移，並進入狀態 43
    MK_LPAREN  偏移，並進入狀態 44

    unary_const  進入狀態 45
    cexpr        進入狀態 46
    mcexpr       進入狀態 47
    cfactor      進入狀態 48


狀態 28

    9 function_decl: ID ID MK_LPAREN . param_list MK_RPAREN MK_LBRACE block MK_RBRACE
   12              | ID ID MK_LPAREN . MK_RPAREN MK_LBRACE block MK_RBRACE

    ID         偏移，並進入狀態 49
    INT        偏移，並進入狀態 3
    FLOAT      偏移，並進入狀態 4
    MK_RPAREN  偏移，並進入狀態 50

    param_list  進入狀態 51
    param       進入狀態 52
    type        進入狀態 53


狀態 29

   40 id_list: ID dim_decl .
   42 dim_decl: dim_decl . MK_LB cexpr MK_RB

    MK_LB  偏移，並進入狀態 54

    $預設  使用規則 40 以縮減 (id_list)


狀態 30

   38 id_list: id_list MK_COMMA . ID
   39        | id_list MK_COMMA . ID dim_decl

    ID  偏移，並進入狀態 55


狀態 31

   34 var_decl: ID id_list MK_SEMICOLON .

    $預設  使用規則 34 以縮減 (var_decl)


狀態 32

    8 function_decl: VOID ID MK_LPAREN . param_list MK_RPAREN MK_LBRACE block MK_RBRACE
   11              | VOID ID MK_LPAREN . MK_RPAREN MK_LBRACE block MK_RBRACE

    ID         偏移，並進入狀態 49
    INT        偏移，並進入狀態 3
    FLOAT      偏移，並進入狀態 4
    MK_RPAREN  偏移，並進入狀態 56

    param_list  進入狀態 57
    param       進入狀態 52
    type        進入狀態 53


狀態 33

   37 id_list: ID .
   40        | ID . dim_decl

    MK_LB  偏移，並進入狀態 27

    $預設  使用規則 37 以縮減 (id_list)

    dim_decl  進入狀態 29


狀態 34

   32 type_decl: TYPEDEF VOID id_list . MK_SEMICOLON
   38 id_list: id_list . MK_COMMA ID
   39        | id_list . MK_COMMA ID dim_decl

    MK_COMMA      偏移，並進入狀態 30
    MK_SEMICOLON  偏移，並進入狀態 58


狀態 35

   31 type_decl: TYPEDEF type id_list . MK_SEMICOLON
   38 id_list: id_list . MK_COMMA ID
   39        | id_list . MK_COMMA ID dim_decl

    MK_COMMA      偏移，並進入狀態 30
    MK_SEMICOLON  偏移，並進入狀態 59


狀態 36

   58 init_id: ID OP_ASSIGN . relop_expr

    ID         偏移，並進入狀態 60
    CONST      偏移，並進入狀態 61
    OP_NOT     偏移，並進入狀態 62
    OP_MINUS   偏移，並進入狀態 63
    MK_LPAREN  偏移，並進入狀態 64

    relop_expr    進入狀態 65
    relop_term    進入狀態 66
    relop_factor  進入狀態 67
    expr          進入狀態 68
    term          進入狀態 69
    factor        進入狀態 70
    var_ref       進入狀態 71


狀態 37

    7 function_decl: type ID MK_LPAREN . param_list MK_RPAREN MK_LBRACE block MK_RBRACE
   10              | type ID MK_LPAREN . MK_RPAREN MK_LBRACE block MK_RBRACE

    ID         偏移，並進入狀態 49
    INT        偏移，並進入狀態 3
    FLOAT      偏移，並進入狀態 4
    MK_RPAREN  偏移，並進入狀態 72

    param_list  進入狀態 73
    param       進入狀態 52
    type        進入狀態 53


狀態 38

   42 dim_decl: dim_decl . MK_LB cexpr MK_RB
   57 init_id: ID dim_decl .

    MK_LB  偏移，並進入狀態 54

    $預設  使用規則 57 以縮減 (init_id)


狀態 39

   55 init_id_list: init_id_list MK_COMMA . init_id

    ID  偏移，並進入狀態 74

    init_id  進入狀態 75


狀態 40

   33 var_decl: type init_id_list MK_SEMICOLON .

    $預設  使用規則 33 以縮減 (var_decl)


狀態 41

   52 cfactor: CONST .

    $預設  使用規則 52 以縮減 (cfactor)


狀態 42

   43 unary_const: OP_PLUS . CONST

    CONST  偏移，並進入狀態 76


狀態 43

   44 unary_const: OP_MINUS . CONST

    CONST  偏移，並進入狀態 77


狀態 44

   53 cfactor: MK_LPAREN . cexpr MK_RPAREN

    CONST      偏移，並進入狀態 41
    OP_PLUS    偏移，並進入狀態 42
    OP_MINUS   偏移，並進入狀態 43
    MK_LPAREN  偏移，並進入狀態 44

    unary_const  進入狀態 45
    cexpr        進入狀態 78
    mcexpr       進入狀態 47
    cfactor      進入狀態 48


狀態 45

   48 cexpr: unary_const .

    $預設  使用規則 48 以縮減 (cexpr)


狀態 46

   41 dim_decl: MK_LB cexpr . MK_RB
   45 cexpr: cexpr . OP_PLUS mcexpr
   46      | cexpr . OP_MINUS mcexpr

    OP_PLUS   偏移，並進入狀態 79
    OP_MINUS  偏移，並進入狀態 80
    MK_RB     偏移，並進入狀態 81


狀態 47

   47 cexpr: mcexpr .
   49 mcexpr: mcexpr . OP_TIMES cfactor
   50       | mcexpr . OP_DIVIDE cfactor

    OP_TIMES   偏移，並進入狀態 82
    OP_DIVIDE  偏移，並進入狀態 83

    $預設  使用規則 47 以縮減 (cexpr)


狀態 48

   51 mcexpr: cfactor .

    $預設  使用規則 51 以縮減 (mcexpr)


狀態 49

   16 param: ID . ID
   18      | ID . ID dim_fn

    ID  偏移，並進入狀態 84


狀態 50

   12 function_decl: ID ID MK_LPAREN MK_RPAREN . MK_LBRACE block MK_RBRACE

    MK_LBRACE  偏移，並進入狀態 85


狀態 51

    9 function_decl: ID ID MK_LPAREN param_list . MK_RPAREN MK_LBRACE block MK_RBRACE
   13 param_list: param_list . MK_COMMA param

    MK_RPAREN  偏移，並進入狀態 86
    MK_COMMA   偏移，並進入狀態 87


狀態 52

   14 param_list: param .

    $預設  使用規則 14 以縮減 (param_list)


狀態 53

   15 param: type . ID
   17      | type . ID dim_fn

    ID  偏移，並進入狀態 88


狀態 54

   42 dim_decl: dim_decl MK_LB . cexpr MK_RB

    CONST      偏移，並進入狀態 41
    OP_PLUS    偏移，並進入狀態 42
    OP_MINUS   偏移，並進入狀態 43
    MK_LPAREN  偏移，並進入狀態 44

    unary_const  進入狀態 45
    cexpr        進入狀態 89
    mcexpr       進入狀態 47
    cfactor      進入狀態 48


狀態 55

   38 id_list: id_list MK_COMMA ID .
   39        | id_list MK_COMMA ID . dim_decl

    MK_LB  偏移，並進入狀態 27

    $預設  使用規則 38 以縮減 (id_list)

    dim_decl  進入狀態 90


狀態 56

   11 function_decl: VOID ID MK_LPAREN MK_RPAREN . MK_LBRACE block MK_RBRACE

    MK_LBRACE  偏移，並進入狀態 91


狀態 57

    8 function_decl: VOID ID MK_LPAREN param_list . MK_RPAREN MK_LBRACE block MK_RBRACE
   13 param_list: param_list . MK_COMMA param

    MK_RPAREN  偏移，並進入狀態 92
    MK_COMMA   偏移，並進入狀態 87


狀態 58

   32 type_decl: TYPEDEF VOID id_list MK_SEMICOLON .

    $預設  使用規則 32 以縮減 (type_decl)


狀態 59

   31 type_decl: TYPEDEF type id_list MK_SEMICOLON .

    $預設  使用規則 31 以縮減 (type_decl)


狀態 60

  108 factor: ID . MK_LPAREN relop_expr_list MK_RPAREN
  114 var_ref: ID .
  115        | ID . dim_list

    MK_LB      偏移，並進入狀態 93
    MK_LPAREN  偏移，並進入狀態 94

    $預設  使用規則 114 以縮減 (var_ref)

    dim_list  進入狀態 95


狀態 61

  105 factor: CONST .

    $預設  使用規則 105 以縮減 (factor)


狀態 62

  104 factor: OP_NOT . MK_LPAREN relop_expr MK_RPAREN
  107       | OP_NOT . CONST
  110       | OP_NOT . ID MK_LPAREN relop_expr_list MK_RPAREN
  113       | OP_NOT . var_ref

    ID         偏移，並進入狀態 96
    CONST      偏移，並進入狀態 97
    MK_LPAREN  偏移，並進入狀態 98

    var_ref  進入狀態 99


狀態 63

  103 factor: OP_MINUS . MK_LPAREN relop_expr MK_RPAREN
  106       | OP_MINUS . CONST
  109       | OP_MINUS . ID MK_LPAREN relop_expr_list MK_RPAREN
  112       | OP_MINUS . var_ref

    ID         偏移，並進入狀態 100
    CONST      偏移，並進入狀態 101
    MK_LPAREN  偏移，並進入狀態 102

    var_ref  進入狀態 103


狀態 64

  102 factor: MK_LPAREN . relop_expr MK_RPAREN

    ID         偏移，並進入狀態 60
    CONST      偏移，並進入狀態 61
    OP_NOT     偏移，並進入狀態 62
    OP_MINUS   偏移，並進入狀態 63
    MK_LPAREN  偏移，並進入狀態 64

    relop_expr    進入狀態 104
    relop_term    進入狀態 66
    relop_factor  進入狀態 67
    expr          進入狀態 68
    term          進入狀態 69
    factor        進入狀態 70
    var_ref       進入狀態 71


狀態 65

   58 init_id: ID OP_ASSIGN relop_expr .
   79 relop_expr: relop_expr . OP_OR relop_term

    OP_OR  偏移，並進入狀態 105

    $預設  使用規則 58 以縮減 (init_id)


狀態 66

   78 relop_expr: relop_term .
   81 relop_term: relop_term . OP_AND relop_factor

    OP_AND  偏移，並進入狀態 106

    $預設  使用規則 78 以縮減 (relop_expr)


狀態 67

   80 relop_term: relop_factor .

    $預設  使用規則 80 以縮減 (relop_term)


狀態 68

   82 relop_factor: expr .
   83             | expr . rel_op expr
   94 expr: expr . add_op term

    OP_EQ     偏移，並進入狀態 107
    OP_NE     偏移，並進入狀態 108
    OP_GT     偏移，並進入狀態 109
    OP_LT     偏移，並進入狀態 110
    OP_GE     偏移，並進入狀態 111
    OP_LE     偏移，並進入狀態 112
    OP_PLUS   偏移，並進入狀態 113
    OP_MINUS  偏移，並進入狀態 114

    $預設  使用規則 82 以縮減 (relop_factor)

    rel_op  進入狀態 115
    add_op  進入狀態 116


狀態 69

   95 expr: term .
   98 term: term . mul_op factor

    OP_TIMES   偏移，並進入狀態 117
    OP_DIVIDE  偏移，並進入狀態 118

    $預設  使用規則 95 以縮減 (expr)

    mul_op  進入狀態 119


狀態 70

   99 term: factor .

    $預設  使用規則 99 以縮減 (term)


狀態 71

  111 factor: var_ref .

    $預設  使用規則 111 以縮減 (factor)


狀態 72

   10 function_decl: type ID MK_LPAREN MK_RPAREN . MK_LBRACE block MK_RBRACE

    MK_LBRACE  偏移，並進入狀態 120


狀態 73

    7 function_decl: type ID MK_LPAREN param_list . MK_RPAREN MK_LBRACE block MK_RBRACE
   13 param_list: param_list . MK_COMMA param

    MK_RPAREN  偏移，並進入狀態 121
    MK_COMMA   偏移，並進入狀態 87


狀態 74

   56 init_id: ID .
   57        | ID . dim_decl
   58        | ID . OP_ASSIGN relop_expr

    OP_ASSIGN  偏移，並進入狀態 36
    MK_LB      偏移，並進入狀態 27

    $預設  使用規則 56 以縮減 (init_id)

    dim_decl  進入狀態 38


狀態 75

   55 init_id_list: init_id_list MK_COMMA init_id .

    $預設  使用規則 55 以縮減 (init_id_list)


狀態 76

   43 unary_const: OP_PLUS CONST .

    $預設  使用規則 43 以縮減 (unary_const)


狀態 77

   44 unary_const: OP_MINUS CONST .

    $預設  使用規則 44 以縮減 (unary_const)


狀態 78

   45 cexpr: cexpr . OP_PLUS mcexpr
   46      | cexpr . OP_MINUS mcexpr
   53 cfactor: MK_LPAREN cexpr . MK_RPAREN

    OP_PLUS    偏移，並進入狀態 79
    OP_MINUS   偏移，並進入狀態 80
    MK_RPAREN  偏移，並進入狀態 122


狀態 79

   45 cexpr: cexpr OP_PLUS . mcexpr

    CONST      偏移，並進入狀態 41
    MK_LPAREN  偏移，並進入狀態 44

    mcexpr   進入狀態 123
    cfactor  進入狀態 48


狀態 80

   46 cexpr: cexpr OP_MINUS . mcexpr

    CONST      偏移，並進入狀態 41
    MK_LPAREN  偏移，並進入狀態 44

    mcexpr   進入狀態 124
    cfactor  進入狀態 48


狀態 81

   41 dim_decl: MK_LB cexpr MK_RB .

    $預設  使用規則 41 以縮減 (dim_decl)


狀態 82

   49 mcexpr: mcexpr OP_TIMES . cfactor

    CONST      偏移，並進入狀態 41
    MK_LPAREN  偏移，並進入狀態 44

    cfactor  進入狀態 125


狀態 83

   50 mcexpr: mcexpr OP_DIVIDE . cfactor

    CONST      偏移，並進入狀態 41
    MK_LPAREN  偏移，並進入狀態 44

    cfactor  進入狀態 126


狀態 84

   16 param: ID ID .
   18      | ID ID . dim_fn

    MK_LB  偏移，並進入狀態 127

    $預設  使用規則 16 以縮減 (param)

    dim_fn  進入狀態 128


狀態 85

   12 function_decl: ID ID MK_LPAREN MK_RPAREN MK_LBRACE . block MK_RBRACE

    ID            偏移，並進入狀態 129
    INT           偏移，並進入狀態 3
    FLOAT         偏移，並進入狀態 4
    IF            偏移，並進入狀態 130
    WHILE         偏移，並進入狀態 131
    FOR           偏移，並進入狀態 132
    TYPEDEF       偏移，並進入狀態 5
    MK_LBRACE     偏移，並進入狀態 133
    MK_SEMICOLON  偏移，並進入狀態 134
    RETURN        偏移，並進入狀態 135

    $預設  使用規則 26 以縮減 (block)

    block      進入狀態 136
    decl_list  進入狀態 137
    decl       進入狀態 11
    type_decl  進入狀態 12
    var_decl   進入狀態 13
    type       進入狀態 138
    stmt_list  進入狀態 139
    stmt       進入狀態 140
    var_ref    進入狀態 141


狀態 86

    9 function_decl: ID ID MK_LPAREN param_list MK_RPAREN . MK_LBRACE block MK_RBRACE

    MK_LBRACE  偏移，並進入狀態 142


狀態 87

   13 param_list: param_list MK_COMMA . param

    ID     偏移，並進入狀態 49
    INT    偏移，並進入狀態 3
    FLOAT  偏移，並進入狀態 4

    param  進入狀態 143
    type   進入狀態 53


狀態 88

   15 param: type ID .
   17      | type ID . dim_fn

    MK_LB  偏移，並進入狀態 127

    $預設  使用規則 15 以縮減 (param)

    dim_fn  進入狀態 144


狀態 89

   42 dim_decl: dim_decl MK_LB cexpr . MK_RB
   45 cexpr: cexpr . OP_PLUS mcexpr
   46      | cexpr . OP_MINUS mcexpr

    OP_PLUS   偏移，並進入狀態 79
    OP_MINUS  偏移，並進入狀態 80
    MK_RB     偏移，並進入狀態 145


狀態 90

   39 id_list: id_list MK_COMMA ID dim_decl .
   42 dim_decl: dim_decl . MK_LB cexpr MK_RB

    MK_LB  偏移，並進入狀態 54

    $預設  使用規則 39 以縮減 (id_list)


狀態 91

   11 function_decl: VOID ID MK_LPAREN MK_RPAREN MK_LBRACE . block MK_RBRACE

    ID            偏移，並進入狀態 129
    INT           偏移，並進入狀態 3
    FLOAT         偏移，並進入狀態 4
    IF            偏移，並進入狀態 130
    WHILE         偏移，並進入狀態 131
    FOR           偏移，並進入狀態 132
    TYPEDEF       偏移，並進入狀態 5
    MK_LBRACE     偏移，並進入狀態 133
    MK_SEMICOLON  偏移，並進入狀態 134
    RETURN        偏移，並進入狀態 135

    $預設  使用規則 26 以縮減 (block)

    block      進入狀態 146
    decl_list  進入狀態 137
    decl       進入狀態 11
    type_decl  進入狀態 12
    var_decl   進入狀態 13
    type       進入狀態 138
    stmt_list  進入狀態 139
    stmt       進入狀態 140
    var_ref    進入狀態 141


狀態 92

    8 function_decl: VOID ID MK_LPAREN param_list MK_RPAREN . MK_LBRACE block MK_RBRACE

    MK_LBRACE  偏移，並進入狀態 147


狀態 93

  117 dim_list: MK_LB . expr MK_RB

    ID         偏移，並進入狀態 60
    CONST      偏移，並進入狀態 61
    OP_NOT     偏移，並進入狀態 62
    OP_MINUS   偏移，並進入狀態 63
    MK_LPAREN  偏移，並進入狀態 64

    expr     進入狀態 148
    term     進入狀態 69
    factor   進入狀態 70
    var_ref  進入狀態 71


狀態 94

  108 factor: ID MK_LPAREN . relop_expr_list MK_RPAREN

    ID         偏移，並進入狀態 60
    CONST      偏移，並進入狀態 61
    OP_NOT     偏移，並進入狀態 62
    OP_MINUS   偏移，並進入狀態 63
    MK_LPAREN  偏移，並進入狀態 64

    $預設  使用規則 91 以縮減 (relop_expr_list)

    relop_expr                進入狀態 149
    relop_term                進入狀態 66
    relop_factor              進入狀態 67
    relop_expr_list           進入狀態 150
    nonempty_relop_expr_list  進入狀態 151
    expr                      進入狀態 68
    term                      進入狀態 69
    factor                    進入狀態 70
    var_ref                   進入狀態 71


狀態 95

  115 var_ref: ID dim_list .
  116 dim_list: dim_list . MK_LB expr MK_RB

    MK_LB  偏移，並進入狀態 152

    $預設  使用規則 115 以縮減 (var_ref)


狀態 96

  110 factor: OP_NOT ID . MK_LPAREN relop_expr_list MK_RPAREN
  114 var_ref: ID .
  115        | ID . dim_list

    MK_LB      偏移，並進入狀態 93
    MK_LPAREN  偏移，並進入狀態 153

    $預設  使用規則 114 以縮減 (var_ref)

    dim_list  進入狀態 95


狀態 97

  107 factor: OP_NOT CONST .

    $預設  使用規則 107 以縮減 (factor)


狀態 98

  104 factor: OP_NOT MK_LPAREN . relop_expr MK_RPAREN

    ID         偏移，並進入狀態 60
    CONST      偏移，並進入狀態 61
    OP_NOT     偏移，並進入狀態 62
    OP_MINUS   偏移，並進入狀態 63
    MK_LPAREN  偏移，並進入狀態 64

    relop_expr    進入狀態 154
    relop_term    進入狀態 66
    relop_factor  進入狀態 67
    expr          進入狀態 68
    term          進入狀態 69
    factor        進入狀態 70
    var_ref       進入狀態 71


狀態 99

  113 factor: OP_NOT var_ref .

    $預設  使用規則 113 以縮減 (factor)


狀態 100

  109 factor: OP_MINUS ID . MK_LPAREN relop_expr_list MK_RPAREN
  114 var_ref: ID .
  115        | ID . dim_list

    MK_LB      偏移，並進入狀態 93
    MK_LPAREN  偏移，並進入狀態 155

    $預設  使用規則 114 以縮減 (var_ref)

    dim_list  進入狀態 95


狀態 101

  106 factor: OP_MINUS CONST .

    $預設  使用規則 106 以縮減 (factor)


狀態 102

  103 factor: OP_MINUS MK_LPAREN . relop_expr MK_RPAREN

    ID         偏移，並進入狀態 60
    CONST      偏移，並進入狀態 61
    OP_NOT     偏移，並進入狀態 62
    OP_MINUS   偏移，並進入狀態 63
    MK_LPAREN  偏移，並進入狀態 64

    relop_expr    進入狀態 156
    relop_term    進入狀態 66
    relop_factor  進入狀態 67
    expr          進入狀態 68
    term          進入狀態 69
    factor        進入狀態 70
    var_ref       進入狀態 71


狀態 103

  112 factor: OP_MINUS var_ref .

    $預設  使用規則 112 以縮減 (factor)


狀態 104

   79 relop_expr: relop_expr . OP_OR relop_term
  102 factor: MK_LPAREN relop_expr . MK_RPAREN

    OP_OR      偏移，並進入狀態 105
    MK_RPAREN  偏移，並進入狀態 157


狀態 105

   79 relop_expr: relop_expr OP_OR . relop_term

    ID         偏移，並進入狀態 60
    CONST      偏移，並進入狀態 61
    OP_NOT     偏移，並進入狀態 62
    OP_MINUS   偏移，並進入狀態 63
    MK_LPAREN  偏移，並進入狀態 64

    relop_term    進入狀態 158
    relop_factor  進入狀態 67
    expr          進入狀態 68
    term          進入狀態 69
    factor        進入狀態 70
    var_ref       進入狀態 71


狀態 106

   81 relop_term: relop_term OP_AND . relop_factor

    ID         偏移，並進入狀態 60
    CONST      偏移，並進入狀態 61
    OP_NOT     偏移，並進入狀態 62
    OP_MINUS   偏移，並進入狀態 63
    MK_LPAREN  偏移，並進入狀態 64

    relop_factor  進入狀態 159
    expr          進入狀態 68
    term          進入狀態 69
    factor        進入狀態 70
    var_ref       進入狀態 71


狀態 107

   84 rel_op: OP_EQ .

    $預設  使用規則 84 以縮減 (rel_op)


狀態 108

   87 rel_op: OP_NE .

    $預設  使用規則 87 以縮減 (rel_op)


狀態 109

   88 rel_op: OP_GT .

    $預設  使用規則 88 以縮減 (rel_op)


狀態 110

   89 rel_op: OP_LT .

    $預設  使用規則 89 以縮減 (rel_op)


狀態 111

   85 rel_op: OP_GE .

    $預設  使用規則 85 以縮減 (rel_op)


狀態 112

   86 rel_op: OP_LE .

    $預設  使用規則 86 以縮減 (rel_op)


狀態 113

   96 add_op: OP_PLUS .

    $預設  使用規則 96 以縮減 (add_op)


狀態 114

   97 add_op: OP_MINUS .

    $預設  使用規則 97 以縮減 (add_op)


狀態 115

   83 relop_factor: expr rel_op . expr

    ID         偏移，並進入狀態 60
    CONST      偏移，並進入狀態 61
    OP_NOT     偏移，並進入狀態 62
    OP_MINUS   偏移，並進入狀態 63
    MK_LPAREN  偏移，並進入狀態 64

    expr     進入狀態 160
    term     進入狀態 69
    factor   進入狀態 70
    var_ref  進入狀態 71


狀態 116

   94 expr: expr add_op . term

    ID         偏移，並進入狀態 60
    CONST      偏移，並進入狀態 61
    OP_NOT     偏移，並進入狀態 62
    OP_MINUS   偏移，並進入狀態 63
    MK_LPAREN  偏移，並進入狀態 64

    term     進入狀態 161
    factor   進入狀態 70
    var_ref  進入狀態 71


狀態 117

  100 mul_op: OP_TIMES .

    $預設  使用規則 100 以縮減 (mul_op)


狀態 118

  101 mul_op: OP_DIVIDE .

    $預設  使用規則 101 以縮減 (mul_op)


狀態 119

   98 term: term mul_op . factor

    ID         偏移，並進入狀態 60
    CONST      偏移，並進入狀態 61
    OP_NOT     偏移，並進入狀態 62
    OP_MINUS   偏移，並進入狀態 63
    MK_LPAREN  偏移，並進入狀態 64

    factor   進入狀態 162
    var_ref  進入狀態 71


狀態 120

   10 function_decl: type ID MK_LPAREN MK_RPAREN MK_LBRACE . block MK_RBRACE

    ID            偏移，並進入狀態 129
    INT           偏移，並進入狀態 3
    FLOAT         偏移，並進入狀態 4
    IF            偏移，並進入狀態 130
    WHILE         偏移，並進入狀態 131
    FOR           偏移，並進入狀態 132
    TYPEDEF       偏移，並進入狀態 5
    MK_LBRACE     偏移，並進入狀態 133
    MK_SEMICOLON  偏移，並進入狀態 134
    RETURN        偏移，並進入狀態 135

    $預設  使用規則 26 以縮減 (block)

    block      進入狀態 163
    decl_list  進入狀態 137
    decl       進入狀態 11
    type_decl  進入狀態 12
    var_decl   進入狀態 13
    type       進入狀態 138
    stmt_list  進入狀態 139
    stmt       進入狀態 140
    var_ref    進入狀態 141


狀態 121

    7 function_decl: type ID MK_LPAREN param_list MK_RPAREN . MK_LBRACE block MK_RBRACE

    MK_LBRACE  偏移，並進入狀態 164


狀態 122

   53 cfactor: MK_LPAREN cexpr MK_RPAREN .

    $預設  使用規則 53 以縮減 (cfactor)


狀態 123

   45 cexpr: cexpr OP_PLUS mcexpr .
   49 mcexpr: mcexpr . OP_TIMES cfactor
   50       | mcexpr . OP_DIVIDE cfactor

    OP_TIMES   偏移，並進入狀態 82
    OP_DIVIDE  偏移，並進入狀態 83

    $預設  使用規則 45 以縮減 (cexpr)


狀態 124

   46 cexpr: cexpr OP_MINUS mcexpr .
   49 mcexpr: mcexpr . OP_TIMES cfactor
   50       | mcexpr . OP_DIVIDE cfactor

    OP_TIMES   偏移，並進入狀態 82
    OP_DIVIDE  偏移，並進入狀態 83

    $預設  使用規則 46 以縮減 (cexpr)


狀態 125

   49 mcexpr: mcexpr OP_TIMES cfactor .

    $預設  使用規則 49 以縮減 (mcexpr)


狀態 126

   50 mcexpr: mcexpr OP_DIVIDE cfactor .

    $預設  使用規則 50 以縮減 (mcexpr)


狀態 127

   19 dim_fn: MK_LB . expr_null MK_RB

    ID         偏移，並進入狀態 60
    CONST      偏移，並進入狀態 61
    OP_NOT     偏移，並進入狀態 62
    OP_MINUS   偏移，並進入狀態 63
    MK_LPAREN  偏移，並進入狀態 64

    $預設  使用規則 22 以縮減 (expr_null)

    expr_null  進入狀態 165
    expr       進入狀態 166
    term       進入狀態 69
    factor     進入狀態 70
    var_ref    進入狀態 71


狀態 128

   18 param: ID ID dim_fn .
   20 dim_fn: dim_fn . MK_LB expr MK_RB

    MK_LB  偏移，並進入狀態 167

    $預設  使用規則 18 以縮減 (param)


狀態 129

   34 var_decl: ID . id_list MK_SEMICOLON
   67 stmt: ID . MK_LPAREN relop_expr_list MK_RPAREN MK_SEMICOLON
  114 var_ref: ID .
  115        | ID . dim_list

    ID         偏移，並進入狀態 33
    MK_LB      偏移，並進入狀態 93
    MK_LPAREN  偏移，並進入狀態 168

    $預設  使用規則 114 以縮減 (var_ref)

    id_list   進入狀態 16
    dim_list  進入狀態 95


狀態 130

   65 stmt: IF . MK_LPAREN test MK_RPAREN stmt
   66     | IF . MK_LPAREN test MK_RPAREN stmt ELSE stmt

    MK_LPAREN  偏移，並進入狀態 169


狀態 131

   62 stmt: WHILE . MK_LPAREN test MK_RPAREN stmt

    MK_LPAREN  偏移，並進入狀態 170


狀態 132

   63 stmt: FOR . MK_LPAREN assign_expr_list MK_SEMICOLON relop_expr_list MK_SEMICOLON assign_expr_list MK_RPAREN stmt

    MK_LPAREN  偏移，並進入狀態 171


狀態 133

   61 stmt: MK_LBRACE . block MK_RBRACE

    ID            偏移，並進入狀態 129
    INT           偏移，並進入狀態 3
    FLOAT         偏移，並進入狀態 4
    IF            偏移，並進入狀態 130
    WHILE         偏移，並進入狀態 131
    FOR           偏移，並進入狀態 132
    TYPEDEF       偏移，並進入狀態 5
    MK_LBRACE     偏移，並進入狀態 133
    MK_SEMICOLON  偏移，並進入狀態 134
    RETURN        偏移，並進入狀態 135

    $預設  使用規則 26 以縮減 (block)

    block      進入狀態 172
    decl_list  進入狀態 137
    decl       進入狀態 11
    type_decl  進入狀態 12
    var_decl   進入狀態 13
    type       進入狀態 138
    stmt_list  進入狀態 139
    stmt       進入狀態 140
    var_ref    進入狀態 141


狀態 134

   68 stmt: MK_SEMICOLON .

    $預設  使用規則 68 以縮減 (stmt)


狀態 135

   69 stmt: RETURN . MK_SEMICOLON
   70     | RETURN . relop_expr MK_SEMICOLON

    ID            偏移，並進入狀態 60
    CONST         偏移，並進入狀態 61
    OP_NOT        偏移，並進入狀態 62
    OP_MINUS      偏移，並進入狀態 63
    MK_LPAREN     偏移，並進入狀態 64
    MK_SEMICOLON  偏移，並進入狀態 173

    relop_expr    進入狀態 174
    relop_term    進入狀態 66
    relop_factor  進入狀態 67
    expr          進入狀態 68
    term          進入狀態 69
    factor        進入狀態 70
    var_ref       進入狀態 71


狀態 136

   12 function_decl: ID ID MK_LPAREN MK_RPAREN MK_LBRACE block . MK_RBRACE

    MK_RBRACE  偏移，並進入狀態 175


狀態 137

   23 block: decl_list . stmt_list
   25      | decl_list .
   27 decl_list: decl_list . decl

    ID            偏移，並進入狀態 129
    INT           偏移，並進入狀態 3
    FLOAT         偏移，並進入狀態 4
    IF            偏移，並進入狀態 130
    WHILE         偏移，並進入狀態 131
    FOR           偏移，並進入狀態 132
    TYPEDEF       偏移，並進入狀態 5
    MK_LBRACE     偏移，並進入狀態 133
    MK_SEMICOLON  偏移，並進入狀態 134
    RETURN        偏移，並進入狀態 135

    $預設  使用規則 25 以縮減 (block)

    decl       進入狀態 23
    type_decl  進入狀態 12
    var_decl   進入狀態 13
    type       進入狀態 138
    stmt_list  進入狀態 176
    stmt       進入狀態 140
    var_ref    進入狀態 141


狀態 138

   33 var_decl: type . init_id_list MK_SEMICOLON

    ID  偏移，並進入狀態 74

    init_id_list  進入狀態 25
    init_id       進入狀態 26


狀態 139

   24 block: stmt_list .
   59 stmt_list: stmt_list . stmt

    ID            偏移，並進入狀態 177
    IF            偏移，並進入狀態 130
    WHILE         偏移，並進入狀態 131
    FOR           偏移，並進入狀態 132
    MK_LBRACE     偏移，並進入狀態 133
    MK_SEMICOLON  偏移，並進入狀態 134
    RETURN        偏移，並進入狀態 135

    $預設  使用規則 24 以縮減 (block)

    stmt     進入狀態 178
    var_ref  進入狀態 141


狀態 140

   60 stmt_list: stmt .

    $預設  使用規則 60 以縮減 (stmt_list)


狀態 141

   64 stmt: var_ref . OP_ASSIGN relop_expr MK_SEMICOLON

    OP_ASSIGN  偏移，並進入狀態 179


狀態 142

    9 function_decl: ID ID MK_LPAREN param_list MK_RPAREN MK_LBRACE . block MK_RBRACE

    ID            偏移，並進入狀態 129
    INT           偏移，並進入狀態 3
    FLOAT         偏移，並進入狀態 4
    IF            偏移，並進入狀態 130
    WHILE         偏移，並進入狀態 131
    FOR           偏移，並進入狀態 132
    TYPEDEF       偏移，並進入狀態 5
    MK_LBRACE     偏移，並進入狀態 133
    MK_SEMICOLON  偏移，並進入狀態 134
    RETURN        偏移，並進入狀態 135

    $預設  使用規則 26 以縮減 (block)

    block      進入狀態 180
    decl_list  進入狀態 137
    decl       進入狀態 11
    type_decl  進入狀態 12
    var_decl   進入狀態 13
    type       進入狀態 138
    stmt_list  進入狀態 139
    stmt       進入狀態 140
    var_ref    進入狀態 141


狀態 143

   13 param_list: param_list MK_COMMA param .

    $預設  使用規則 13 以縮減 (param_list)


狀態 144

   17 param: type ID dim_fn .
   20 dim_fn: dim_fn . MK_LB expr MK_RB

    MK_LB  偏移，並進入狀態 167

    $預設  使用規則 17 以縮減 (param)


狀態 145

   42 dim_decl: dim_decl MK_LB cexpr MK_RB .

    $預設  使用規則 42 以縮減 (dim_decl)


狀態 146

   11 function_decl: VOID ID MK_LPAREN MK_RPAREN MK_LBRACE block . MK_RBRACE

    MK_RBRACE  偏移，並進入狀態 181


狀態 147

    8 function_decl: VOID ID MK_LPAREN param_list MK_RPAREN MK_LBRACE . block MK_RBRACE

    ID            偏移，並進入狀態 129
    INT           偏移，並進入狀態 3
    FLOAT         偏移，並進入狀態 4
    IF            偏移，並進入狀態 130
    WHILE         偏移，並進入狀態 131
    FOR           偏移，並進入狀態 132
    TYPEDEF       偏移，並進入狀態 5
    MK_LBRACE     偏移，並進入狀態 133
    MK_SEMICOLON  偏移，並進入狀態 134
    RETURN        偏移，並進入狀態 135

    $預設  使用規則 26 以縮減 (block)

    block      進入狀態 182
    decl_list  進入狀態 137
    decl       進入狀態 11
    type_decl  進入狀態 12
    var_decl   進入狀態 13
    type       進入狀態 138
    stmt_list  進入狀態 139
    stmt       進入狀態 140
    var_ref    進入狀態 141


狀態 148

   94 expr: expr . add_op term
  117 dim_list: MK_LB expr . MK_RB

    OP_PLUS   偏移，並進入狀態 113
    OP_MINUS  偏移，並進入狀態 114
    MK_RB     偏移，並進入狀態 183

    add_op  進入狀態 116


狀態 149

   79 relop_expr: relop_expr . OP_OR relop_term
   93 nonempty_relop_expr_list: relop_expr .

    OP_OR  偏移，並進入狀態 105

    $預設  使用規則 93 以縮減 (nonempty_relop_expr_list)


狀態 150

  108 factor: ID MK_LPAREN relop_expr_list . MK_RPAREN

    MK_RPAREN  偏移，並進入狀態 184


狀態 151

   90 relop_expr_list: nonempty_relop_expr_list .
   92 nonempty_relop_expr_list: nonempty_relop_expr_list . MK_COMMA relop_expr

    MK_COMMA  偏移，並進入狀態 185

    $預設  使用規則 90 以縮減 (relop_expr_list)


狀態 152

  116 dim_list: dim_list MK_LB . expr MK_RB

    ID         偏移，並進入狀態 60
    CONST      偏移，並進入狀態 61
    OP_NOT     偏移，並進入狀態 62
    OP_MINUS   偏移，並進入狀態 63
    MK_LPAREN  偏移，並進入狀態 64

    expr     進入狀態 186
    term     進入狀態 69
    factor   進入狀態 70
    var_ref  進入狀態 71


狀態 153

  110 factor: OP_NOT ID MK_LPAREN . relop_expr_list MK_RPAREN

    ID         偏移，並進入狀態 60
    CONST      偏移，並進入狀態 61
    OP_NOT     偏移，並進入狀態 62
    OP_MINUS   偏移，並進入狀態 63
    MK_LPAREN  偏移，並進入狀態 64

    $預設  使用規則 91 以縮減 (relop_expr_list)

    relop_expr                進入狀態 149
    relop_term                進入狀態 66
    relop_factor              進入狀態 67
    relop_expr_list           進入狀態 187
    nonempty_relop_expr_list  進入狀態 151
    expr                      進入狀態 68
    term                      進入狀態 69
    factor                    進入狀態 70
    var_ref                   進入狀態 71


狀態 154

   79 relop_expr: relop_expr . OP_OR relop_term
  104 factor: OP_NOT MK_LPAREN relop_expr . MK_RPAREN

    OP_OR      偏移，並進入狀態 105
    MK_RPAREN  偏移，並進入狀態 188


狀態 155

  109 factor: OP_MINUS ID MK_LPAREN . relop_expr_list MK_RPAREN

    ID         偏移，並進入狀態 60
    CONST      偏移，並進入狀態 61
    OP_NOT     偏移，並進入狀態 62
    OP_MINUS   偏移，並進入狀態 63
    MK_LPAREN  偏移，並進入狀態 64

    $預設  使用規則 91 以縮減 (relop_expr_list)

    relop_expr                進入狀態 149
    relop_term                進入狀態 66
    relop_factor              進入狀態 67
    relop_expr_list           進入狀態 189
    nonempty_relop_expr_list  進入狀態 151
    expr                      進入狀態 68
    term                      進入狀態 69
    factor                    進入狀態 70
    var_ref                   進入狀態 71


狀態 156

   79 relop_expr: relop_expr . OP_OR relop_term
  103 factor: OP_MINUS MK_LPAREN relop_expr . MK_RPAREN

    OP_OR      偏移，並進入狀態 105
    MK_RPAREN  偏移，並進入狀態 190


狀態 157

  102 factor: MK_LPAREN relop_expr MK_RPAREN .

    $預設  使用規則 102 以縮減 (factor)


狀態 158

   79 relop_expr: relop_expr OP_OR relop_term .
   81 relop_term: relop_term . OP_AND relop_factor

    OP_AND  偏移，並進入狀態 106

    $預設  使用規則 79 以縮減 (relop_expr)


狀態 159

   81 relop_term: relop_term OP_AND relop_factor .

    $預設  使用規則 81 以縮減 (relop_term)


狀態 160

   83 relop_factor: expr rel_op expr .
   94 expr: expr . add_op term

    OP_PLUS   偏移，並進入狀態 113
    OP_MINUS  偏移，並進入狀態 114

    $預設  使用規則 83 以縮減 (relop_factor)

    add_op  進入狀態 116


狀態 161

   94 expr: expr add_op term .
   98 term: term . mul_op factor

    OP_TIMES   偏移，並進入狀態 117
    OP_DIVIDE  偏移，並進入狀態 118

    $預設  使用規則 94 以縮減 (expr)

    mul_op  進入狀態 119


狀態 162

   98 term: term mul_op factor .

    $預設  使用規則 98 以縮減 (term)


狀態 163

   10 function_decl: type ID MK_LPAREN MK_RPAREN MK_LBRACE block . MK_RBRACE

    MK_RBRACE  偏移，並進入狀態 191


狀態 164

    7 function_decl: type ID MK_LPAREN param_list MK_RPAREN MK_LBRACE . block MK_RBRACE

    ID            偏移，並進入狀態 129
    INT           偏移，並進入狀態 3
    FLOAT         偏移，並進入狀態 4
    IF            偏移，並進入狀態 130
    WHILE         偏移，並進入狀態 131
    FOR           偏移，並進入狀態 132
    TYPEDEF       偏移，並進入狀態 5
    MK_LBRACE     偏移，並進入狀態 133
    MK_SEMICOLON  偏移，並進入狀態 134
    RETURN        偏移，並進入狀態 135

    $預設  使用規則 26 以縮減 (block)

    block      進入狀態 192
    decl_list  進入狀態 137
    decl       進入狀態 11
    type_decl  進入狀態 12
    var_decl   進入狀態 13
    type       進入狀態 138
    stmt_list  進入狀態 139
    stmt       進入狀態 140
    var_ref    進入狀態 141


狀態 165

   19 dim_fn: MK_LB expr_null . MK_RB

    MK_RB  偏移，並進入狀態 193


狀態 166

   21 expr_null: expr .
   94 expr: expr . add_op term

    OP_PLUS   偏移，並進入狀態 113
    OP_MINUS  偏移，並進入狀態 114

    $預設  使用規則 21 以縮減 (expr_null)

    add_op  進入狀態 116


狀態 167

   20 dim_fn: dim_fn MK_LB . expr MK_RB

    ID         偏移，並進入狀態 60
    CONST      偏移，並進入狀態 61
    OP_NOT     偏移，並進入狀態 62
    OP_MINUS   偏移，並進入狀態 63
    MK_LPAREN  偏移，並進入狀態 64

    expr     進入狀態 194
    term     進入狀態 69
    factor   進入狀態 70
    var_ref  進入狀態 71


狀態 168

   67 stmt: ID MK_LPAREN . relop_expr_list MK_RPAREN MK_SEMICOLON

    ID         偏移，並進入狀態 60
    CONST      偏移，並進入狀態 61
    OP_NOT     偏移，並進入狀態 62
    OP_MINUS   偏移，並進入狀態 63
    MK_LPAREN  偏移，並進入狀態 64

    $預設  使用規則 91 以縮減 (relop_expr_list)

    relop_expr                進入狀態 149
    relop_term                進入狀態 66
    relop_factor              進入狀態 67
    relop_expr_list           進入狀態 195
    nonempty_relop_expr_list  進入狀態 151
    expr                      進入狀態 68
    term                      進入狀態 69
    factor                    進入狀態 70
    var_ref                   進入狀態 71


狀態 169

   65 stmt: IF MK_LPAREN . test MK_RPAREN stmt
   66     | IF MK_LPAREN . test MK_RPAREN stmt ELSE stmt

    ID         偏移，並進入狀態 196
    CONST      偏移，並進入狀態 61
    OP_NOT     偏移，並進入狀態 62
    OP_MINUS   偏移，並進入狀態 63
    MK_LPAREN  偏移，並進入狀態 64

    test          進入狀態 197
    assign_expr   進入狀態 198
    relop_expr    進入狀態 199
    relop_term    進入狀態 66
    relop_factor  進入狀態 67
    expr          進入狀態 68
    term          進入狀態 69
    factor        進入狀態 70
    var_ref       進入狀態 71


狀態 170

   62 stmt: WHILE MK_LPAREN . test MK_RPAREN stmt

    ID         偏移，並進入狀態 196
    CONST      偏移，並進入狀態 61
    OP_NOT     偏移，並進入狀態 62
    OP_MINUS   偏移，並進入狀態 63
    MK_LPAREN  偏移，並進入狀態 64

    test          進入狀態 200
    assign_expr   進入狀態 198
    relop_expr    進入狀態 199
    relop_term    進入狀態 66
    relop_factor  進入狀態 67
    expr          進入狀態 68
    term          進入狀態 69
    factor        進入狀態 70
    var_ref       進入狀態 71


狀態 171

   63 stmt: FOR MK_LPAREN . assign_expr_list MK_SEMICOLON relop_expr_list MK_SEMICOLON assign_expr_list MK_RPAREN stmt

    ID         偏移，並進入狀態 196
    CONST      偏移，並進入狀態 61
    OP_NOT     偏移，並進入狀態 62
    OP_MINUS   偏移，並進入狀態 63
    MK_LPAREN  偏移，並進入狀態 64

    $預設  使用規則 72 以縮減 (assign_expr_list)

    assign_expr_list           進入狀態 201
    nonempty_assign_expr_list  進入狀態 202
    assign_expr                進入狀態 203
    relop_expr                 進入狀態 199
    relop_term                 進入狀態 66
    relop_factor               進入狀態 67
    expr                       進入狀態 68
    term                       進入狀態 69
    factor                     進入狀態 70
    var_ref                    進入狀態 71


狀態 172

   61 stmt: MK_LBRACE block . MK_RBRACE

    MK_RBRACE  偏移，並進入狀態 204


狀態 173

   69 stmt: RETURN MK_SEMICOLON .

    $預設  使用規則 69 以縮減 (stmt)


狀態 174

   70 stmt: RETURN relop_expr . MK_SEMICOLON
   79 relop_expr: relop_expr . OP_OR relop_term

    OP_OR         偏移，並進入狀態 105
    MK_SEMICOLON  偏移，並進入狀態 205


狀態 175

   12 function_decl: ID ID MK_LPAREN MK_RPAREN MK_LBRACE block MK_RBRACE .

    $預設  使用規則 12 以縮減 (function_decl)


狀態 176

   23 block: decl_list stmt_list .
   59 stmt_list: stmt_list . stmt

    ID            偏移，並進入狀態 177
    IF            偏移，並進入狀態 130
    WHILE         偏移，並進入狀態 131
    FOR           偏移，並進入狀態 132
    MK_LBRACE     偏移，並進入狀態 133
    MK_SEMICOLON  偏移，並進入狀態 134
    RETURN        偏移，並進入狀態 135

    $預設  使用規則 23 以縮減 (block)

    stmt     進入狀態 178
    var_ref  進入狀態 141


狀態 177

   67 stmt: ID . MK_LPAREN relop_expr_list MK_RPAREN MK_SEMICOLON
  114 var_ref: ID .
  115        | ID . dim_list

    MK_LB      偏移，並進入狀態 93
    MK_LPAREN  偏移，並進入狀態 168

    $預設  使用規則 114 以縮減 (var_ref)

    dim_list  進入狀態 95


狀態 178

   59 stmt_list: stmt_list stmt .

    $預設  使用規則 59 以縮減 (stmt_list)


狀態 179

   64 stmt: var_ref OP_ASSIGN . relop_expr MK_SEMICOLON

    ID         偏移，並進入狀態 60
    CONST      偏移，並進入狀態 61
    OP_NOT     偏移，並進入狀態 62
    OP_MINUS   偏移，並進入狀態 63
    MK_LPAREN  偏移，並進入狀態 64

    relop_expr    進入狀態 206
    relop_term    進入狀態 66
    relop_factor  進入狀態 67
    expr          進入狀態 68
    term          進入狀態 69
    factor        進入狀態 70
    var_ref       進入狀態 71


狀態 180

    9 function_decl: ID ID MK_LPAREN param_list MK_RPAREN MK_LBRACE block . MK_RBRACE

    MK_RBRACE  偏移，並進入狀態 207


狀態 181

   11 function_decl: VOID ID MK_LPAREN MK_RPAREN MK_LBRACE block MK_RBRACE .

    $預設  使用規則 11 以縮減 (function_decl)


狀態 182

    8 function_decl: VOID ID MK_LPAREN param_list MK_RPAREN MK_LBRACE block . MK_RBRACE

    MK_RBRACE  偏移，並進入狀態 208


狀態 183

  117 dim_list: MK_LB expr MK_RB .

    $預設  使用規則 117 以縮減 (dim_list)


狀態 184

  108 factor: ID MK_LPAREN relop_expr_list MK_RPAREN .

    $預設  使用規則 108 以縮減 (factor)


狀態 185

   92 nonempty_relop_expr_list: nonempty_relop_expr_list MK_COMMA . relop_expr

    ID         偏移，並進入狀態 60
    CONST      偏移，並進入狀態 61
    OP_NOT     偏移，並進入狀態 62
    OP_MINUS   偏移，並進入狀態 63
    MK_LPAREN  偏移，並進入狀態 64

    relop_expr    進入狀態 209
    relop_term    進入狀態 66
    relop_factor  進入狀態 67
    expr          進入狀態 68
    term          進入狀態 69
    factor        進入狀態 70
    var_ref       進入狀態 71


狀態 186

   94 expr: expr . add_op term
  116 dim_list: dim_list MK_LB expr . MK_RB

    OP_PLUS   偏移，並進入狀態 113
    OP_MINUS  偏移，並進入狀態 114
    MK_RB     偏移，並進入狀態 210

    add_op  進入狀態 116


狀態 187

  110 factor: OP_NOT ID MK_LPAREN relop_expr_list . MK_RPAREN

    MK_RPAREN  偏移，並進入狀態 211


狀態 188

  104 factor: OP_NOT MK_LPAREN relop_expr MK_RPAREN .

    $預設  使用規則 104 以縮減 (factor)


狀態 189

  109 factor: OP_MINUS ID MK_LPAREN relop_expr_list . MK_RPAREN

    MK_RPAREN  偏移，並進入狀態 212


狀態 190

  103 factor: OP_MINUS MK_LPAREN relop_expr MK_RPAREN .

    $預設  使用規則 103 以縮減 (factor)


狀態 191

   10 function_decl: type ID MK_LPAREN MK_RPAREN MK_LBRACE block MK_RBRACE .

    $預設  使用規則 10 以縮減 (function_decl)


狀態 192

    7 function_decl: type ID MK_LPAREN param_list MK_RPAREN MK_LBRACE block . MK_RBRACE

    MK_RBRACE  偏移，並進入狀態 213


狀態 193

   19 dim_fn: MK_LB expr_null MK_RB .

    $預設  使用規則 19 以縮減 (dim_fn)


狀態 194

   20 dim_fn: dim_fn MK_LB expr . MK_RB
   94 expr: expr . add_op term

    OP_PLUS   偏移，並進入狀態 113
    OP_MINUS  偏移，並進入狀態 114
    MK_RB     偏移，並進入狀態 214

    add_op  進入狀態 116


狀態 195

   67 stmt: ID MK_LPAREN relop_expr_list . MK_RPAREN MK_SEMICOLON

    MK_RPAREN  偏移，並進入狀態 215


狀態 196

   76 assign_expr: ID . OP_ASSIGN relop_expr
  108 factor: ID . MK_LPAREN relop_expr_list MK_RPAREN
  114 var_ref: ID .
  115        | ID . dim_list

    OP_ASSIGN  偏移，並進入狀態 216
    MK_LB      偏移，並進入狀態 93
    MK_LPAREN  偏移，並進入狀態 94

    $預設  使用規則 114 以縮減 (var_ref)

    dim_list  進入狀態 95


狀態 197

   65 stmt: IF MK_LPAREN test . MK_RPAREN stmt
   66     | IF MK_LPAREN test . MK_RPAREN stmt ELSE stmt

    MK_RPAREN  偏移，並進入狀態 217


狀態 198

   75 test: assign_expr .

    $預設  使用規則 75 以縮減 (test)


狀態 199

   77 assign_expr: relop_expr .
   79 relop_expr: relop_expr . OP_OR relop_term

    OP_OR  偏移，並進入狀態 105

    $預設  使用規則 77 以縮減 (assign_expr)


狀態 200

   62 stmt: WHILE MK_LPAREN test . MK_RPAREN stmt

    MK_RPAREN  偏移，並進入狀態 218


狀態 201

   63 stmt: FOR MK_LPAREN assign_expr_list . MK_SEMICOLON relop_expr_list MK_SEMICOLON assign_expr_list MK_RPAREN stmt

    MK_SEMICOLON  偏移，並進入狀態 219


狀態 202

   71 assign_expr_list: nonempty_assign_expr_list .
   73 nonempty_assign_expr_list: nonempty_assign_expr_list . MK_COMMA assign_expr

    MK_COMMA  偏移，並進入狀態 220

    $預設  使用規則 71 以縮減 (assign_expr_list)


狀態 203

   74 nonempty_assign_expr_list: assign_expr .

    $預設  使用規則 74 以縮減 (nonempty_assign_expr_list)


狀態 204

   61 stmt: MK_LBRACE block MK_RBRACE .

    $預設  使用規則 61 以縮減 (stmt)


狀態 205

   70 stmt: RETURN relop_expr MK_SEMICOLON .

    $預設  使用規則 70 以縮減 (stmt)


狀態 206

   64 stmt: var_ref OP_ASSIGN relop_expr . MK_SEMICOLON
   79 relop_expr: relop_expr . OP_OR relop_term

    OP_OR         偏移，並進入狀態 105
    MK_SEMICOLON  偏移，並進入狀態 221


狀態 207

    9 function_decl: ID ID MK_LPAREN param_list MK_RPAREN MK_LBRACE block MK_RBRACE .

    $預設  使用規則 9 以縮減 (function_decl)


狀態 208

    8 function_decl: VOID ID MK_LPAREN param_list MK_RPAREN MK_LBRACE block MK_RBRACE .

    $預設  使用規則 8 以縮減 (function_decl)


狀態 209

   79 relop_expr: relop_expr . OP_OR relop_term
   92 nonempty_relop_expr_list: nonempty_relop_expr_list MK_COMMA relop_expr .

    OP_OR  偏移，並進入狀態 105

    $預設  使用規則 92 以縮減 (nonempty_relop_expr_list)


狀態 210

  116 dim_list: dim_list MK_LB expr MK_RB .

    $預設  使用規則 116 以縮減 (dim_list)


狀態 211

  110 factor: OP_NOT ID MK_LPAREN relop_expr_list MK_RPAREN .

    $預設  使用規則 110 以縮減 (factor)


狀態 212

  109 factor: OP_MINUS ID MK_LPAREN relop_expr_list MK_RPAREN .

    $預設  使用規則 109 以縮減 (factor)


狀態 213

    7 function_decl: type ID MK_LPAREN param_list MK_RPAREN MK_LBRACE block MK_RBRACE .

    $預設  使用規則 7 以縮減 (function_decl)


狀態 214

   20 dim_fn: dim_fn MK_LB expr MK_RB .

    $預設  使用規則 20 以縮減 (dim_fn)


狀態 215

   67 stmt: ID MK_LPAREN relop_expr_list MK_RPAREN . MK_SEMICOLON

    MK_SEMICOLON  偏移，並進入狀態 222


狀態 216

   76 assign_expr: ID OP_ASSIGN . relop_expr

    ID         偏移，並進入狀態 60
    CONST      偏移，並進入狀態 61
    OP_NOT     偏移，並進入狀態 62
    OP_MINUS   偏移，並進入狀態 63
    MK_LPAREN  偏移，並進入狀態 64

    relop_expr    進入狀態 223
    relop_term    進入狀態 66
    relop_factor  進入狀態 67
    expr          進入狀態 68
    term          進入狀態 69
    factor        進入狀態 70
    var_ref       進入狀態 71


狀態 217

   65 stmt: IF MK_LPAREN test MK_RPAREN . stmt
   66     | IF MK_LPAREN test MK_RPAREN . stmt ELSE stmt

    ID            偏移，並進入狀態 177
    IF            偏移，並進入狀態 130
    WHILE         偏移，並進入狀態 131
    FOR           偏移，並進入狀態 132
    MK_LBRACE     偏移，並進入狀態 133
    MK_SEMICOLON  偏移，並進入狀態 134
    RETURN        偏移，並進入狀態 135

    stmt     進入狀態 224
    var_ref  進入狀態 141


狀態 218

   62 stmt: WHILE MK_LPAREN test MK_RPAREN . stmt

    ID            偏移，並進入狀態 177
    IF            偏移，並進入狀態 130
    WHILE         偏移，並進入狀態 131
    FOR           偏移，並進入狀態 132
    MK_LBRACE     偏移，並進入狀態 133
    MK_SEMICOLON  偏移，並進入狀態 134
    RETURN        偏移，並進入狀態 135

    stmt     進入狀態 225
    var_ref  進入狀態 141


狀態 219

   63 stmt: FOR MK_LPAREN assign_expr_list MK_SEMICOLON . relop_expr_list MK_SEMICOLON assign_expr_list MK_RPAREN stmt

    ID         偏移，並進入狀態 60
    CONST      偏移，並進入狀態 61
    OP_NOT     偏移，並進入狀態 62
    OP_MINUS   偏移，並進入狀態 63
    MK_LPAREN  偏移，並進入狀態 64

    $預設  使用規則 91 以縮減 (relop_expr_list)

    relop_expr                進入狀態 149
    relop_term                進入狀態 66
    relop_factor              進入狀態 67
    relop_expr_list           進入狀態 226
    nonempty_relop_expr_list  進入狀態 151
    expr                      進入狀態 68
    term                      進入狀態 69
    factor                    進入狀態 70
    var_ref                   進入狀態 71


狀態 220

   73 nonempty_assign_expr_list: nonempty_assign_expr_list MK_COMMA . assign_expr

    ID         偏移，並進入狀態 196
    CONST      偏移，並進入狀態 61
    OP_NOT     偏移，並進入狀態 62
    OP_MINUS   偏移，並進入狀態 63
    MK_LPAREN  偏移，並進入狀態 64

    assign_expr   進入狀態 227
    relop_expr    進入狀態 199
    relop_term    進入狀態 66
    relop_factor  進入狀態 67
    expr          進入狀態 68
    term          進入狀態 69
    factor        進入狀態 70
    var_ref       進入狀態 71


狀態 221

   64 stmt: var_ref OP_ASSIGN relop_expr MK_SEMICOLON .

    $預設  使用規則 64 以縮減 (stmt)


狀態 222

   67 stmt: ID MK_LPAREN relop_expr_list MK_RPAREN MK_SEMICOLON .

    $預設  使用規則 67 以縮減 (stmt)


狀態 223

   76 assign_expr: ID OP_ASSIGN relop_expr .
   79 relop_expr: relop_expr . OP_OR relop_term

    OP_OR  偏移，並進入狀態 105

    $預設  使用規則 76 以縮減 (assign_expr)


狀態 224

   65 stmt: IF MK_LPAREN test MK_RPAREN stmt .
   66     | IF MK_LPAREN test MK_RPAREN stmt . ELSE stmt

    ELSE  偏移，並進入狀態 228

    ELSE     [使用規則 65 以縮減 (stmt)]
    $預設  使用規則 65 以縮減 (stmt)


狀態 225

   62 stmt: WHILE MK_LPAREN test MK_RPAREN stmt .

    $預設  使用規則 62 以縮減 (stmt)


狀態 226

   63 stmt: FOR MK_LPAREN assign_expr_list MK_SEMICOLON relop_expr_list . MK_SEMICOLON assign_expr_list MK_RPAREN stmt

    MK_SEMICOLON  偏移，並進入狀態 229


狀態 227

   73 nonempty_assign_expr_list: nonempty_assign_expr_list MK_COMMA assign_expr .

    $預設  使用規則 73 以縮減 (nonempty_assign_expr_list)


狀態 228

   66 stmt: IF MK_LPAREN test MK_RPAREN stmt ELSE . stmt

    ID            偏移，並進入狀態 177
    IF            偏移，並進入狀態 130
    WHILE         偏移，並進入狀態 131
    FOR           偏移，並進入狀態 132
    MK_LBRACE     偏移，並進入狀態 133
    MK_SEMICOLON  偏移，並進入狀態 134
    RETURN        偏移，並進入狀態 135

    stmt     進入狀態 230
    var_ref  進入狀態 141


狀態 229

   63 stmt: FOR MK_LPAREN assign_expr_list MK_SEMICOLON relop_expr_list MK_SEMICOLON . assign_expr_list MK_RPAREN stmt

    ID         偏移，並進入狀態 196
    CONST      偏移，並進入狀態 61
    OP_NOT     偏移，並進入狀態 62
    OP_MINUS   偏移，並進入狀態 63
    MK_LPAREN  偏移，並進入狀態 64

    $預設  使用規則 72 以縮減 (assign_expr_list)

    assign_expr_list           進入狀態 231
    nonempty_assign_expr_list  進入狀態 202
    assign_expr                進入狀態 203
    relop_expr                 進入狀態 199
    relop_term                 進入狀態 66
    relop_factor               進入狀態 67
    expr                       進入狀態 68
    term                       進入狀態 69
    factor                     進入狀態 70
    var_ref                    進入狀態 71


狀態 230

   66 stmt: IF MK_LPAREN test MK_RPAREN stmt ELSE stmt .

    $預設  使用規則 66 以縮減 (stmt)


狀態 231

   63 stmt: FOR MK_LPAREN assign_expr_list MK_SEMICOLON relop_expr_list MK_SEMICOLON assign_expr_list . MK_RPAREN stmt

    MK_RPAREN  偏移，並進入狀態 232


狀態 232

   63 stmt: FOR MK_LPAREN assign_expr_list MK_SEMICOLON relop_expr_list MK_SEMICOLON assign_expr_list MK_RPAREN . stmt

    ID            偏移，並進入狀態 177
    IF            偏移，並進入狀態 130
    WHILE         偏移，並進入狀態 131
    FOR           偏移，並進入狀態 132
    MK_LBRACE     偏移，並進入狀態 133
    MK_SEMICOLON  偏移，並進入狀態 134
    RETURN        偏移，並進入狀態 135

    stmt     進入狀態 233
    var_ref  進入狀態 141


狀態 233

   63 stmt: FOR MK_LPAREN assign_expr_list MK_SEMICOLON relop_expr_list MK_SEMICOLON assign_expr_list MK_RPAREN stmt .

    $預設  使用規則 63 以縮減 (stmt)
